2025-04-30 09:59:41:Args: Namespace(adv_cfg_path='config.DGFNet_cfg', data_aug=True, features_dir='data_argo/features/', logger_writer=True, mode='train', model_path=None, no_pbar=False, rank_metric='brier_fde_k', resume=False, seed=42, train_batch_size=8, train_epoches=50, use_cuda=True, val_batch_size=16, val_interval=2)

2025-04-30 09:59:41:Project Path: /home/deng/DGFNet-main
2025-04-30 09:59:41:Datetime: 20250430-095941

2025-04-30 09:59:41:Commit Msg: fatal: 不是 git 仓库（或者直至挂载点 / 的任何父目录）
停止在文件系统边界（未设置 GIT_DISCOVERY_ACROSS_FILESYSTEM）。

2025-04-30 09:59:41:======================================

2025-04-30 09:59:44:
Epoch 0
2025-04-30 12:04:08:[Training] Avg. loss: 0.711955, time cost: 1.24e+02 mins, lr: 5e-05, peak mem: 10071 MB
2025-04-30 12:04:08:-- braids_precision_01: 0.005 braids_recall_01: 0.873 braids_f1_01: 0.011 braids_precision_02: 0.005 braids_recall_02: 0.191 braids_f1_02: 0.009 braids_precision_03: 0.001 braids_recall_03: 0.012 braids_f1_03: 0.002 braids_precision_04: 0.002 braids_recall_04: 0.002 braids_f1_04: 0.000 braids_precision_05: 0.000 braids_recall_05: 0.000 braids_f1_05: 0.000 braids_precision_06: 0.000 braids_recall_06: 0.000 braids_f1_06: 0.000 braids_precision_07: 0.000 braids_recall_07: 0.000 braids_f1_07: 0.000 braids_precision_08: 0.000 braids_recall_08: 0.000 braids_f1_08: 0.000 braids_precision_09: 0.000 braids_recall_09: 0.000 braids_f1_09: 0.000 minade_1: 2.439 minfde_1: 5.305 mr_1: 0.704 brier_fde_1: 5.305 minade_k: 1.352 minfde_k: 2.271 mr_k: 0.283 brier_fde_k: 2.890 
2025-04-30 12:04:08:
Epoch 1
2025-04-30 01:25:43:[Training] Avg. loss: 0.53443, time cost: 81.6 mins, lr: 0.00014, peak mem: 10076 MB
2025-04-30 01:25:43:-- braids_precision_01: 0.014 braids_recall_01: 0.906 braids_f1_01: 0.027 braids_precision_02: 0.031 braids_recall_02: 0.469 braids_f1_02: 0.057 braids_precision_03: 0.140 braids_recall_03: 0.155 braids_f1_03: 0.126 braids_precision_04: 0.128 braids_recall_04: 0.020 braids_f1_04: 0.032 braids_precision_05: 0.008 braids_recall_05: 0.001 braids_f1_05: 0.001 braids_precision_06: 0.000 braids_recall_06: 0.000 braids_f1_06: 0.000 braids_precision_07: 0.000 braids_recall_07: 0.000 braids_f1_07: 0.000 braids_precision_08: 0.000 braids_recall_08: 0.000 braids_f1_08: 0.000 braids_precision_09: 0.000 braids_recall_09: 0.000 braids_f1_09: 0.000 minade_1: 1.949 minfde_1: 4.282 mr_1: 0.651 brier_fde_1: 4.282 minade_k: 0.958 minfde_k: 1.580 mr_k: 0.196 brier_fde_k: 2.200 
2025-04-30 01:39:48:[Validation] Avg. loss: 0.467856, time cost: 14.1 mins
2025-04-30 01:39:48:-- braids_precision_01: 0.014 braids_recall_01: 0.951 braids_f1_01: 0.027 braids_precision_02: 0.032 braids_recall_02: 0.649 braids_f1_02: 0.060 braids_precision_03: 0.172 braids_recall_03: 0.340 braids_f1_03: 0.218 braids_precision_04: 0.336 braids_recall_04: 0.082 braids_f1_04: 0.122 braids_precision_05: 0.117 braids_recall_05: 0.008 braids_f1_05: 0.015 braids_precision_06: 0.002 braids_recall_06: 0.000 braids_f1_06: 0.000 braids_precision_07: 0.000 braids_recall_07: 0.000 braids_f1_07: 0.000 braids_precision_08: 0.000 braids_recall_08: 0.000 braids_f1_08: 0.000 braids_precision_09: 0.000 braids_recall_09: 0.000 braids_f1_09: 0.000 minade_1: 1.590 minfde_1: 3.442 mr_1: 0.575 brier_fde_1: 3.442 minade_k: 0.825 minfde_k: 1.325 mr_k: 0.139 brier_fde_k: 1.912 
2025-04-30 01:39:48:
Epoch 2
2025-04-30 03:00:58:[Training] Avg. loss: 0.492931, time cost: 81.1 mins, lr: 0.00023, peak mem: 9856 MB
2025-04-30 03:00:58:-- braids_precision_01: 0.021 braids_recall_01: 0.935 braids_f1_01: 0.041 braids_precision_02: 0.066 braids_recall_02: 0.659 braids_f1_02: 0.117 braids_precision_03: 0.248 braids_recall_03: 0.346 braids_f1_03: 0.266 braids_precision_04: 0.325 braids_recall_04: 0.088 braids_f1_04: 0.125 braids_precision_05: 0.093 braids_recall_05: 0.010 braids_f1_05: 0.018 braids_precision_06: 0.010 braids_recall_06: 0.001 braids_f1_06: 0.001 braids_precision_07: 0.000 braids_recall_07: 0.000 braids_f1_07: 0.000 braids_precision_08: 0.000 braids_recall_08: 0.000 braids_f1_08: 0.000 braids_precision_09: 0.000 braids_recall_09: 0.000 braids_f1_09: 0.000 minade_1: 1.857 minfde_1: 4.060 mr_1: 0.627 brier_fde_1: 4.060 minade_k: 0.916 minfde_k: 1.475 mr_k: 0.177 brier_fde_k: 2.093 
2025-04-30 03:00:58:
Epoch 3
2025-04-30 04:21:33:[Training] Avg. loss: 0.464534, time cost: 80.6 mins, lr: 0.00032, peak mem: 9902 MB
2025-04-30 04:21:33:-- braids_precision_01: 0.027 braids_recall_01: 0.951 braids_f1_01: 0.052 braids_precision_02: 0.090 braids_recall_02: 0.764 braids_f1_02: 0.156 braids_precision_03: 0.259 braids_recall_03: 0.458 braids_f1_03: 0.311 braids_precision_04: 0.412 braids_recall_04: 0.149 braids_f1_04: 0.198 braids_precision_05: 0.240 braids_recall_05: 0.032 braids_f1_05: 0.053 braids_precision_06: 0.051 braids_recall_06: 0.005 braids_f1_06: 0.008 braids_precision_07: 0.003 braids_recall_07: 0.000 braids_f1_07: 0.000 braids_precision_08: 0.000 braids_recall_08: 0.000 braids_f1_08: 0.000 braids_precision_09: 0.000 braids_recall_09: 0.000 braids_f1_09: 0.000 minade_1: 1.799 minfde_1: 3.924 mr_1: 0.608 brier_fde_1: 3.924 minade_k: 0.887 minfde_k: 1.410 mr_k: 0.164 brier_fde_k: 2.024 
2025-04-30 04:29:14:[Validation] Avg. loss: 0.425869, time cost: 7.68 mins
2025-04-30 04:29:14:-- braids_precision_01: 0.023 braids_recall_01: 0.961 braids_f1_01: 0.044 braids_precision_02: 0.083 braids_recall_02: 0.798 braids_f1_02: 0.149 braids_precision_03: 0.234 braids_recall_03: 0.507 braids_f1_03: 0.311 braids_precision_04: 0.444 braids_recall_04: 0.160 braids_f1_04: 0.218 braids_precision_05: 0.417 braids_recall_05: 0.051 braids_f1_05: 0.087 braids_precision_06: 0.191 braids_recall_06: 0.014 braids_f1_06: 0.026 braids_precision_07: 0.027 braids_recall_07: 0.001 braids_f1_07: 0.002 braids_precision_08: 0.000 braids_recall_08: 0.000 braids_f1_08: 0.000 braids_precision_09: 0.000 braids_recall_09: 0.000 braids_f1_09: 0.000 minade_1: 1.462 minfde_1: 3.144 mr_1: 0.542 brier_fde_1: 3.144 minade_k: 0.775 minfde_k: 1.190 mr_k: 0.123 brier_fde_k: 1.767 
2025-04-30 04:29:14:
Epoch 4
2025-04-30 05:46:23:[Training] Avg. loss: 0.448258, time cost: 77.2 mins, lr: 0.00041, peak mem: 10498 MB
2025-04-30 05:46:23:-- braids_precision_01: 0.030 braids_recall_01: 0.957 braids_f1_01: 0.058 braids_precision_02: 0.099 braids_recall_02: 0.802 braids_f1_02: 0.171 braids_precision_03: 0.258 braids_recall_03: 0.515 braids_f1_03: 0.326 braids_precision_04: 0.434 braids_recall_04: 0.182 braids_f1_04: 0.232 braids_precision_05: 0.314 braids_recall_05: 0.047 braids_f1_05: 0.077 braids_precision_06: 0.099 braids_recall_06: 0.010 braids_f1_06: 0.017 braids_precision_07: 0.010 braids_recall_07: 0.001 braids_f1_07: 0.001 braids_precision_08: 0.000 braids_recall_08: 0.000 braids_f1_08: 0.000 braids_precision_09: 0.000 braids_recall_09: 0.000 braids_f1_09: 0.000 minade_1: 1.751 minfde_1: 3.824 mr_1: 0.595 brier_fde_1: 3.824 minade_k: 0.867 minfde_k: 1.368 mr_k: 0.155 brier_fde_k: 1.980 
2025-04-30 05:46:23:
Epoch 5
2025-04-30 07:04:00:[Training] Avg. loss: 0.441022, time cost: 77.6 mins, lr: 0.0005, peak mem: 9685 MB
2025-04-30 07:04:00:-- braids_precision_01: 0.032 braids_recall_01: 0.960 braids_f1_01: 0.062 braids_precision_02: 0.106 braids_recall_02: 0.818 braids_f1_02: 0.184 braids_precision_03: 0.273 braids_recall_03: 0.544 braids_f1_03: 0.347 braids_precision_04: 0.453 braids_recall_04: 0.205 braids_f1_04: 0.256 braids_precision_05: 0.360 braids_recall_05: 0.058 braids_f1_05: 0.093 braids_precision_06: 0.126 braids_recall_06: 0.013 braids_f1_06: 0.022 braids_precision_07: 0.015 braids_recall_07: 0.001 braids_f1_07: 0.002 braids_precision_08: 0.001 braids_recall_08: 0.000 braids_f1_08: 0.000 braids_precision_09: 0.000 braids_recall_09: 0.000 braids_f1_09: 0.000 minade_1: 1.739 minfde_1: 3.801 mr_1: 0.591 brier_fde_1: 3.801 minade_k: 0.862 minfde_k: 1.357 mr_k: 0.152 brier_fde_k: 1.969 
2025-04-30 07:11:43:[Validation] Avg. loss: 0.440615, time cost: 7.72 mins
2025-04-30 07:11:43:-- braids_precision_01: 0.030 braids_recall_01: 0.964 braids_f1_01: 0.058 braids_precision_02: 0.105 braids_recall_02: 0.805 braids_f1_02: 0.184 braids_precision_03: 0.282 braids_recall_03: 0.499 braids_f1_03: 0.349 braids_precision_04: 0.527 braids_recall_04: 0.138 braids_f1_04: 0.203 braids_precision_05: 0.451 braids_recall_05: 0.047 braids_f1_05: 0.081 braids_precision_06: 0.132 braids_recall_06: 0.008 braids_f1_06: 0.014 braids_precision_07: 0.001 braids_recall_07: 0.000 braids_f1_07: 0.000 braids_precision_08: 0.000 braids_recall_08: 0.000 braids_f1_08: 0.000 braids_precision_09: 0.000 braids_recall_09: 0.000 braids_f1_09: 0.000 minade_1: 1.615 minfde_1: 3.463 mr_1: 0.597 brier_fde_1: 3.463 minade_k: 0.782 minfde_k: 1.196 mr_k: 0.119 brier_fde_k: 1.808 
2025-04-30 07:11:43:
Epoch 6
2025-04-30 08:29:19:[Training] Avg. loss: 0.428851, time cost: 77.6 mins, lr: 0.00049, peak mem: 9484 MB
2025-04-30 08:29:19:-- braids_precision_01: 0.034 braids_recall_01: 0.964 braids_f1_01: 0.065 braids_precision_02: 0.112 braids_recall_02: 0.836 braids_f1_02: 0.192 braids_precision_03: 0.272 braids_recall_03: 0.574 braids_f1_03: 0.353 braids_precision_04: 0.453 braids_recall_04: 0.231 braids_f1_04: 0.277 braids_precision_05: 0.400 braids_recall_05: 0.072 braids_f1_05: 0.114 braids_precision_06: 0.176 braids_recall_06: 0.020 braids_f1_06: 0.034 braids_precision_07: 0.035 braids_recall_07: 0.003 braids_f1_07: 0.005 braids_precision_08: 0.002 braids_recall_08: 0.000 braids_f1_08: 0.000 braids_precision_09: 0.000 braids_recall_09: 0.000 braids_f1_09: 0.000 minade_1: 1.696 minfde_1: 3.709 mr_1: 0.577 brier_fde_1: 3.709 minade_k: 0.841 minfde_k: 1.315 mr_k: 0.145 brier_fde_k: 1.925 
2025-04-30 08:29:19:
Epoch 7
2025-04-30 09:46:40:[Training] Avg. loss: 0.425496, time cost: 77.4 mins, lr: 0.00048, peak mem: 9720 MB
2025-04-30 09:46:40:-- braids_precision_01: 0.036 braids_recall_01: 0.967 braids_f1_01: 0.069 braids_precision_02: 0.119 braids_recall_02: 0.851 braids_f1_02: 0.204 braids_precision_03: 0.281 braids_recall_03: 0.598 braids_f1_03: 0.366 braids_precision_04: 0.462 braids_recall_04: 0.251 braids_f1_04: 0.296 braids_precision_05: 0.432 braids_recall_05: 0.084 braids_f1_05: 0.130 braids_precision_06: 0.236 braids_recall_06: 0.028 braids_f1_06: 0.048 braids_precision_07: 0.076 braids_recall_07: 0.007 braids_f1_07: 0.012 braids_precision_08: 0.011 braids_recall_08: 0.001 braids_f1_08: 0.002 braids_precision_09: 0.000 braids_recall_09: 0.000 braids_f1_09: 0.000 minade_1: 1.678 minfde_1: 3.673 mr_1: 0.570 brier_fde_1: 3.673 minade_k: 0.831 minfde_k: 1.296 mr_k: 0.142 brier_fde_k: 1.907 
2025-04-30 09:54:19:[Validation] Avg. loss: 0.416837, time cost: 7.65 mins
2025-04-30 09:54:19:-- braids_precision_01: 0.025 braids_recall_01: 0.967 braids_f1_01: 0.049 braids_precision_02: 0.111 braids_recall_02: 0.826 braids_f1_02: 0.192 braids_precision_03: 0.279 braids_recall_03: 0.525 braids_f1_03: 0.354 braids_precision_04: 0.502 braids_recall_04: 0.185 braids_f1_04: 0.253 braids_precision_05: 0.550 braids_recall_05: 0.082 braids_f1_05: 0.135 braids_precision_06: 0.394 braids_recall_06: 0.033 braids_f1_06: 0.058 braids_precision_07: 0.114 braids_recall_07: 0.006 braids_f1_07: 0.011 braids_precision_08: 0.003 braids_recall_08: 0.000 braids_f1_08: 0.000 braids_precision_09: 0.000 braids_recall_09: 0.000 braids_f1_09: 0.000 minade_1: 1.413 minfde_1: 3.068 mr_1: 0.525 brier_fde_1: 3.068 minade_k: 0.750 minfde_k: 1.133 mr_k: 0.114 brier_fde_k: 1.738 
2025-04-30 09:54:19:
Epoch 8
2025-04-30 11:11:26:[Training] Avg. loss: 0.424834, time cost: 77.1 mins, lr: 0.00047, peak mem: 10294 MB
2025-04-30 11:11:26:-- braids_precision_01: 0.039 braids_recall_01: 0.970 braids_f1_01: 0.074 braids_precision_02: 0.123 braids_recall_02: 0.862 braids_f1_02: 0.211 braids_precision_03: 0.285 braids_recall_03: 0.617 braids_f1_03: 0.375 braids_precision_04: 0.468 braids_recall_04: 0.271 braids_f1_04: 0.313 braids_precision_05: 0.456 braids_recall_05: 0.093 braids_f1_05: 0.143 braids_precision_06: 0.268 braids_recall_06: 0.034 braids_f1_06: 0.057 braids_precision_07: 0.096 braids_recall_07: 0.009 braids_f1_07: 0.016 braids_precision_08: 0.016 braids_recall_08: 0.001 braids_f1_08: 0.002 braids_precision_09: 0.001 braids_recall_09: 0.000 braids_f1_09: 0.000 minade_1: 1.631 minfde_1: 3.569 mr_1: 0.557 brier_fde_1: 3.569 minade_k: 0.804 minfde_k: 1.236 mr_k: 0.130 brier_fde_k: 1.846 
2025-04-30 11:11:26:
Epoch 9
2025-05-01 12:28:32:[Training] Avg. loss: 0.415194, time cost: 77.1 mins, lr: 0.00046, peak mem: 9747 MB
2025-05-01 12:28:32:-- braids_precision_01: 0.040 braids_recall_01: 0.972 braids_f1_01: 0.076 braids_precision_02: 0.125 braids_recall_02: 0.868 braids_f1_02: 0.213 braids_precision_03: 0.288 braids_recall_03: 0.630 braids_f1_03: 0.379 braids_precision_04: 0.469 braids_recall_04: 0.286 braids_f1_04: 0.324 braids_precision_05: 0.467 braids_recall_05: 0.099 braids_f1_05: 0.150 braids_precision_06: 0.284 braids_recall_06: 0.038 braids_f1_06: 0.063 braids_precision_07: 0.110 braids_recall_07: 0.011 braids_f1_07: 0.019 braids_precision_08: 0.023 braids_recall_08: 0.002 braids_f1_08: 0.003 braids_precision_09: 0.003 braids_recall_09: 0.000 braids_f1_09: 0.000 minade_1: 1.619 minfde_1: 3.544 mr_1: 0.553 brier_fde_1: 3.544 minade_k: 0.802 minfde_k: 1.231 mr_k: 0.129 brier_fde_k: 1.841 
2025-05-01 12:36:11:[Validation] Avg. loss: 0.404824, time cost: 7.65 mins
2025-05-01 12:36:11:-- braids_precision_01: 0.032 braids_recall_01: 0.969 braids_f1_01: 0.061 braids_precision_02: 0.109 braids_recall_02: 0.855 braids_f1_02: 0.190 braids_precision_03: 0.262 braids_recall_03: 0.605 braids_f1_03: 0.356 braids_precision_04: 0.449 braids_recall_04: 0.266 braids_f1_04: 0.314 braids_precision_05: 0.551 braids_recall_05: 0.120 braids_f1_05: 0.183 braids_precision_06: 0.522 braids_recall_06: 0.070 braids_f1_06: 0.117 braids_precision_07: 0.376 braids_recall_07: 0.032 braids_f1_07: 0.058 braids_precision_08: 0.130 braids_recall_08: 0.008 braids_f1_08: 0.014 braids_precision_09: 0.006 braids_recall_09: 0.000 braids_f1_09: 0.000 minade_1: 1.487 minfde_1: 3.144 mr_1: 0.545 brier_fde_1: 3.144 minade_k: 0.737 minfde_k: 1.114 mr_k: 0.107 brier_fde_k: 1.689 
2025-05-01 12:36:11:
Epoch 10
2025-05-01 01:53:13:[Training] Avg. loss: 0.410719, time cost: 77.0 mins, lr: 0.00045, peak mem: 9836 MB
2025-05-01 01:53:13:-- braids_precision_01: 0.017 braids_recall_01: 0.972 braids_f1_01: 0.032 braids_precision_02: 0.076 braids_recall_02: 0.870 braids_f1_02: 0.132 braids_precision_03: 0.236 braids_recall_03: 0.637 braids_f1_03: 0.316 braids_precision_04: 0.459 braids_recall_04: 0.294 braids_f1_04: 0.327 braids_precision_05: 0.467 braids_recall_05: 0.103 braids_f1_05: 0.156 braids_precision_06: 0.300 braids_recall_06: 0.041 braids_f1_06: 0.068 braids_precision_07: 0.127 braids_recall_07: 0.013 braids_f1_07: 0.022 braids_precision_08: 0.023 braids_recall_08: 0.002 braids_f1_08: 0.003 braids_precision_09: 0.001 braids_recall_09: 0.000 braids_f1_09: 0.000 minade_1: 1.606 minfde_1: 3.514 mr_1: 0.550 brier_fde_1: 3.514 minade_k: 0.794 minfde_k: 1.220 mr_k: 0.128 brier_fde_k: 1.830 
2025-05-01 01:53:13:Save the model to saved_models/20250430-095941_DGFNet_ckpt_epoch10.tar
2025-05-01 01:53:13:
Epoch 11
2025-05-01 03:10:18:[Training] Avg. loss: 0.400184, time cost: 77.1 mins, lr: 0.00044, peak mem: 9677 MB
2025-05-01 03:10:18:-- braids_precision_01: 0.010 braids_recall_01: 0.974 braids_f1_01: 0.019 braids_precision_02: 0.018 braids_recall_02: 0.876 braids_f1_02: 0.033 braids_precision_03: 0.127 braids_recall_03: 0.647 braids_f1_03: 0.172 braids_precision_04: 0.465 braids_recall_04: 0.308 braids_f1_04: 0.338 braids_precision_05: 0.486 braids_recall_05: 0.111 braids_f1_05: 0.166 braids_precision_06: 0.315 braids_recall_06: 0.044 braids_f1_06: 0.073 braids_precision_07: 0.144 braids_recall_07: 0.015 braids_f1_07: 0.026 braids_precision_08: 0.031 braids_recall_08: 0.003 braids_f1_08: 0.005 braids_precision_09: 0.002 braids_recall_09: 0.000 braids_f1_09: 0.000 minade_1: 1.567 minfde_1: 3.425 mr_1: 0.538 brier_fde_1: 3.425 minade_k: 0.777 minfde_k: 1.179 mr_k: 0.119 brier_fde_k: 1.790 
2025-05-01 03:17:59:[Validation] Avg. loss: 0.403994, time cost: 7.69 mins
2025-05-01 03:17:59:-- braids_precision_01: 0.005 braids_recall_01: 0.969 braids_f1_01: 0.010 braids_precision_02: 0.005 braids_recall_02: 0.878 braids_f1_02: 0.010 braids_precision_03: 0.004 braids_recall_03: 0.681 braids_f1_03: 0.008 braids_precision_04: 0.419 braids_recall_04: 0.332 braids_f1_04: 0.354 braids_precision_05: 0.560 braids_recall_05: 0.107 braids_f1_05: 0.168 braids_precision_06: 0.452 braids_recall_06: 0.046 braids_f1_06: 0.080 braids_precision_07: 0.192 braids_recall_07: 0.012 braids_f1_07: 0.022 braids_precision_08: 0.014 braids_recall_08: 0.001 braids_f1_08: 0.001 braids_precision_09: 0.000 braids_recall_09: 0.000 braids_f1_09: 0.000 minade_1: 1.408 minfde_1: 3.054 mr_1: 0.519 brier_fde_1: 3.054 minade_k: 0.725 minfde_k: 1.112 mr_k: 0.108 brier_fde_k: 1.701 
2025-05-01 03:17:59:
Epoch 12
2025-05-01 04:35:01:[Training] Avg. loss: 0.400098, time cost: 77.0 mins, lr: 0.00043, peak mem: 9698 MB
2025-05-01 04:35:01:-- braids_precision_01: 0.010 braids_recall_01: 0.975 braids_f1_01: 0.019 braids_precision_02: 0.011 braids_recall_02: 0.879 braids_f1_02: 0.021 braids_precision_03: 0.009 braids_recall_03: 0.655 braids_f1_03: 0.017 braids_precision_04: 0.469 braids_recall_04: 0.318 braids_f1_04: 0.347 braids_precision_05: 0.497 braids_recall_05: 0.117 braids_f1_05: 0.174 braids_precision_06: 0.334 braids_recall_06: 0.048 braids_f1_06: 0.079 braids_precision_07: 0.154 braids_recall_07: 0.016 braids_f1_07: 0.028 braids_precision_08: 0.036 braids_recall_08: 0.003 braids_f1_08: 0.005 braids_precision_09: 0.003 braids_recall_09: 0.000 braids_f1_09: 0.000 minade_1: 1.563 minfde_1: 3.416 mr_1: 0.536 brier_fde_1: 3.416 minade_k: 0.776 minfde_k: 1.178 mr_k: 0.120 brier_fde_k: 1.787 
2025-05-01 04:35:01:
Epoch 13
2025-05-01 05:52:08:[Training] Avg. loss: 0.39451, time cost: 77.1 mins, lr: 0.00042, peak mem: 9644 MB
2025-05-01 05:52:08:-- braids_precision_01: 0.010 braids_recall_01: 0.975 braids_f1_01: 0.019 braids_precision_02: 0.011 braids_recall_02: 0.883 braids_f1_02: 0.021 braids_precision_03: 0.010 braids_recall_03: 0.659 braids_f1_03: 0.018 braids_precision_04: 0.470 braids_recall_04: 0.327 braids_f1_04: 0.353 braids_precision_05: 0.500 braids_recall_05: 0.121 braids_f1_05: 0.179 braids_precision_06: 0.354 braids_recall_06: 0.052 braids_f1_06: 0.085 braids_precision_07: 0.179 braids_recall_07: 0.019 braids_f1_07: 0.032 braids_precision_08: 0.046 braids_recall_08: 0.004 braids_f1_08: 0.007 braids_precision_09: 0.004 braids_recall_09: 0.000 braids_f1_09: 0.001 minade_1: 1.547 minfde_1: 3.385 mr_1: 0.533 brier_fde_1: 3.385 minade_k: 0.769 minfde_k: 1.164 mr_k: 0.117 brier_fde_k: 1.773 
2025-05-01 05:59:48:[Validation] Avg. loss: 0.376314, time cost: 7.67 mins
2025-05-01 05:59:48:-- braids_precision_01: 0.005 braids_recall_01: 0.975 braids_f1_01: 0.010 braids_precision_02: 0.005 braids_recall_02: 0.884 braids_f1_02: 0.010 braids_precision_03: 0.004 braids_recall_03: 0.633 braids_f1_03: 0.008 braids_precision_04: 0.469 braids_recall_04: 0.288 braids_f1_04: 0.336 braids_precision_05: 0.582 braids_recall_05: 0.133 braids_f1_05: 0.200 braids_precision_06: 0.559 braids_recall_06: 0.081 braids_f1_06: 0.134 braids_precision_07: 0.425 braids_recall_07: 0.042 braids_f1_07: 0.073 braids_precision_08: 0.200 braids_recall_08: 0.013 braids_f1_08: 0.024 braids_precision_09: 0.011 braids_recall_09: 0.001 braids_f1_09: 0.001 minade_1: 1.449 minfde_1: 3.142 mr_1: 0.558 brier_fde_1: 3.142 minade_k: 0.688 minfde_k: 1.016 mr_k: 0.089 brier_fde_k: 1.648 
2025-05-01 05:59:48:
Epoch 14
2025-05-01 07:16:51:[Training] Avg. loss: 0.390665, time cost: 77.1 mins, lr: 0.00041, peak mem: 9805 MB
2025-05-01 07:16:51:-- braids_precision_01: 0.010 braids_recall_01: 0.976 braids_f1_01: 0.019 braids_precision_02: 0.011 braids_recall_02: 0.887 braids_f1_02: 0.021 braids_precision_03: 0.012 braids_recall_03: 0.666 braids_f1_03: 0.022 braids_precision_04: 0.474 braids_recall_04: 0.334 braids_f1_04: 0.360 braids_precision_05: 0.510 braids_recall_05: 0.125 braids_f1_05: 0.184 braids_precision_06: 0.358 braids_recall_06: 0.054 braids_f1_06: 0.087 braids_precision_07: 0.185 braids_recall_07: 0.020 braids_f1_07: 0.034 braids_precision_08: 0.049 braids_recall_08: 0.004 braids_f1_08: 0.008 braids_precision_09: 0.005 braids_recall_09: 0.000 braids_f1_09: 0.001 minade_1: 1.532 minfde_1: 3.350 mr_1: 0.529 brier_fde_1: 3.350 minade_k: 0.761 minfde_k: 1.144 mr_k: 0.114 brier_fde_k: 1.752 
2025-05-01 07:16:51:
Epoch 15
2025-05-01 08:34:09:[Training] Avg. loss: 0.385827, time cost: 77.3 mins, lr: 0.0004, peak mem: 9944 MB
2025-05-01 08:34:09:-- braids_precision_01: 0.010 braids_recall_01: 0.976 braids_f1_01: 0.019 braids_precision_02: 0.011 braids_recall_02: 0.889 braids_f1_02: 0.021 braids_precision_03: 0.022 braids_recall_03: 0.672 braids_f1_03: 0.035 braids_precision_04: 0.475 braids_recall_04: 0.339 braids_f1_04: 0.364 braids_precision_05: 0.516 braids_recall_05: 0.128 braids_f1_05: 0.188 braids_precision_06: 0.374 braids_recall_06: 0.057 braids_f1_06: 0.093 braids_precision_07: 0.200 braids_recall_07: 0.022 braids_f1_07: 0.038 braids_precision_08: 0.055 braids_recall_08: 0.005 braids_f1_08: 0.008 braids_precision_09: 0.004 braids_recall_09: 0.000 braids_f1_09: 0.001 minade_1: 1.513 minfde_1: 3.308 mr_1: 0.523 brier_fde_1: 3.308 minade_k: 0.752 minfde_k: 1.127 mr_k: 0.111 brier_fde_k: 1.737 
2025-05-01 08:41:51:[Validation] Avg. loss: 0.379288, time cost: 7.69 mins
2025-05-01 08:41:51:-- braids_precision_01: 0.005 braids_recall_01: 0.978 braids_f1_01: 0.010 braids_precision_02: 0.005 braids_recall_02: 0.902 braids_f1_02: 0.010 braids_precision_03: 0.004 braids_recall_03: 0.672 braids_f1_03: 0.008 braids_precision_04: 0.464 braids_recall_04: 0.299 braids_f1_04: 0.345 braids_precision_05: 0.595 braids_recall_05: 0.139 braids_f1_05: 0.211 braids_precision_06: 0.565 braids_recall_06: 0.078 braids_f1_06: 0.130 braids_precision_07: 0.424 braids_recall_07: 0.038 braids_f1_07: 0.067 braids_precision_08: 0.215 braids_recall_08: 0.013 braids_f1_08: 0.024 braids_precision_09: 0.032 braids_recall_09: 0.001 braids_f1_09: 0.003 minade_1: 1.326 minfde_1: 2.876 mr_1: 0.490 brier_fde_1: 2.876 minade_k: 0.701 minfde_k: 1.048 mr_k: 0.098 brier_fde_k: 1.658 
2025-05-01 08:41:51:
Epoch 16
2025-05-01 09:58:57:[Training] Avg. loss: 0.381493, time cost: 77.1 mins, lr: 0.00039, peak mem: 10127 MB
2025-05-01 09:58:57:-- braids_precision_01: 0.010 braids_recall_01: 0.977 braids_f1_01: 0.019 braids_precision_02: 0.011 braids_recall_02: 0.892 braids_f1_02: 0.021 braids_precision_03: 0.009 braids_recall_03: 0.677 braids_f1_03: 0.017 braids_precision_04: 0.473 braids_recall_04: 0.344 braids_f1_04: 0.367 braids_precision_05: 0.518 braids_recall_05: 0.131 braids_f1_05: 0.192 braids_precision_06: 0.377 braids_recall_06: 0.059 braids_f1_06: 0.095 braids_precision_07: 0.195 braids_recall_07: 0.022 braids_f1_07: 0.038 braids_precision_08: 0.054 braids_recall_08: 0.005 braids_f1_08: 0.009 braids_precision_09: 0.005 braids_recall_09: 0.000 braids_f1_09: 0.001 minade_1: 1.509 minfde_1: 3.303 mr_1: 0.522 brier_fde_1: 3.303 minade_k: 0.749 minfde_k: 1.121 mr_k: 0.109 brier_fde_k: 1.728 
2025-05-01 09:58:57:
Epoch 17
2025-05-01 11:16:04:[Training] Avg. loss: 0.376204, time cost: 77.1 mins, lr: 0.00038, peak mem: 9583 MB
2025-05-01 11:16:04:-- braids_precision_01: 0.010 braids_recall_01: 0.977 braids_f1_01: 0.019 braids_precision_02: 0.011 braids_recall_02: 0.894 braids_f1_02: 0.021 braids_precision_03: 0.009 braids_recall_03: 0.683 braids_f1_03: 0.018 braids_precision_04: 0.480 braids_recall_04: 0.353 braids_f1_04: 0.375 braids_precision_05: 0.521 braids_recall_05: 0.135 braids_f1_05: 0.196 braids_precision_06: 0.384 braids_recall_06: 0.061 braids_f1_06: 0.098 braids_precision_07: 0.211 braids_recall_07: 0.024 braids_f1_07: 0.041 braids_precision_08: 0.059 braids_recall_08: 0.005 braids_f1_08: 0.009 braids_precision_09: 0.003 braids_recall_09: 0.000 braids_f1_09: 0.000 minade_1: 1.500 minfde_1: 3.281 mr_1: 0.520 brier_fde_1: 3.281 minade_k: 0.745 minfde_k: 1.113 mr_k: 0.108 brier_fde_k: 1.721 
2025-05-01 11:23:44:[Validation] Avg. loss: 0.37961, time cost: 7.67 mins
2025-05-01 11:23:44:-- braids_precision_01: 0.005 braids_recall_01: 0.983 braids_f1_01: 0.010 braids_precision_02: 0.005 braids_recall_02: 0.927 braids_f1_02: 0.011 braids_precision_03: 0.005 braids_recall_03: 0.763 braids_f1_03: 0.009 braids_precision_04: 0.400 braids_recall_04: 0.427 braids_f1_04: 0.397 braids_precision_05: 0.568 braids_recall_05: 0.192 braids_f1_05: 0.266 braids_precision_06: 0.588 braids_recall_06: 0.105 braids_f1_06: 0.167 braids_precision_07: 0.480 braids_recall_07: 0.051 braids_f1_07: 0.088 braids_precision_08: 0.196 braids_recall_08: 0.012 braids_f1_08: 0.022 braids_precision_09: 0.002 braids_recall_09: 0.000 braids_f1_09: 0.000 minade_1: 1.363 minfde_1: 2.901 mr_1: 0.506 brier_fde_1: 2.901 minade_k: 0.712 minfde_k: 1.057 mr_k: 0.101 brier_fde_k: 1.646 
2025-05-01 11:23:44:
Epoch 18
2025-05-01 12:40:54:[Training] Avg. loss: 0.375262, time cost: 77.2 mins, lr: 0.00037, peak mem: 9579 MB
2025-05-01 12:40:54:-- braids_precision_01: 0.010 braids_recall_01: 0.977 braids_f1_01: 0.019 braids_precision_02: 0.011 braids_recall_02: 0.895 braids_f1_02: 0.021 braids_precision_03: 0.009 braids_recall_03: 0.685 braids_f1_03: 0.018 braids_precision_04: 0.481 braids_recall_04: 0.360 braids_f1_04: 0.381 braids_precision_05: 0.531 braids_recall_05: 0.138 braids_f1_05: 0.201 braids_precision_06: 0.396 braids_recall_06: 0.064 braids_f1_06: 0.103 braids_precision_07: 0.222 braids_recall_07: 0.026 braids_f1_07: 0.044 braids_precision_08: 0.067 braids_recall_08: 0.006 braids_f1_08: 0.010 braids_precision_09: 0.005 braids_recall_09: 0.000 braids_f1_09: 0.001 minade_1: 1.490 minfde_1: 3.260 mr_1: 0.517 brier_fde_1: 3.260 minade_k: 0.744 minfde_k: 1.110 mr_k: 0.107 brier_fde_k: 1.720 
2025-05-01 12:40:54:
Epoch 19
2025-05-01 01:58:11:[Training] Avg. loss: 0.373681, time cost: 77.3 mins, lr: 0.00036, peak mem: 10208 MB
2025-05-01 01:58:11:-- braids_precision_01: 0.010 braids_recall_01: 0.978 braids_f1_01: 0.019 braids_precision_02: 0.011 braids_recall_02: 0.897 braids_f1_02: 0.021 braids_precision_03: 0.009 braids_recall_03: 0.692 braids_f1_03: 0.018 braids_precision_04: 0.484 braids_recall_04: 0.368 braids_f1_04: 0.387 braids_precision_05: 0.537 braids_recall_05: 0.142 braids_f1_05: 0.207 braids_precision_06: 0.406 braids_recall_06: 0.066 braids_f1_06: 0.107 braids_precision_07: 0.226 braids_recall_07: 0.026 braids_f1_07: 0.045 braids_precision_08: 0.063 braids_recall_08: 0.006 braids_f1_08: 0.010 braids_precision_09: 0.004 braids_recall_09: 0.000 braids_f1_09: 0.000 minade_1: 1.485 minfde_1: 3.250 mr_1: 0.515 brier_fde_1: 3.250 minade_k: 0.742 minfde_k: 1.107 mr_k: 0.107 brier_fde_k: 1.715 
2025-05-01 02:05:56:[Validation] Avg. loss: 0.372325, time cost: 7.76 mins
2025-05-01 02:05:56:-- braids_precision_01: 0.005 braids_recall_01: 0.971 braids_f1_01: 0.010 braids_precision_02: 0.005 braids_recall_02: 0.872 braids_f1_02: 0.010 braids_precision_03: 0.004 braids_recall_03: 0.652 braids_f1_03: 0.008 braids_precision_04: 0.475 braids_recall_04: 0.310 braids_f1_04: 0.355 braids_precision_05: 0.583 braids_recall_05: 0.111 braids_f1_05: 0.174 braids_precision_06: 0.493 braids_recall_06: 0.056 braids_f1_06: 0.095 braids_precision_07: 0.285 braids_recall_07: 0.020 braids_f1_07: 0.036 braids_precision_08: 0.048 braids_recall_08: 0.002 braids_f1_08: 0.004 braids_precision_09: 0.000 braids_recall_09: 0.000 braids_f1_09: 0.000 minade_1: 1.304 minfde_1: 2.814 mr_1: 0.483 brier_fde_1: 2.814 minade_k: 0.696 minfde_k: 1.025 mr_k: 0.093 brier_fde_k: 1.631 
2025-05-01 02:05:56:
Epoch 20
2025-05-01 03:22:58:[Training] Avg. loss: 0.370651, time cost: 77.0 mins, lr: 0.00035, peak mem: 9438 MB
2025-05-01 03:22:58:-- braids_precision_01: 0.010 braids_recall_01: 0.978 braids_f1_01: 0.020 braids_precision_02: 0.011 braids_recall_02: 0.898 braids_f1_02: 0.021 braids_precision_03: 0.009 braids_recall_03: 0.694 braids_f1_03: 0.018 braids_precision_04: 0.484 braids_recall_04: 0.376 braids_f1_04: 0.393 braids_precision_05: 0.542 braids_recall_05: 0.144 braids_f1_05: 0.208 braids_precision_06: 0.400 braids_recall_06: 0.065 braids_f1_06: 0.105 braids_precision_07: 0.221 braids_recall_07: 0.026 braids_f1_07: 0.045 braids_precision_08: 0.068 braids_recall_08: 0.006 braids_f1_08: 0.011 braids_precision_09: 0.007 braids_recall_09: 0.001 braids_f1_09: 0.001 minade_1: 1.483 minfde_1: 3.246 mr_1: 0.516 brier_fde_1: 3.246 minade_k: 0.739 minfde_k: 1.101 mr_k: 0.105 brier_fde_k: 1.709 
2025-05-01 03:22:58:Save the model to saved_models/20250430-095941_DGFNet_ckpt_epoch20.tar
2025-05-01 03:22:58:
Epoch 21
2025-05-01 04:40:50:[Training] Avg. loss: 0.375165, time cost: 77.9 mins, lr: 0.00034, peak mem: 9901 MB
2025-05-01 04:40:50:-- braids_precision_01: 0.010 braids_recall_01: 0.978 braids_f1_01: 0.020 braids_precision_02: 0.011 braids_recall_02: 0.896 braids_f1_02: 0.021 braids_precision_03: 0.009 braids_recall_03: 0.691 braids_f1_03: 0.018 braids_precision_04: 0.479 braids_recall_04: 0.376 braids_f1_04: 0.391 braids_precision_05: 0.538 braids_recall_05: 0.143 braids_f1_05: 0.207 braids_precision_06: 0.400 braids_recall_06: 0.065 braids_f1_06: 0.105 braids_precision_07: 0.231 braids_recall_07: 0.027 braids_f1_07: 0.046 braids_precision_08: 0.073 braids_recall_08: 0.007 braids_f1_08: 0.012 braids_precision_09: 0.006 braids_recall_09: 0.000 braids_f1_09: 0.001 minade_1: 1.494 minfde_1: 3.272 mr_1: 0.519 brier_fde_1: 3.272 minade_k: 0.747 minfde_k: 1.120 mr_k: 0.110 brier_fde_k: 1.729 
2025-05-01 04:48:31:[Validation] Avg. loss: 0.377441, time cost: 7.69 mins
2025-05-01 04:48:31:-- braids_precision_01: 0.005 braids_recall_01: 0.976 braids_f1_01: 0.010 braids_precision_02: 0.005 braids_recall_02: 0.892 braids_f1_02: 0.010 braids_precision_03: 0.004 braids_recall_03: 0.669 braids_f1_03: 0.008 braids_precision_04: 0.468 braids_recall_04: 0.332 braids_f1_04: 0.370 braids_precision_05: 0.602 braids_recall_05: 0.124 braids_f1_05: 0.193 braids_precision_06: 0.502 braids_recall_06: 0.056 braids_f1_06: 0.096 braids_precision_07: 0.278 braids_recall_07: 0.019 braids_f1_07: 0.035 braids_precision_08: 0.040 braids_recall_08: 0.002 braids_f1_08: 0.003 braids_precision_09: 0.000 braids_recall_09: 0.000 braids_f1_09: 0.000 minade_1: 1.302 minfde_1: 2.840 mr_1: 0.481 brier_fde_1: 2.840 minade_k: 0.690 minfde_k: 1.040 mr_k: 0.094 brier_fde_k: 1.624 
2025-05-01 04:48:31:
Epoch 22
2025-05-01 06:05:39:[Training] Avg. loss: 0.374128, time cost: 77.1 mins, lr: 0.00033, peak mem: 10344 MB
2025-05-01 06:05:39:-- braids_precision_01: 0.010 braids_recall_01: 0.979 braids_f1_01: 0.020 braids_precision_02: 0.011 braids_recall_02: 0.898 braids_f1_02: 0.021 braids_precision_03: 0.009 braids_recall_03: 0.693 braids_f1_03: 0.018 braids_precision_04: 0.481 braids_recall_04: 0.380 braids_f1_04: 0.393 braids_precision_05: 0.536 braids_recall_05: 0.145 braids_f1_05: 0.210 braids_precision_06: 0.393 braids_recall_06: 0.065 braids_f1_06: 0.104 braids_precision_07: 0.227 braids_recall_07: 0.027 braids_f1_07: 0.045 braids_precision_08: 0.078 braids_recall_08: 0.007 braids_f1_08: 0.012 braids_precision_09: 0.010 braids_recall_09: 0.001 braids_f1_09: 0.001 minade_1: 1.485 minfde_1: 3.252 mr_1: 0.515 brier_fde_1: 3.252 minade_k: 0.741 minfde_k: 1.106 mr_k: 0.106 brier_fde_k: 1.714 
2025-05-01 06:05:39:
Epoch 23
2025-05-01 07:22:42:[Training] Avg. loss: 0.373541, time cost: 77.1 mins, lr: 0.00032, peak mem: 9480 MB
2025-05-01 07:22:42:-- braids_precision_01: 0.010 braids_recall_01: 0.979 braids_f1_01: 0.020 braids_precision_02: 0.011 braids_recall_02: 0.899 braids_f1_02: 0.022 braids_precision_03: 0.009 braids_recall_03: 0.698 braids_f1_03: 0.018 braids_precision_04: 0.482 braids_recall_04: 0.390 braids_f1_04: 0.400 braids_precision_05: 0.542 braids_recall_05: 0.152 braids_f1_05: 0.218 braids_precision_06: 0.399 braids_recall_06: 0.065 braids_f1_06: 0.104 braids_precision_07: 0.231 braids_recall_07: 0.027 braids_f1_07: 0.047 braids_precision_08: 0.086 braids_recall_08: 0.008 braids_f1_08: 0.014 braids_precision_09: 0.013 braids_recall_09: 0.001 braids_f1_09: 0.002 minade_1: 1.473 minfde_1: 3.226 mr_1: 0.512 brier_fde_1: 3.226 minade_k: 0.733 minfde_k: 1.091 mr_k: 0.104 brier_fde_k: 1.700 
2025-05-01 07:30:21:[Validation] Avg. loss: 0.364163, time cost: 7.64 mins
2025-05-01 07:30:21:-- braids_precision_01: 0.005 braids_recall_01: 0.971 braids_f1_01: 0.011 braids_precision_02: 0.005 braids_recall_02: 0.881 braids_f1_02: 0.010 braids_precision_03: 0.004 braids_recall_03: 0.661 braids_f1_03: 0.008 braids_precision_04: 0.507 braids_recall_04: 0.324 braids_f1_04: 0.377 braids_precision_05: 0.605 braids_recall_05: 0.130 braids_f1_05: 0.200 braids_precision_06: 0.555 braids_recall_06: 0.075 braids_f1_06: 0.126 braids_precision_07: 0.442 braids_recall_07: 0.043 braids_f1_07: 0.075 braids_precision_08: 0.256 braids_recall_08: 0.018 braids_f1_08: 0.032 braids_precision_09: 0.041 braids_recall_09: 0.002 braids_f1_09: 0.004 minade_1: 1.289 minfde_1: 2.827 mr_1: 0.473 brier_fde_1: 2.827 minade_k: 0.671 minfde_k: 0.981 mr_k: 0.084 brier_fde_k: 1.585 
2025-05-01 07:30:21:
Epoch 24
2025-05-01 08:47:25:[Training] Avg. loss: 0.365776, time cost: 77.1 mins, lr: 0.00031, peak mem: 9695 MB
2025-05-01 08:47:25:-- braids_precision_01: 0.010 braids_recall_01: 0.979 braids_f1_01: 0.020 braids_precision_02: 0.011 braids_recall_02: 0.901 braids_f1_02: 0.022 braids_precision_03: 0.009 braids_recall_03: 0.701 braids_f1_03: 0.018 braids_precision_04: 0.485 braids_recall_04: 0.395 braids_f1_04: 0.405 braids_precision_05: 0.544 braids_recall_05: 0.156 braids_f1_05: 0.223 braids_precision_06: 0.408 braids_recall_06: 0.067 braids_f1_06: 0.108 braids_precision_07: 0.229 braids_recall_07: 0.027 braids_f1_07: 0.045 braids_precision_08: 0.075 braids_recall_08: 0.007 braids_f1_08: 0.012 braids_precision_09: 0.013 braids_recall_09: 0.001 braids_f1_09: 0.002 minade_1: 1.454 minfde_1: 3.185 mr_1: 0.504 brier_fde_1: 3.185 minade_k: 0.722 minfde_k: 1.069 mr_k: 0.101 brier_fde_k: 1.676 
2025-05-01 08:47:25:
Epoch 25
2025-05-01 10:04:54:[Training] Avg. loss: 0.361407, time cost: 77.5 mins, lr: 0.0003, peak mem: 9699 MB
2025-05-01 10:04:54:-- braids_precision_01: 0.010 braids_recall_01: 0.979 braids_f1_01: 0.020 braids_precision_02: 0.011 braids_recall_02: 0.901 braids_f1_02: 0.022 braids_precision_03: 0.009 braids_recall_03: 0.703 braids_f1_03: 0.018 braids_precision_04: 0.486 braids_recall_04: 0.401 braids_f1_04: 0.409 braids_precision_05: 0.559 braids_recall_05: 0.163 braids_f1_05: 0.232 braids_precision_06: 0.411 braids_recall_06: 0.068 braids_f1_06: 0.109 braids_precision_07: 0.219 braids_recall_07: 0.025 braids_f1_07: 0.042 braids_precision_08: 0.064 braids_recall_08: 0.006 braids_f1_08: 0.010 braids_precision_09: 0.008 braids_recall_09: 0.001 braids_f1_09: 0.001 minade_1: 1.445 minfde_1: 3.167 mr_1: 0.501 brier_fde_1: 3.167 minade_k: 0.715 minfde_k: 1.055 mr_k: 0.098 brier_fde_k: 1.664 
2025-05-01 10:12:36:[Validation] Avg. loss: 0.376138, time cost: 7.69 mins
2025-05-01 10:12:36:-- braids_precision_01: 0.005 braids_recall_01: 0.984 braids_f1_01: 0.010 braids_precision_02: 0.005 braids_recall_02: 0.926 braids_f1_02: 0.011 braids_precision_03: 0.005 braids_recall_03: 0.746 braids_f1_03: 0.009 braids_precision_04: 0.457 braids_recall_04: 0.439 braids_f1_04: 0.434 braids_precision_05: 0.628 braids_recall_05: 0.150 braids_f1_05: 0.226 braids_precision_06: 0.549 braids_recall_06: 0.067 braids_f1_06: 0.114 braids_precision_07: 0.332 braids_recall_07: 0.024 braids_f1_07: 0.044 braids_precision_08: 0.081 braids_recall_08: 0.004 braids_f1_08: 0.007 braids_precision_09: 0.002 braids_recall_09: 0.000 braids_f1_09: 0.000 minade_1: 1.271 minfde_1: 2.767 mr_1: 0.464 brier_fde_1: 2.767 minade_k: 0.662 minfde_k: 0.969 mr_k: 0.080 brier_fde_k: 1.560 
2025-05-01 10:12:36:
Epoch 26
2025-05-01 11:29:59:[Training] Avg. loss: 0.361125, time cost: 77.4 mins, lr: 0.000283, peak mem: 10020 MB
2025-05-01 11:29:59:-- braids_precision_01: 0.010 braids_recall_01: 0.980 braids_f1_01: 0.021 braids_precision_02: 0.011 braids_recall_02: 0.904 braids_f1_02: 0.022 braids_precision_03: 0.009 braids_recall_03: 0.709 braids_f1_03: 0.018 braids_precision_04: 0.487 braids_recall_04: 0.407 braids_f1_04: 0.414 braids_precision_05: 0.560 braids_recall_05: 0.165 braids_f1_05: 0.234 braids_precision_06: 0.425 braids_recall_06: 0.072 braids_f1_06: 0.115 braids_precision_07: 0.238 braids_recall_07: 0.028 braids_f1_07: 0.047 braids_precision_08: 0.072 braids_recall_08: 0.006 braids_f1_08: 0.011 braids_precision_09: 0.010 braids_recall_09: 0.001 braids_f1_09: 0.001 minade_1: 1.434 minfde_1: 3.141 mr_1: 0.497 brier_fde_1: 3.141 minade_k: 0.713 minfde_k: 1.051 mr_k: 0.097 brier_fde_k: 1.659 
2025-05-01 11:37:39:[Validation] Avg. loss: 0.35574, time cost: 7.66 mins
2025-05-01 11:37:39:-- braids_precision_01: 0.005 braids_recall_01: 0.976 braids_f1_01: 0.010 braids_precision_02: 0.005 braids_recall_02: 0.889 braids_f1_02: 0.010 braids_precision_03: 0.004 braids_recall_03: 0.683 braids_f1_03: 0.008 braids_precision_04: 0.476 braids_recall_04: 0.354 braids_f1_04: 0.388 braids_precision_05: 0.601 braids_recall_05: 0.142 braids_f1_05: 0.215 braids_precision_06: 0.540 braids_recall_06: 0.073 braids_f1_06: 0.121 braids_precision_07: 0.373 braids_recall_07: 0.033 braids_f1_07: 0.058 braids_precision_08: 0.215 braids_recall_08: 0.014 braids_f1_08: 0.025 braids_precision_09: 0.100 braids_recall_09: 0.005 braids_f1_09: 0.010 minade_1: 1.241 minfde_1: 2.689 mr_1: 0.456 brier_fde_1: 2.689 minade_k: 0.657 minfde_k: 0.955 mr_k: 0.078 brier_fde_k: 1.559 
2025-05-01 11:37:39:
Epoch 27
2025-05-02 12:54:47:[Training] Avg. loss: 0.356441, time cost: 77.1 mins, lr: 0.000267, peak mem: 9534 MB
2025-05-02 12:54:47:-- braids_precision_01: 0.010 braids_recall_01: 0.981 braids_f1_01: 0.021 braids_precision_02: 0.011 braids_recall_02: 0.905 braids_f1_02: 0.022 braids_precision_03: 0.009 braids_recall_03: 0.713 braids_f1_03: 0.018 braids_precision_04: 0.488 braids_recall_04: 0.415 braids_f1_04: 0.419 braids_precision_05: 0.559 braids_recall_05: 0.170 braids_f1_05: 0.239 braids_precision_06: 0.432 braids_recall_06: 0.075 braids_f1_06: 0.119 braids_precision_07: 0.249 braids_recall_07: 0.030 braids_f1_07: 0.051 braids_precision_08: 0.086 braids_recall_08: 0.008 braids_f1_08: 0.013 braids_precision_09: 0.015 braids_recall_09: 0.001 braids_f1_09: 0.002 minade_1: 1.422 minfde_1: 3.118 mr_1: 0.494 brier_fde_1: 3.118 minade_k: 0.708 minfde_k: 1.040 mr_k: 0.095 brier_fde_k: 1.649 
2025-05-02 01:02:28:[Validation] Avg. loss: 0.356011, time cost: 7.69 mins
2025-05-02 01:02:28:-- braids_precision_01: 0.005 braids_recall_01: 0.964 braids_f1_01: 0.011 braids_precision_02: 0.005 braids_recall_02: 0.849 braids_f1_02: 0.010 braids_precision_03: 0.004 braids_recall_03: 0.607 braids_f1_03: 0.007 braids_precision_04: 0.490 braids_recall_04: 0.321 braids_f1_04: 0.367 braids_precision_05: 0.601 braids_recall_05: 0.151 braids_f1_05: 0.225 braids_precision_06: 0.552 braids_recall_06: 0.079 braids_f1_06: 0.130 braids_precision_07: 0.388 braids_recall_07: 0.034 braids_f1_07: 0.061 braids_precision_08: 0.151 braids_recall_08: 0.008 braids_f1_08: 0.015 braids_precision_09: 0.006 braids_recall_09: 0.000 braids_f1_09: 0.001 minade_1: 1.253 minfde_1: 2.721 mr_1: 0.463 brier_fde_1: 2.721 minade_k: 0.654 minfde_k: 0.944 mr_k: 0.079 brier_fde_k: 1.553 
2025-05-02 01:02:28:
Epoch 28
2025-05-02 02:19:44:[Training] Avg. loss: 0.354659, time cost: 77.3 mins, lr: 0.00025, peak mem: 9921 MB
2025-05-02 02:19:44:-- braids_precision_01: 0.011 braids_recall_01: 0.980 braids_f1_01: 0.021 braids_precision_02: 0.011 braids_recall_02: 0.906 braids_f1_02: 0.022 braids_precision_03: 0.009 braids_recall_03: 0.713 braids_f1_03: 0.018 braids_precision_04: 0.488 braids_recall_04: 0.416 braids_f1_04: 0.421 braids_precision_05: 0.561 braids_recall_05: 0.171 braids_f1_05: 0.240 braids_precision_06: 0.435 braids_recall_06: 0.076 braids_f1_06: 0.120 braids_precision_07: 0.261 braids_recall_07: 0.031 braids_f1_07: 0.053 braids_precision_08: 0.092 braids_recall_08: 0.008 braids_f1_08: 0.014 braids_precision_09: 0.014 braids_recall_09: 0.001 braids_f1_09: 0.002 minade_1: 1.423 minfde_1: 3.120 mr_1: 0.496 brier_fde_1: 3.120 minade_k: 0.708 minfde_k: 1.042 mr_k: 0.095 brier_fde_k: 1.652 
2025-05-02 02:27:25:[Validation] Avg. loss: 0.362873, time cost: 7.69 mins
2025-05-02 02:27:25:-- braids_precision_01: 0.005 braids_recall_01: 0.969 braids_f1_01: 0.011 braids_precision_02: 0.005 braids_recall_02: 0.865 braids_f1_02: 0.010 braids_precision_03: 0.004 braids_recall_03: 0.644 braids_f1_03: 0.008 braids_precision_04: 0.506 braids_recall_04: 0.355 braids_f1_04: 0.401 braids_precision_05: 0.630 braids_recall_05: 0.157 braids_f1_05: 0.236 braids_precision_06: 0.589 braids_recall_06: 0.079 braids_f1_06: 0.133 braids_precision_07: 0.412 braids_recall_07: 0.036 braids_f1_07: 0.065 braids_precision_08: 0.176 braids_recall_08: 0.010 braids_f1_08: 0.019 braids_precision_09: 0.020 braids_recall_09: 0.001 braids_f1_09: 0.002 minade_1: 1.259 minfde_1: 2.717 mr_1: 0.460 brier_fde_1: 2.717 minade_k: 0.667 minfde_k: 0.974 mr_k: 0.086 brier_fde_k: 1.564 
2025-05-02 02:27:25:
Epoch 29
2025-05-02 03:44:36:[Training] Avg. loss: 0.350035, time cost: 77.2 mins, lr: 0.000233, peak mem: 9773 MB
2025-05-02 03:44:36:-- braids_precision_01: 0.011 braids_recall_01: 0.981 braids_f1_01: 0.021 braids_precision_02: 0.011 braids_recall_02: 0.909 braids_f1_02: 0.022 braids_precision_03: 0.010 braids_recall_03: 0.723 braids_f1_03: 0.019 braids_precision_04: 0.489 braids_recall_04: 0.428 braids_f1_04: 0.428 braids_precision_05: 0.565 braids_recall_05: 0.178 braids_f1_05: 0.249 braids_precision_06: 0.449 braids_recall_06: 0.080 braids_f1_06: 0.127 braids_precision_07: 0.281 braids_recall_07: 0.034 braids_f1_07: 0.058 braids_precision_08: 0.102 braids_recall_08: 0.009 braids_f1_08: 0.016 braids_precision_09: 0.013 braids_recall_09: 0.001 braids_f1_09: 0.002 minade_1: 1.411 minfde_1: 3.090 mr_1: 0.490 brier_fde_1: 3.090 minade_k: 0.700 minfde_k: 1.023 mr_k: 0.092 brier_fde_k: 1.632 
2025-05-02 03:52:16:[Validation] Avg. loss: 0.347487, time cost: 7.67 mins
2025-05-02 03:52:16:-- braids_precision_01: 0.005 braids_recall_01: 0.974 braids_f1_01: 0.011 braids_precision_02: 0.005 braids_recall_02: 0.901 braids_f1_02: 0.011 braids_precision_03: 0.004 braids_recall_03: 0.707 braids_f1_03: 0.009 braids_precision_04: 0.482 braids_recall_04: 0.393 braids_f1_04: 0.416 braids_precision_05: 0.618 braids_recall_05: 0.166 braids_f1_05: 0.244 braids_precision_06: 0.573 braids_recall_06: 0.081 braids_f1_06: 0.134 braids_precision_07: 0.396 braids_recall_07: 0.035 braids_f1_07: 0.062 braids_precision_08: 0.140 braids_recall_08: 0.008 braids_f1_08: 0.015 braids_precision_09: 0.009 braids_recall_09: 0.000 braids_f1_09: 0.001 minade_1: 1.242 minfde_1: 2.689 mr_1: 0.454 brier_fde_1: 2.689 minade_k: 0.652 minfde_k: 0.947 mr_k: 0.080 brier_fde_k: 1.546 
2025-05-02 03:52:17:
Epoch 30
2025-05-02 05:09:27:[Training] Avg. loss: 0.349232, time cost: 77.2 mins, lr: 0.000217, peak mem: 10308 MB
2025-05-02 05:09:27:-- braids_precision_01: 0.011 braids_recall_01: 0.982 braids_f1_01: 0.021 braids_precision_02: 0.011 braids_recall_02: 0.912 braids_f1_02: 0.022 braids_precision_03: 0.010 braids_recall_03: 0.726 braids_f1_03: 0.019 braids_precision_04: 0.493 braids_recall_04: 0.431 braids_f1_04: 0.432 braids_precision_05: 0.572 braids_recall_05: 0.182 braids_f1_05: 0.253 braids_precision_06: 0.456 braids_recall_06: 0.084 braids_f1_06: 0.132 braids_precision_07: 0.293 braids_recall_07: 0.037 braids_f1_07: 0.062 braids_precision_08: 0.120 braids_recall_08: 0.011 braids_f1_08: 0.019 braids_precision_09: 0.023 braids_recall_09: 0.002 braids_f1_09: 0.003 minade_1: 1.406 minfde_1: 3.086 mr_1: 0.490 brier_fde_1: 3.086 minade_k: 0.699 minfde_k: 1.024 mr_k: 0.091 brier_fde_k: 1.630 
2025-05-02 05:17:09:[Validation] Avg. loss: 0.349852, time cost: 7.7 mins
2025-05-02 05:17:09:-- braids_precision_01: 0.005 braids_recall_01: 0.975 braids_f1_01: 0.011 braids_precision_02: 0.005 braids_recall_02: 0.894 braids_f1_02: 0.011 braids_precision_03: 0.004 braids_recall_03: 0.694 braids_f1_03: 0.008 braids_precision_04: 0.477 braids_recall_04: 0.395 braids_f1_04: 0.417 braids_precision_05: 0.618 braids_recall_05: 0.148 braids_f1_05: 0.224 braids_precision_06: 0.545 braids_recall_06: 0.071 braids_f1_06: 0.119 braids_precision_07: 0.335 braids_recall_07: 0.028 braids_f1_07: 0.050 braids_precision_08: 0.112 braids_recall_08: 0.006 braids_f1_08: 0.011 braids_precision_09: 0.007 braids_recall_09: 0.000 braids_f1_09: 0.001 minade_1: 1.228 minfde_1: 2.658 mr_1: 0.450 brier_fde_1: 2.658 minade_k: 0.649 minfde_k: 0.941 mr_k: 0.080 brier_fde_k: 1.546 
2025-05-02 05:17:09:Save the model to saved_models/20250430-095941_DGFNet_ckpt_epoch30.tar
2025-05-02 05:17:09:
Epoch 31
2025-05-02 06:34:25:[Training] Avg. loss: 0.345119, time cost: 77.2 mins, lr: 0.0002, peak mem: 9363 MB
2025-05-02 06:34:25:-- braids_precision_01: 0.011 braids_recall_01: 0.982 braids_f1_01: 0.021 braids_precision_02: 0.011 braids_recall_02: 0.913 braids_f1_02: 0.022 braids_precision_03: 0.010 braids_recall_03: 0.729 braids_f1_03: 0.019 braids_precision_04: 0.492 braids_recall_04: 0.438 braids_f1_04: 0.436 braids_precision_05: 0.576 braids_recall_05: 0.187 braids_f1_05: 0.259 braids_precision_06: 0.467 braids_recall_06: 0.086 braids_f1_06: 0.136 braids_precision_07: 0.309 braids_recall_07: 0.039 braids_f1_07: 0.066 braids_precision_08: 0.128 braids_recall_08: 0.012 braids_f1_08: 0.021 braids_precision_09: 0.021 braids_recall_09: 0.002 braids_f1_09: 0.003 minade_1: 1.393 minfde_1: 3.057 mr_1: 0.485 brier_fde_1: 3.057 minade_k: 0.694 minfde_k: 1.014 mr_k: 0.091 brier_fde_k: 1.622 
2025-05-02 06:42:06:[Validation] Avg. loss: 0.347445, time cost: 7.7 mins
2025-05-02 06:42:06:-- braids_precision_01: 0.005 braids_recall_01: 0.978 braids_f1_01: 0.011 braids_precision_02: 0.005 braids_recall_02: 0.912 braids_f1_02: 0.011 braids_precision_03: 0.004 braids_recall_03: 0.736 braids_f1_03: 0.009 braids_precision_04: 0.453 braids_recall_04: 0.434 braids_f1_04: 0.428 braids_precision_05: 0.610 braids_recall_05: 0.185 braids_f1_05: 0.265 braids_precision_06: 0.604 braids_recall_06: 0.099 braids_f1_06: 0.161 braids_precision_07: 0.477 braids_recall_07: 0.050 braids_f1_07: 0.087 braids_precision_08: 0.265 braids_recall_08: 0.018 braids_f1_08: 0.034 braids_precision_09: 0.062 braids_recall_09: 0.003 braids_f1_09: 0.006 minade_1: 1.232 minfde_1: 2.669 mr_1: 0.452 brier_fde_1: 2.669 minade_k: 0.648 minfde_k: 0.934 mr_k: 0.077 brier_fde_k: 1.532 
2025-05-02 06:42:07:
Epoch 32
2025-05-02 07:59:30:[Training] Avg. loss: 0.341199, time cost: 77.4 mins, lr: 0.000183, peak mem: 9544 MB
2025-05-02 07:59:30:-- braids_precision_01: 0.011 braids_recall_01: 0.983 braids_f1_01: 0.021 braids_precision_02: 0.011 braids_recall_02: 0.914 braids_f1_02: 0.022 braids_precision_03: 0.010 braids_recall_03: 0.734 braids_f1_03: 0.019 braids_precision_04: 0.499 braids_recall_04: 0.445 braids_f1_04: 0.443 braids_precision_05: 0.586 braids_recall_05: 0.191 braids_f1_05: 0.265 braids_precision_06: 0.476 braids_recall_06: 0.088 braids_f1_06: 0.138 braids_precision_07: 0.317 braids_recall_07: 0.040 braids_f1_07: 0.068 braids_precision_08: 0.129 braids_recall_08: 0.012 braids_f1_08: 0.021 braids_precision_09: 0.014 braids_recall_09: 0.001 braids_f1_09: 0.002 minade_1: 1.388 minfde_1: 3.045 mr_1: 0.484 brier_fde_1: 3.045 minade_k: 0.690 minfde_k: 1.006 mr_k: 0.089 brier_fde_k: 1.612 
2025-05-02 08:07:12:[Validation] Avg. loss: 0.346368, time cost: 7.69 mins
2025-05-02 08:07:12:-- braids_precision_01: 0.005 braids_recall_01: 0.970 braids_f1_01: 0.011 braids_precision_02: 0.005 braids_recall_02: 0.878 braids_f1_02: 0.010 braids_precision_03: 0.004 braids_recall_03: 0.681 braids_f1_03: 0.008 braids_precision_04: 0.480 braids_recall_04: 0.403 braids_f1_04: 0.422 braids_precision_05: 0.629 braids_recall_05: 0.166 braids_f1_05: 0.245 braids_precision_06: 0.576 braids_recall_06: 0.084 braids_f1_06: 0.139 braids_precision_07: 0.438 braids_recall_07: 0.042 braids_f1_07: 0.073 braids_precision_08: 0.250 braids_recall_08: 0.018 braids_f1_08: 0.032 braids_precision_09: 0.145 braids_recall_09: 0.009 braids_f1_09: 0.016 minade_1: 1.233 minfde_1: 2.676 mr_1: 0.449 brier_fde_1: 2.676 minade_k: 0.652 minfde_k: 0.948 mr_k: 0.077 brier_fde_k: 1.530 
2025-05-02 08:07:12:
Epoch 33
2025-05-02 09:24:29:[Training] Avg. loss: 0.3388, time cost: 77.3 mins, lr: 0.000167, peak mem: 9655 MB
2025-05-02 09:24:29:-- braids_precision_01: 0.011 braids_recall_01: 0.983 braids_f1_01: 0.021 braids_precision_02: 0.011 braids_recall_02: 0.914 braids_f1_02: 0.022 braids_precision_03: 0.010 braids_recall_03: 0.734 braids_f1_03: 0.019 braids_precision_04: 0.502 braids_recall_04: 0.446 braids_f1_04: 0.446 braids_precision_05: 0.589 braids_recall_05: 0.194 braids_f1_05: 0.269 braids_precision_06: 0.483 braids_recall_06: 0.091 braids_f1_06: 0.143 braids_precision_07: 0.324 braids_recall_07: 0.043 braids_f1_07: 0.071 braids_precision_08: 0.143 braids_recall_08: 0.014 braids_f1_08: 0.025 braids_precision_09: 0.024 braids_recall_09: 0.002 braids_f1_09: 0.003 minade_1: 1.384 minfde_1: 3.038 mr_1: 0.482 brier_fde_1: 3.038 minade_k: 0.687 minfde_k: 1.004 mr_k: 0.089 brier_fde_k: 1.612 
2025-05-02 09:32:10:[Validation] Avg. loss: 0.346143, time cost: 7.68 mins
2025-05-02 09:32:10:-- braids_precision_01: 0.005 braids_recall_01: 0.975 braids_f1_01: 0.011 braids_precision_02: 0.005 braids_recall_02: 0.899 braids_f1_02: 0.011 braids_precision_03: 0.004 braids_recall_03: 0.723 braids_f1_03: 0.009 braids_precision_04: 0.443 braids_recall_04: 0.439 braids_f1_04: 0.427 braids_precision_05: 0.582 braids_recall_05: 0.210 braids_f1_05: 0.288 braids_precision_06: 0.596 braids_recall_06: 0.115 braids_f1_06: 0.180 braids_precision_07: 0.525 braids_recall_07: 0.064 braids_f1_07: 0.109 braids_precision_08: 0.325 braids_recall_08: 0.025 braids_f1_08: 0.046 braids_precision_09: 0.048 braids_recall_09: 0.002 braids_f1_09: 0.004 minade_1: 1.228 minfde_1: 2.668 mr_1: 0.452 brier_fde_1: 2.668 minade_k: 0.649 minfde_k: 0.938 mr_k: 0.076 brier_fde_k: 1.533 
2025-05-02 09:32:10:
Epoch 34
2025-05-02 10:49:27:[Training] Avg. loss: 0.337178, time cost: 77.3 mins, lr: 0.00015, peak mem: 9684 MB
2025-05-02 10:49:27:-- braids_precision_01: 0.011 braids_recall_01: 0.984 braids_f1_01: 0.021 braids_precision_02: 0.011 braids_recall_02: 0.916 braids_f1_02: 0.022 braids_precision_03: 0.010 braids_recall_03: 0.740 braids_f1_03: 0.019 braids_precision_04: 0.501 braids_recall_04: 0.453 braids_f1_04: 0.449 braids_precision_05: 0.586 braids_recall_05: 0.199 braids_f1_05: 0.273 braids_precision_06: 0.489 braids_recall_06: 0.094 braids_f1_06: 0.147 braids_precision_07: 0.339 braids_recall_07: 0.045 braids_f1_07: 0.076 braids_precision_08: 0.155 braids_recall_08: 0.015 braids_f1_08: 0.026 braids_precision_09: 0.027 braids_recall_09: 0.002 braids_f1_09: 0.004 minade_1: 1.373 minfde_1: 3.017 mr_1: 0.480 brier_fde_1: 3.017 minade_k: 0.683 minfde_k: 0.996 mr_k: 0.088 brier_fde_k: 1.604 
2025-05-02 10:57:08:[Validation] Avg. loss: 0.345975, time cost: 7.69 mins
2025-05-02 10:57:08:-- braids_precision_01: 0.005 braids_recall_01: 0.966 braids_f1_01: 0.011 braids_precision_02: 0.005 braids_recall_02: 0.884 braids_f1_02: 0.010 braids_precision_03: 0.004 braids_recall_03: 0.724 braids_f1_03: 0.009 braids_precision_04: 0.443 braids_recall_04: 0.472 braids_f1_04: 0.444 braids_precision_05: 0.603 braids_recall_05: 0.230 braids_f1_05: 0.314 braids_precision_06: 0.615 braids_recall_06: 0.113 braids_f1_06: 0.179 braids_precision_07: 0.507 braids_recall_07: 0.060 braids_f1_07: 0.103 braids_precision_08: 0.323 braids_recall_08: 0.024 braids_f1_08: 0.044 braids_precision_09: 0.066 braids_recall_09: 0.003 braids_f1_09: 0.006 minade_1: 1.250 minfde_1: 2.693 mr_1: 0.453 brier_fde_1: 2.693 minade_k: 0.653 minfde_k: 0.932 mr_k: 0.078 brier_fde_k: 1.537 
2025-05-02 10:57:08:
Epoch 35
2025-05-02 12:14:27:[Training] Avg. loss: 0.333107, time cost: 77.3 mins, lr: 0.000133, peak mem: 10544 MB
2025-05-02 12:14:27:-- braids_precision_01: 0.011 braids_recall_01: 0.984 braids_f1_01: 0.021 braids_precision_02: 0.011 braids_recall_02: 0.918 braids_f1_02: 0.022 braids_precision_03: 0.010 braids_recall_03: 0.743 braids_f1_03: 0.019 braids_precision_04: 0.504 braids_recall_04: 0.457 braids_f1_04: 0.454 braids_precision_05: 0.594 braids_recall_05: 0.202 braids_f1_05: 0.277 braids_precision_06: 0.496 braids_recall_06: 0.097 braids_f1_06: 0.151 braids_precision_07: 0.348 braids_recall_07: 0.047 braids_f1_07: 0.079 braids_precision_08: 0.160 braids_recall_08: 0.016 braids_f1_08: 0.027 braids_precision_09: 0.028 braids_recall_09: 0.002 braids_f1_09: 0.004 minade_1: 1.368 minfde_1: 3.007 mr_1: 0.478 brier_fde_1: 3.007 minade_k: 0.679 minfde_k: 0.988 mr_k: 0.086 brier_fde_k: 1.596 
2025-05-02 12:22:07:[Validation] Avg. loss: 0.342065, time cost: 7.68 mins
2025-05-02 12:22:07:-- braids_precision_01: 0.005 braids_recall_01: 0.984 braids_f1_01: 0.011 braids_precision_02: 0.005 braids_recall_02: 0.923 braids_f1_02: 0.011 braids_precision_03: 0.005 braids_recall_03: 0.751 braids_f1_03: 0.009 braids_precision_04: 0.462 braids_recall_04: 0.462 braids_f1_04: 0.448 braids_precision_05: 0.621 braids_recall_05: 0.196 braids_f1_05: 0.279 braids_precision_06: 0.605 braids_recall_06: 0.103 braids_f1_06: 0.165 braids_precision_07: 0.492 braids_recall_07: 0.054 braids_f1_07: 0.093 braids_precision_08: 0.284 braids_recall_08: 0.020 braids_f1_08: 0.037 braids_precision_09: 0.042 braids_recall_09: 0.002 braids_f1_09: 0.004 minade_1: 1.224 minfde_1: 2.651 mr_1: 0.447 brier_fde_1: 2.651 minade_k: 0.648 minfde_k: 0.934 mr_k: 0.076 brier_fde_k: 1.529 
2025-05-02 12:22:07:
Epoch 36
2025-05-02 01:39:25:[Training] Avg. loss: 0.33043, time cost: 77.3 mins, lr: 0.000117, peak mem: 10093 MB
2025-05-02 01:39:25:-- braids_precision_01: 0.011 braids_recall_01: 0.984 braids_f1_01: 0.022 braids_precision_02: 0.012 braids_recall_02: 0.919 braids_f1_02: 0.023 braids_precision_03: 0.010 braids_recall_03: 0.747 braids_f1_03: 0.019 braids_precision_04: 0.504 braids_recall_04: 0.465 braids_f1_04: 0.459 braids_precision_05: 0.599 braids_recall_05: 0.208 braids_f1_05: 0.285 braids_precision_06: 0.507 braids_recall_06: 0.100 braids_f1_06: 0.156 braids_precision_07: 0.358 braids_recall_07: 0.049 braids_f1_07: 0.082 braids_precision_08: 0.173 braids_recall_08: 0.017 braids_f1_08: 0.030 braids_precision_09: 0.029 braids_recall_09: 0.002 braids_f1_09: 0.004 minade_1: 1.363 minfde_1: 2.996 mr_1: 0.477 brier_fde_1: 2.996 minade_k: 0.676 minfde_k: 0.984 mr_k: 0.086 brier_fde_k: 1.592 
2025-05-02 01:47:06:[Validation] Avg. loss: 0.340471, time cost: 7.69 mins
2025-05-02 01:47:06:-- braids_precision_01: 0.005 braids_recall_01: 0.972 braids_f1_01: 0.011 braids_precision_02: 0.005 braids_recall_02: 0.883 braids_f1_02: 0.010 braids_precision_03: 0.004 braids_recall_03: 0.664 braids_f1_03: 0.008 braids_precision_04: 0.522 braids_recall_04: 0.345 braids_f1_04: 0.399 braids_precision_05: 0.629 braids_recall_05: 0.145 braids_f1_05: 0.220 braids_precision_06: 0.554 braids_recall_06: 0.074 braids_f1_06: 0.125 braids_precision_07: 0.372 braids_recall_07: 0.032 braids_f1_07: 0.057 braids_precision_08: 0.160 braids_recall_08: 0.010 braids_f1_08: 0.018 braids_precision_09: 0.026 braids_recall_09: 0.001 braids_f1_09: 0.002 minade_1: 1.217 minfde_1: 2.634 mr_1: 0.443 brier_fde_1: 2.634 minade_k: 0.643 minfde_k: 0.922 mr_k: 0.078 brier_fde_k: 1.532 
2025-05-02 01:47:06:
Epoch 37
2025-05-02 03:04:58:[Training] Avg. loss: 0.327681, time cost: 77.9 mins, lr: 0.0001, peak mem: 10385 MB
2025-05-02 03:04:58:-- braids_precision_01: 0.011 braids_recall_01: 0.984 braids_f1_01: 0.022 braids_precision_02: 0.012 braids_recall_02: 0.920 braids_f1_02: 0.023 braids_precision_03: 0.010 braids_recall_03: 0.750 braids_f1_03: 0.019 braids_precision_04: 0.507 braids_recall_04: 0.467 braids_f1_04: 0.462 braids_precision_05: 0.601 braids_recall_05: 0.211 braids_f1_05: 0.289 braids_precision_06: 0.512 braids_recall_06: 0.103 braids_f1_06: 0.159 braids_precision_07: 0.369 braids_recall_07: 0.051 braids_f1_07: 0.085 braids_precision_08: 0.182 braids_recall_08: 0.018 braids_f1_08: 0.032 braids_precision_09: 0.039 braids_recall_09: 0.003 braids_f1_09: 0.005 minade_1: 1.357 minfde_1: 2.983 mr_1: 0.474 brier_fde_1: 2.983 minade_k: 0.673 minfde_k: 0.976 mr_k: 0.084 brier_fde_k: 1.584 
2025-05-02 03:12:39:[Validation] Avg. loss: 0.340682, time cost: 7.7 mins
2025-05-02 03:12:39:-- braids_precision_01: 0.005 braids_recall_01: 0.973 braids_f1_01: 0.011 braids_precision_02: 0.005 braids_recall_02: 0.900 braids_f1_02: 0.011 braids_precision_03: 0.004 braids_recall_03: 0.719 braids_f1_03: 0.009 braids_precision_04: 0.493 braids_recall_04: 0.420 braids_f1_04: 0.439 braids_precision_05: 0.639 braids_recall_05: 0.183 braids_f1_05: 0.267 braids_precision_06: 0.610 braids_recall_06: 0.097 braids_f1_06: 0.158 braids_precision_07: 0.465 braids_recall_07: 0.048 braids_f1_07: 0.083 braids_precision_08: 0.232 braids_recall_08: 0.016 braids_f1_08: 0.029 braids_precision_09: 0.066 braids_recall_09: 0.003 braids_f1_09: 0.006 minade_1: 1.216 minfde_1: 2.637 mr_1: 0.444 brier_fde_1: 2.637 minade_k: 0.644 minfde_k: 0.935 mr_k: 0.074 brier_fde_k: 1.521 
2025-05-02 03:12:40:
Epoch 38
2025-05-02 04:29:50:[Training] Avg. loss: 0.325528, time cost: 77.2 mins, lr: 8.33e-05, peak mem: 10218 MB
2025-05-02 04:29:50:-- braids_precision_01: 0.011 braids_recall_01: 0.985 braids_f1_01: 0.022 braids_precision_02: 0.012 braids_recall_02: 0.922 braids_f1_02: 0.023 braids_precision_03: 0.010 braids_recall_03: 0.755 braids_f1_03: 0.019 braids_precision_04: 0.510 braids_recall_04: 0.474 braids_f1_04: 0.468 braids_precision_05: 0.603 braids_recall_05: 0.216 braids_f1_05: 0.295 braids_precision_06: 0.515 braids_recall_06: 0.105 braids_f1_06: 0.163 braids_precision_07: 0.376 braids_recall_07: 0.053 braids_f1_07: 0.088 braids_precision_08: 0.187 braids_recall_08: 0.019 braids_f1_08: 0.033 braids_precision_09: 0.032 braids_recall_09: 0.002 braids_f1_09: 0.004 minade_1: 1.352 minfde_1: 2.974 mr_1: 0.472 brier_fde_1: 2.974 minade_k: 0.670 minfde_k: 0.972 mr_k: 0.084 brier_fde_k: 1.580 
2025-05-02 04:37:31:[Validation] Avg. loss: 0.336791, time cost: 7.68 mins
2025-05-02 04:37:31:-- braids_precision_01: 0.006 braids_recall_01: 0.970 braids_f1_01: 0.011 braids_precision_02: 0.005 braids_recall_02: 0.892 braids_f1_02: 0.011 braids_precision_03: 0.004 braids_recall_03: 0.725 braids_f1_03: 0.009 braids_precision_04: 0.480 braids_recall_04: 0.455 braids_f1_04: 0.455 braids_precision_05: 0.625 braids_recall_05: 0.213 braids_f1_05: 0.300 braids_precision_06: 0.635 braids_recall_06: 0.115 braids_f1_06: 0.183 braids_precision_07: 0.541 braids_recall_07: 0.066 braids_f1_07: 0.112 braids_precision_08: 0.355 braids_recall_08: 0.029 braids_f1_08: 0.052 braids_precision_09: 0.152 braids_recall_09: 0.009 braids_f1_09: 0.017 minade_1: 1.212 minfde_1: 2.627 mr_1: 0.440 brier_fde_1: 2.627 minade_k: 0.640 minfde_k: 0.915 mr_k: 0.075 brier_fde_k: 1.518 
2025-05-02 04:37:31:
Epoch 39
2025-05-02 05:54:40:[Training] Avg. loss: 0.32342, time cost: 77.1 mins, lr: 6.67e-05, peak mem: 9251 MB
2025-05-02 05:54:40:-- braids_precision_01: 0.011 braids_recall_01: 0.985 braids_f1_01: 0.022 braids_precision_02: 0.012 braids_recall_02: 0.923 braids_f1_02: 0.023 braids_precision_03: 0.010 braids_recall_03: 0.756 braids_f1_03: 0.020 braids_precision_04: 0.511 braids_recall_04: 0.478 braids_f1_04: 0.471 braids_precision_05: 0.608 braids_recall_05: 0.221 braids_f1_05: 0.300 braids_precision_06: 0.527 braids_recall_06: 0.109 braids_f1_06: 0.168 braids_precision_07: 0.391 braids_recall_07: 0.057 braids_f1_07: 0.093 braids_precision_08: 0.206 braids_recall_08: 0.021 braids_f1_08: 0.037 braids_precision_09: 0.050 braids_recall_09: 0.004 braids_f1_09: 0.007 minade_1: 1.346 minfde_1: 2.964 mr_1: 0.470 brier_fde_1: 2.964 minade_k: 0.666 minfde_k: 0.967 mr_k: 0.083 brier_fde_k: 1.574 
2025-05-02 06:02:22:[Validation] Avg. loss: 0.336387, time cost: 7.7 mins
2025-05-02 06:02:22:-- braids_precision_01: 0.006 braids_recall_01: 0.971 braids_f1_01: 0.011 braids_precision_02: 0.005 braids_recall_02: 0.879 braids_f1_02: 0.010 braids_precision_03: 0.004 braids_recall_03: 0.673 braids_f1_03: 0.008 braids_precision_04: 0.517 braids_recall_04: 0.380 braids_f1_04: 0.422 braids_precision_05: 0.640 braids_recall_05: 0.178 braids_f1_05: 0.261 braids_precision_06: 0.610 braids_recall_06: 0.099 braids_f1_06: 0.160 braids_precision_07: 0.485 braids_recall_07: 0.050 braids_f1_07: 0.088 braids_precision_08: 0.265 braids_recall_08: 0.018 braids_f1_08: 0.033 braids_precision_09: 0.050 braids_recall_09: 0.002 braids_f1_09: 0.005 minade_1: 1.210 minfde_1: 2.623 mr_1: 0.442 brier_fde_1: 2.623 minade_k: 0.641 minfde_k: 0.915 mr_k: 0.073 brier_fde_k: 1.518 
2025-05-02 06:02:22:
Epoch 40
2025-05-02 07:20:20:[Training] Avg. loss: 0.321216, time cost: 78.0 mins, lr: 5e-05, peak mem: 9596 MB
2025-05-02 07:20:20:-- braids_precision_01: 0.011 braids_recall_01: 0.985 braids_f1_01: 0.022 braids_precision_02: 0.012 braids_recall_02: 0.924 braids_f1_02: 0.023 braids_precision_03: 0.010 braids_recall_03: 0.760 braids_f1_03: 0.020 braids_precision_04: 0.511 braids_recall_04: 0.484 braids_f1_04: 0.474 braids_precision_05: 0.608 braids_recall_05: 0.225 braids_f1_05: 0.304 braids_precision_06: 0.530 braids_recall_06: 0.111 braids_f1_06: 0.171 braids_precision_07: 0.397 braids_recall_07: 0.058 braids_f1_07: 0.096 braids_precision_08: 0.221 braids_recall_08: 0.023 braids_f1_08: 0.040 braids_precision_09: 0.051 braids_recall_09: 0.004 braids_f1_09: 0.007 minade_1: 1.341 minfde_1: 2.954 mr_1: 0.469 brier_fde_1: 2.954 minade_k: 0.663 minfde_k: 0.961 mr_k: 0.082 brier_fde_k: 1.568 
2025-05-02 07:28:01:[Validation] Avg. loss: 0.336732, time cost: 7.69 mins
2025-05-02 07:28:01:-- braids_precision_01: 0.006 braids_recall_01: 0.975 braids_f1_01: 0.011 braids_precision_02: 0.005 braids_recall_02: 0.894 braids_f1_02: 0.011 braids_precision_03: 0.004 braids_recall_03: 0.702 braids_f1_03: 0.009 braids_precision_04: 0.510 braids_recall_04: 0.406 braids_f1_04: 0.437 braids_precision_05: 0.632 braids_recall_05: 0.191 braids_f1_05: 0.275 braids_precision_06: 0.618 braids_recall_06: 0.112 braids_f1_06: 0.178 braids_precision_07: 0.516 braids_recall_07: 0.063 braids_f1_07: 0.106 braids_precision_08: 0.334 braids_recall_08: 0.027 braids_f1_08: 0.048 braids_precision_09: 0.105 braids_recall_09: 0.006 braids_f1_09: 0.011 minade_1: 1.212 minfde_1: 2.622 mr_1: 0.439 brier_fde_1: 2.622 minade_k: 0.641 minfde_k: 0.909 mr_k: 0.073 brier_fde_k: 1.512 
2025-05-02 07:28:01:Save the model to saved_models/20250430-095941_DGFNet_ckpt_epoch40.tar
2025-05-02 07:28:01:
Epoch 41
2025-05-02 08:45:45:[Training] Avg. loss: 0.319893, time cost: 77.7 mins, lr: 5e-05, peak mem: 9363 MB
2025-05-02 08:45:45:-- braids_precision_01: 0.011 braids_recall_01: 0.985 braids_f1_01: 0.022 braids_precision_02: 0.012 braids_recall_02: 0.925 braids_f1_02: 0.023 braids_precision_03: 0.010 braids_recall_03: 0.761 braids_f1_03: 0.020 braids_precision_04: 0.511 braids_recall_04: 0.484 braids_f1_04: 0.474 braids_precision_05: 0.609 braids_recall_05: 0.226 braids_f1_05: 0.305 braids_precision_06: 0.530 braids_recall_06: 0.111 braids_f1_06: 0.170 braids_precision_07: 0.396 braids_recall_07: 0.058 braids_f1_07: 0.096 braids_precision_08: 0.220 braids_recall_08: 0.023 braids_f1_08: 0.040 braids_precision_09: 0.051 braids_recall_09: 0.004 braids_f1_09: 0.007 minade_1: 1.339 minfde_1: 2.950 mr_1: 0.469 brier_fde_1: 2.950 minade_k: 0.662 minfde_k: 0.958 mr_k: 0.081 brier_fde_k: 1.566 
2025-05-02 08:53:26:[Validation] Avg. loss: 0.335401, time cost: 7.69 mins
2025-05-02 08:53:26:-- braids_precision_01: 0.006 braids_recall_01: 0.968 braids_f1_01: 0.011 braids_precision_02: 0.005 braids_recall_02: 0.889 braids_f1_02: 0.011 braids_precision_03: 0.004 braids_recall_03: 0.712 braids_f1_03: 0.009 braids_precision_04: 0.480 braids_recall_04: 0.444 braids_f1_04: 0.448 braids_precision_05: 0.629 braids_recall_05: 0.214 braids_f1_05: 0.301 braids_precision_06: 0.627 braids_recall_06: 0.113 braids_f1_06: 0.180 braids_precision_07: 0.529 braids_recall_07: 0.064 braids_f1_07: 0.108 braids_precision_08: 0.344 braids_recall_08: 0.027 braids_f1_08: 0.049 braids_precision_09: 0.104 braids_recall_09: 0.006 braids_f1_09: 0.010 minade_1: 1.211 minfde_1: 2.625 mr_1: 0.441 brier_fde_1: 2.625 minade_k: 0.639 minfde_k: 0.912 mr_k: 0.074 brier_fde_k: 1.513 
2025-05-02 08:53:26:
Epoch 42
2025-05-02 10:12:26:[Training] Avg. loss: 0.319486, time cost: 79.0 mins, lr: 5e-05, peak mem: 9565 MB
2025-05-02 10:12:26:-- braids_precision_01: 0.011 braids_recall_01: 0.985 braids_f1_01: 0.022 braids_precision_02: 0.012 braids_recall_02: 0.925 braids_f1_02: 0.023 braids_precision_03: 0.010 braids_recall_03: 0.761 braids_f1_03: 0.020 braids_precision_04: 0.512 braids_recall_04: 0.486 braids_f1_04: 0.476 braids_precision_05: 0.610 braids_recall_05: 0.226 braids_f1_05: 0.305 braids_precision_06: 0.532 braids_recall_06: 0.112 braids_f1_06: 0.171 braids_precision_07: 0.401 braids_recall_07: 0.059 braids_f1_07: 0.098 braids_precision_08: 0.227 braids_recall_08: 0.024 braids_f1_08: 0.041 braids_precision_09: 0.056 braids_recall_09: 0.004 braids_f1_09: 0.008 minade_1: 1.337 minfde_1: 2.944 mr_1: 0.468 brier_fde_1: 2.944 minade_k: 0.661 minfde_k: 0.956 mr_k: 0.081 brier_fde_k: 1.565 
2025-05-02 10:20:07:[Validation] Avg. loss: 0.335191, time cost: 7.68 mins
2025-05-02 10:20:07:-- braids_precision_01: 0.006 braids_recall_01: 0.969 braids_f1_01: 0.011 braids_precision_02: 0.005 braids_recall_02: 0.878 braids_f1_02: 0.010 braids_precision_03: 0.004 braids_recall_03: 0.678 braids_f1_03: 0.008 braids_precision_04: 0.512 braids_recall_04: 0.395 braids_f1_04: 0.431 braids_precision_05: 0.629 braids_recall_05: 0.193 braids_f1_05: 0.277 braids_precision_06: 0.625 braids_recall_06: 0.115 braids_f1_06: 0.182 braids_precision_07: 0.532 braids_recall_07: 0.066 braids_f1_07: 0.112 braids_precision_08: 0.365 braids_recall_08: 0.029 braids_f1_08: 0.053 braids_precision_09: 0.130 braids_recall_09: 0.007 braids_f1_09: 0.013 minade_1: 1.213 minfde_1: 2.631 mr_1: 0.438 brier_fde_1: 2.631 minade_k: 0.637 minfde_k: 0.910 mr_k: 0.073 brier_fde_k: 1.512 
2025-05-02 10:20:07:
Epoch 43
2025-05-02 11:37:26:[Training] Avg. loss: 0.319279, time cost: 77.3 mins, lr: 5e-05, peak mem: 9885 MB
2025-05-02 11:37:26:-- braids_precision_01: 0.011 braids_recall_01: 0.985 braids_f1_01: 0.022 braids_precision_02: 0.012 braids_recall_02: 0.925 braids_f1_02: 0.023 braids_precision_03: 0.010 braids_recall_03: 0.763 braids_f1_03: 0.020 braids_precision_04: 0.513 braids_recall_04: 0.487 braids_f1_04: 0.477 braids_precision_05: 0.610 braids_recall_05: 0.227 braids_f1_05: 0.306 braids_precision_06: 0.532 braids_recall_06: 0.113 braids_f1_06: 0.173 braids_precision_07: 0.400 braids_recall_07: 0.060 braids_f1_07: 0.098 braids_precision_08: 0.228 braids_recall_08: 0.024 braids_f1_08: 0.042 braids_precision_09: 0.051 braids_recall_09: 0.004 braids_f1_09: 0.007 minade_1: 1.337 minfde_1: 2.947 mr_1: 0.468 brier_fde_1: 2.947 minade_k: 0.661 minfde_k: 0.956 mr_k: 0.081 brier_fde_k: 1.565 
2025-05-02 11:45:07:[Validation] Avg. loss: 0.333493, time cost: 7.68 mins
2025-05-02 11:45:07:-- braids_precision_01: 0.006 braids_recall_01: 0.971 braids_f1_01: 0.011 braids_precision_02: 0.005 braids_recall_02: 0.884 braids_f1_02: 0.011 braids_precision_03: 0.004 braids_recall_03: 0.680 braids_f1_03: 0.008 braids_precision_04: 0.508 braids_recall_04: 0.387 braids_f1_04: 0.424 braids_precision_05: 0.635 braids_recall_05: 0.179 braids_f1_05: 0.263 braids_precision_06: 0.605 braids_recall_06: 0.099 braids_f1_06: 0.160 braids_precision_07: 0.486 braids_recall_07: 0.051 braids_f1_07: 0.089 braids_precision_08: 0.280 braids_recall_08: 0.019 braids_f1_08: 0.035 braids_precision_09: 0.044 braids_recall_09: 0.002 braids_f1_09: 0.004 minade_1: 1.207 minfde_1: 2.620 mr_1: 0.437 brier_fde_1: 2.620 minade_k: 0.637 minfde_k: 0.906 mr_k: 0.073 brier_fde_k: 1.507 
2025-05-02 11:45:07:
Epoch 44
2025-05-03 01:02:19:[Training] Avg. loss: 0.318792, time cost: 77.2 mins, lr: 5e-05, peak mem: 9350 MB
2025-05-03 01:02:19:-- braids_precision_01: 0.011 braids_recall_01: 0.985 braids_f1_01: 0.022 braids_precision_02: 0.012 braids_recall_02: 0.925 braids_f1_02: 0.023 braids_precision_03: 0.010 braids_recall_03: 0.763 braids_f1_03: 0.020 braids_precision_04: 0.513 braids_recall_04: 0.485 braids_f1_04: 0.476 braids_precision_05: 0.613 braids_recall_05: 0.228 braids_f1_05: 0.307 braids_precision_06: 0.535 braids_recall_06: 0.113 braids_f1_06: 0.172 braids_precision_07: 0.402 braids_recall_07: 0.059 braids_f1_07: 0.097 braids_precision_08: 0.225 braids_recall_08: 0.024 braids_f1_08: 0.041 braids_precision_09: 0.052 braids_recall_09: 0.004 braids_f1_09: 0.008 minade_1: 1.336 minfde_1: 2.945 mr_1: 0.468 brier_fde_1: 2.945 minade_k: 0.660 minfde_k: 0.956 mr_k: 0.081 brier_fde_k: 1.563 
2025-05-03 01:10:00:[Validation] Avg. loss: 0.336145, time cost: 7.68 mins
2025-05-03 01:10:00:-- braids_precision_01: 0.006 braids_recall_01: 0.969 braids_f1_01: 0.011 braids_precision_02: 0.005 braids_recall_02: 0.881 braids_f1_02: 0.010 braids_precision_03: 0.004 braids_recall_03: 0.674 braids_f1_03: 0.008 braids_precision_04: 0.530 braids_recall_04: 0.383 braids_f1_04: 0.429 braids_precision_05: 0.646 braids_recall_05: 0.181 braids_f1_05: 0.266 braids_precision_06: 0.621 braids_recall_06: 0.101 braids_f1_06: 0.164 braids_precision_07: 0.491 braids_recall_07: 0.053 braids_f1_07: 0.092 braids_precision_08: 0.296 braids_recall_08: 0.022 braids_f1_08: 0.039 braids_precision_09: 0.096 braids_recall_09: 0.005 braids_f1_09: 0.010 minade_1: 1.211 minfde_1: 2.625 mr_1: 0.438 brier_fde_1: 2.625 minade_k: 0.637 minfde_k: 0.909 mr_k: 0.074 brier_fde_k: 1.511 
2025-05-03 01:10:00:
Epoch 45
2025-05-03 02:27:10:[Training] Avg. loss: 0.318434, time cost: 77.2 mins, lr: 5e-05, peak mem: 9728 MB
2025-05-03 02:27:10:-- braids_precision_01: 0.011 braids_recall_01: 0.986 braids_f1_01: 0.022 braids_precision_02: 0.012 braids_recall_02: 0.925 braids_f1_02: 0.023 braids_precision_03: 0.010 braids_recall_03: 0.762 braids_f1_03: 0.020 braids_precision_04: 0.514 braids_recall_04: 0.485 braids_f1_04: 0.476 braids_precision_05: 0.610 braids_recall_05: 0.227 braids_f1_05: 0.307 braids_precision_06: 0.534 braids_recall_06: 0.112 braids_f1_06: 0.172 braids_precision_07: 0.401 braids_recall_07: 0.059 braids_f1_07: 0.097 braids_precision_08: 0.218 braids_recall_08: 0.022 braids_f1_08: 0.039 braids_precision_09: 0.049 braids_recall_09: 0.004 braids_f1_09: 0.007 minade_1: 1.334 minfde_1: 2.940 mr_1: 0.467 brier_fde_1: 2.940 minade_k: 0.659 minfde_k: 0.953 mr_k: 0.081 brier_fde_k: 1.561 
2025-05-03 02:34:51:[Validation] Avg. loss: 0.336783, time cost: 7.69 mins
2025-05-03 02:34:51:-- braids_precision_01: 0.006 braids_recall_01: 0.972 braids_f1_01: 0.011 braids_precision_02: 0.005 braids_recall_02: 0.889 braids_f1_02: 0.011 braids_precision_03: 0.004 braids_recall_03: 0.692 braids_f1_03: 0.008 braids_precision_04: 0.521 braids_recall_04: 0.394 braids_f1_04: 0.434 braids_precision_05: 0.640 braids_recall_05: 0.185 braids_f1_05: 0.270 braids_precision_06: 0.617 braids_recall_06: 0.106 braids_f1_06: 0.170 braids_precision_07: 0.511 braids_recall_07: 0.058 braids_f1_07: 0.099 braids_precision_08: 0.315 braids_recall_08: 0.024 braids_f1_08: 0.043 braids_precision_09: 0.066 braids_recall_09: 0.003 braids_f1_09: 0.006 minade_1: 1.214 minfde_1: 2.630 mr_1: 0.442 brier_fde_1: 2.630 minade_k: 0.642 minfde_k: 0.916 mr_k: 0.073 brier_fde_k: 1.511 
2025-05-03 02:34:51:
Epoch 46
2025-05-03 03:51:54:[Training] Avg. loss: 0.317696, time cost: 77.0 mins, lr: 5e-05, peak mem: 9688 MB
2025-05-03 03:51:54:-- braids_precision_01: 0.011 braids_recall_01: 0.985 braids_f1_01: 0.022 braids_precision_02: 0.012 braids_recall_02: 0.925 braids_f1_02: 0.023 braids_precision_03: 0.010 braids_recall_03: 0.765 braids_f1_03: 0.020 braids_precision_04: 0.513 braids_recall_04: 0.489 braids_f1_04: 0.478 braids_precision_05: 0.612 braids_recall_05: 0.230 braids_f1_05: 0.310 braids_precision_06: 0.532 braids_recall_06: 0.114 braids_f1_06: 0.175 braids_precision_07: 0.399 braids_recall_07: 0.060 braids_f1_07: 0.098 braids_precision_08: 0.222 braids_recall_08: 0.024 braids_f1_08: 0.041 braids_precision_09: 0.048 braids_recall_09: 0.004 braids_f1_09: 0.007 minade_1: 1.335 minfde_1: 2.944 mr_1: 0.469 brier_fde_1: 2.944 minade_k: 0.659 minfde_k: 0.955 mr_k: 0.081 brier_fde_k: 1.563 
2025-05-03 03:59:35:[Validation] Avg. loss: 0.336019, time cost: 7.69 mins
2025-05-03 03:59:35:-- braids_precision_01: 0.006 braids_recall_01: 0.977 braids_f1_01: 0.011 braids_precision_02: 0.005 braids_recall_02: 0.909 braids_f1_02: 0.011 braids_precision_03: 0.004 braids_recall_03: 0.733 braids_f1_03: 0.009 braids_precision_04: 0.493 braids_recall_04: 0.431 braids_f1_04: 0.446 braids_precision_05: 0.637 braids_recall_05: 0.195 braids_f1_05: 0.281 braids_precision_06: 0.621 braids_recall_06: 0.107 braids_f1_06: 0.172 braids_precision_07: 0.507 braids_recall_07: 0.057 braids_f1_07: 0.097 braids_precision_08: 0.289 braids_recall_08: 0.021 braids_f1_08: 0.038 braids_precision_09: 0.053 braids_recall_09: 0.003 braids_f1_09: 0.005 minade_1: 1.210 minfde_1: 2.627 mr_1: 0.441 brier_fde_1: 2.627 minade_k: 0.639 minfde_k: 0.911 mr_k: 0.075 brier_fde_k: 1.512 
2025-05-03 03:59:35:
Epoch 47
2025-05-03 05:16:47:[Training] Avg. loss: 0.317353, time cost: 77.2 mins, lr: 5e-05, peak mem: 10550 MB
2025-05-03 05:16:47:-- braids_precision_01: 0.011 braids_recall_01: 0.985 braids_f1_01: 0.022 braids_precision_02: 0.012 braids_recall_02: 0.925 braids_f1_02: 0.023 braids_precision_03: 0.010 braids_recall_03: 0.764 braids_f1_03: 0.020 braids_precision_04: 0.516 braids_recall_04: 0.487 braids_f1_04: 0.479 braids_precision_05: 0.616 braids_recall_05: 0.229 braids_f1_05: 0.309 braids_precision_06: 0.538 braids_recall_06: 0.114 braids_f1_06: 0.175 braids_precision_07: 0.406 braids_recall_07: 0.061 braids_f1_07: 0.099 braids_precision_08: 0.230 braids_recall_08: 0.024 braids_f1_08: 0.042 braids_precision_09: 0.056 braids_recall_09: 0.005 braids_f1_09: 0.008 minade_1: 1.333 minfde_1: 2.940 mr_1: 0.468 brier_fde_1: 2.940 minade_k: 0.659 minfde_k: 0.954 mr_k: 0.080 brier_fde_k: 1.562 
2025-05-03 05:24:28:[Validation] Avg. loss: 0.336837, time cost: 7.69 mins
2025-05-03 05:24:28:-- braids_precision_01: 0.006 braids_recall_01: 0.969 braids_f1_01: 0.011 braids_precision_02: 0.005 braids_recall_02: 0.888 braids_f1_02: 0.011 braids_precision_03: 0.004 braids_recall_03: 0.716 braids_f1_03: 0.009 braids_precision_04: 0.480 braids_recall_04: 0.447 braids_f1_04: 0.450 braids_precision_05: 0.614 braids_recall_05: 0.221 braids_f1_05: 0.307 braids_precision_06: 0.641 braids_recall_06: 0.123 braids_f1_06: 0.194 braids_precision_07: 0.562 braids_recall_07: 0.071 braids_f1_07: 0.120 braids_precision_08: 0.375 braids_recall_08: 0.030 braids_f1_08: 0.054 braids_precision_09: 0.085 braids_recall_09: 0.004 braids_f1_09: 0.008 minade_1: 1.213 minfde_1: 2.632 mr_1: 0.441 brier_fde_1: 2.632 minade_k: 0.640 minfde_k: 0.916 mr_k: 0.074 brier_fde_k: 1.513 
2025-05-03 05:24:28:
Epoch 48
2025-05-03 06:41:42:[Training] Avg. loss: 0.316838, time cost: 77.2 mins, lr: 5e-05, peak mem: 9912 MB
2025-05-03 06:41:42:-- braids_precision_01: 0.011 braids_recall_01: 0.985 braids_f1_01: 0.022 braids_precision_02: 0.012 braids_recall_02: 0.925 braids_f1_02: 0.023 braids_precision_03: 0.010 braids_recall_03: 0.764 braids_f1_03: 0.020 braids_precision_04: 0.515 braids_recall_04: 0.489 braids_f1_04: 0.480 braids_precision_05: 0.616 braids_recall_05: 0.231 braids_f1_05: 0.311 braids_precision_06: 0.534 braids_recall_06: 0.113 braids_f1_06: 0.173 braids_precision_07: 0.403 braids_recall_07: 0.059 braids_f1_07: 0.098 braids_precision_08: 0.229 braids_recall_08: 0.024 braids_f1_08: 0.041 braids_precision_09: 0.055 braids_recall_09: 0.004 braids_f1_09: 0.008 minade_1: 1.331 minfde_1: 2.936 mr_1: 0.468 brier_fde_1: 2.936 minade_k: 0.658 minfde_k: 0.953 mr_k: 0.081 brier_fde_k: 1.562 
2025-05-03 06:49:23:[Validation] Avg. loss: 0.336578, time cost: 7.69 mins
2025-05-03 06:49:23:-- braids_precision_01: 0.006 braids_recall_01: 0.973 braids_f1_01: 0.011 braids_precision_02: 0.005 braids_recall_02: 0.898 braids_f1_02: 0.011 braids_precision_03: 0.004 braids_recall_03: 0.726 braids_f1_03: 0.009 braids_precision_04: 0.488 braids_recall_04: 0.444 braids_f1_04: 0.452 braids_precision_05: 0.628 braids_recall_05: 0.211 braids_f1_05: 0.298 braids_precision_06: 0.621 braids_recall_06: 0.115 braids_f1_06: 0.183 braids_precision_07: 0.527 braids_recall_07: 0.063 braids_f1_07: 0.108 braids_precision_08: 0.348 braids_recall_08: 0.028 braids_f1_08: 0.050 braids_precision_09: 0.079 braids_recall_09: 0.004 braids_f1_09: 0.007 minade_1: 1.210 minfde_1: 2.629 mr_1: 0.442 brier_fde_1: 2.629 minade_k: 0.638 minfde_k: 0.909 mr_k: 0.073 brier_fde_k: 1.508 
2025-05-03 06:49:23:
Epoch 49
2025-05-03 08:06:31:[Training] Avg. loss: 0.316702, time cost: 77.1 mins, lr: 5e-05, peak mem: 9499 MB
2025-05-03 08:06:31:-- braids_precision_01: 0.011 braids_recall_01: 0.986 braids_f1_01: 0.022 braids_precision_02: 0.012 braids_recall_02: 0.925 braids_f1_02: 0.023 braids_precision_03: 0.010 braids_recall_03: 0.765 braids_f1_03: 0.020 braids_precision_04: 0.515 braids_recall_04: 0.490 braids_f1_04: 0.480 braids_precision_05: 0.615 braids_recall_05: 0.230 braids_f1_05: 0.311 braids_precision_06: 0.537 braids_recall_06: 0.115 braids_f1_06: 0.176 braids_precision_07: 0.404 braids_recall_07: 0.060 braids_f1_07: 0.099 braids_precision_08: 0.225 braids_recall_08: 0.023 braids_f1_08: 0.041 braids_precision_09: 0.044 braids_recall_09: 0.003 braids_f1_09: 0.006 minade_1: 1.332 minfde_1: 2.939 mr_1: 0.466 brier_fde_1: 2.939 minade_k: 0.657 minfde_k: 0.952 mr_k: 0.080 brier_fde_k: 1.560 
2025-05-03 08:14:12:[Validation] Avg. loss: 0.336093, time cost: 7.69 mins
2025-05-03 08:14:12:-- braids_precision_01: 0.006 braids_recall_01: 0.972 braids_f1_01: 0.011 braids_precision_02: 0.005 braids_recall_02: 0.896 braids_f1_02: 0.011 braids_precision_03: 0.004 braids_recall_03: 0.718 braids_f1_03: 0.009 braids_precision_04: 0.494 braids_recall_04: 0.433 braids_f1_04: 0.449 braids_precision_05: 0.638 braids_recall_05: 0.205 braids_f1_05: 0.293 braids_precision_06: 0.631 braids_recall_06: 0.113 braids_f1_06: 0.181 braids_precision_07: 0.535 braids_recall_07: 0.065 braids_f1_07: 0.110 braids_precision_08: 0.344 braids_recall_08: 0.028 braids_f1_08: 0.050 braids_precision_09: 0.125 braids_recall_09: 0.007 braids_f1_09: 0.013 minade_1: 1.214 minfde_1: 2.628 mr_1: 0.442 brier_fde_1: 2.628 minade_k: 0.639 minfde_k: 0.909 mr_k: 0.073 brier_fde_k: 1.509 
2025-05-03 08:14:12:
Training completed in 4214.51 mins
