2025-04-20 11:45:41:Args: Namespace(adv_cfg_path='config.DGFNet_cfg', data_aug=True, features_dir='data_argo/features/', logger_writer=True, mode='train', model_path=None, no_pbar=False, rank_metric='brier_fde_k', resume=False, seed=42, train_batch_size=8, train_epoches=50, use_cuda=True, val_batch_size=16, val_interval=2)

2025-04-20 11:45:41:Project Path: /home/deng/DGFNet-main
2025-04-20 11:45:41:Datetime: 20250420-234541

2025-04-20 11:45:41:Commit Msg: fatal: 不是 git 仓库（或者直至挂载点 / 的任何父目录）
停止在文件系统边界（未设置 GIT_DISCOVERY_ACROSS_FILESYSTEM）。

2025-04-20 11:45:41:======================================

2025-04-20 11:45:44:
Epoch 0
2025-04-21 01:03:55:[Training] Avg. loss: 0.711665, time cost: 78.2 mins, lr: 5e-05, peak mem: 10071 MB
2025-04-21 01:03:55:-- braids_precision_01: 0.007 braids_recall_01: 0.587 braids_f1_01: 0.013 braids_precision_02: 0.006 braids_recall_02: 0.119 braids_f1_02: 0.011 braids_precision_03: 0.002 braids_recall_03: 0.005 braids_f1_03: 0.002 braids_precision_04: 0.000 braids_recall_04: 0.001 braids_f1_04: 0.000 braids_precision_05: 0.000 braids_recall_05: 0.000 braids_f1_05: 0.000 braids_precision_06: 0.000 braids_recall_06: 0.000 braids_f1_06: 0.000 braids_precision_07: 0.000 braids_recall_07: 0.000 braids_f1_07: 0.000 braids_precision_08: 0.000 braids_recall_08: 0.000 braids_f1_08: 0.000 braids_precision_09: 0.000 braids_recall_09: 0.000 braids_f1_09: 0.000 minade_1: 2.442 minfde_1: 5.320 mr_1: 0.704 brier_fde_1: 5.320 minade_k: 1.352 minfde_k: 2.267 mr_k: 0.282 brier_fde_k: 2.888 
2025-04-21 01:03:55:
Epoch 1
2025-04-21 02:22:09:[Training] Avg. loss: 0.534032, time cost: 78.2 mins, lr: 0.00014, peak mem: 10076 MB
2025-04-21 02:22:09:-- braids_precision_01: 0.011 braids_recall_01: 0.602 braids_f1_01: 0.022 braids_precision_02: 0.047 braids_recall_02: 0.347 braids_f1_02: 0.072 braids_precision_03: 0.081 braids_recall_03: 0.087 braids_f1_03: 0.074 braids_precision_04: 0.008 braids_recall_04: 0.005 braids_f1_04: 0.005 braids_precision_05: 0.000 braids_recall_05: 0.000 braids_f1_05: 0.000 braids_precision_06: 0.000 braids_recall_06: 0.000 braids_f1_06: 0.000 braids_precision_07: 0.000 braids_recall_07: 0.000 braids_f1_07: 0.000 braids_precision_08: 0.000 braids_recall_08: 0.000 braids_f1_08: 0.000 braids_precision_09: 0.000 braids_recall_09: 0.000 braids_f1_09: 0.000 minade_1: 1.960 minfde_1: 4.303 mr_1: 0.652 brier_fde_1: 4.303 minade_k: 0.957 minfde_k: 1.571 mr_k: 0.193 brier_fde_k: 2.194 
2025-04-21 02:29:54:[Validation] Avg. loss: 0.498463, time cost: 7.76 mins
2025-04-21 02:29:54:-- braids_precision_01: 0.012 braids_recall_01: 0.808 braids_f1_01: 0.024 braids_precision_02: 0.050 braids_recall_02: 0.651 braids_f1_02: 0.090 braids_precision_03: 0.180 braids_recall_03: 0.368 braids_f1_03: 0.215 braids_precision_04: 0.052 braids_recall_04: 0.031 braids_f1_04: 0.035 braids_precision_05: 0.000 braids_recall_05: 0.000 braids_f1_05: 0.000 braids_precision_06: 0.000 braids_recall_06: 0.000 braids_f1_06: 0.000 braids_precision_07: 0.000 braids_recall_07: 0.000 braids_f1_07: 0.000 braids_precision_08: 0.000 braids_recall_08: 0.000 braids_f1_08: 0.000 braids_precision_09: 0.000 braids_recall_09: 0.000 braids_f1_09: 0.000 minade_1: 1.655 minfde_1: 3.604 mr_1: 0.611 brier_fde_1: 3.604 minade_k: 0.883 minfde_k: 1.429 mr_k: 0.158 brier_fde_k: 2.013 
2025-04-21 02:29:54:
Epoch 2
2025-04-21 03:48:14:[Training] Avg. loss: 0.491094, time cost: 78.3 mins, lr: 0.00023, peak mem: 9856 MB
2025-04-21 03:48:14:-- braids_precision_01: 0.018 braids_recall_01: 0.610 braids_f1_01: 0.034 braids_precision_02: 0.080 braids_recall_02: 0.459 braids_f1_02: 0.121 braids_precision_03: 0.165 braids_recall_03: 0.224 braids_f1_03: 0.168 braids_precision_04: 0.041 braids_recall_04: 0.029 braids_f1_04: 0.031 braids_precision_05: 0.003 braids_recall_05: 0.001 braids_f1_05: 0.002 braids_precision_06: 0.000 braids_recall_06: 0.000 braids_f1_06: 0.000 braids_precision_07: 0.000 braids_recall_07: 0.000 braids_f1_07: 0.000 braids_precision_08: 0.000 braids_recall_08: 0.000 braids_f1_08: 0.000 braids_precision_09: 0.000 braids_recall_09: 0.000 braids_f1_09: 0.000 minade_1: 1.859 minfde_1: 4.058 mr_1: 0.627 brier_fde_1: 4.058 minade_k: 0.915 minfde_k: 1.472 mr_k: 0.175 brier_fde_k: 2.089 
2025-04-21 03:48:14:
Epoch 3
2025-04-21 05:06:26:[Training] Avg. loss: 0.464857, time cost: 78.2 mins, lr: 0.00032, peak mem: 9902 MB
2025-04-21 05:06:26:-- braids_precision_01: 0.022 braids_recall_01: 0.615 braids_f1_01: 0.042 braids_precision_02: 0.098 braids_recall_02: 0.516 braids_f1_02: 0.147 braids_precision_03: 0.199 braids_recall_03: 0.327 braids_f1_03: 0.219 braids_precision_04: 0.092 braids_recall_04: 0.076 braids_f1_04: 0.075 braids_precision_05: 0.031 braids_recall_05: 0.018 braids_f1_05: 0.021 braids_precision_06: 0.004 braids_recall_06: 0.002 braids_f1_06: 0.002 braids_precision_07: 0.000 braids_recall_07: 0.000 braids_f1_07: 0.000 braids_precision_08: 0.000 braids_recall_08: 0.000 braids_f1_08: 0.000 braids_precision_09: 0.000 braids_recall_09: 0.000 braids_f1_09: 0.000 minade_1: 1.788 minfde_1: 3.899 mr_1: 0.606 brier_fde_1: 3.899 minade_k: 0.885 minfde_k: 1.404 mr_k: 0.162 brier_fde_k: 2.018 
2025-04-21 05:14:12:[Validation] Avg. loss: 0.438859, time cost: 7.76 mins
2025-04-21 05:14:12:-- braids_precision_01: 0.020 braids_recall_01: 0.802 braids_f1_01: 0.039 braids_precision_02: 0.089 braids_recall_02: 0.713 braids_f1_02: 0.148 braids_precision_03: 0.195 braids_recall_03: 0.521 braids_f1_03: 0.254 braids_precision_04: 0.134 braids_recall_04: 0.130 braids_f1_04: 0.108 braids_precision_05: 0.079 braids_recall_05: 0.060 braids_f1_05: 0.057 braids_precision_06: 0.037 braids_recall_06: 0.016 braids_f1_06: 0.020 braids_precision_07: 0.001 braids_recall_07: 0.000 braids_f1_07: 0.000 braids_precision_08: 0.000 braids_recall_08: 0.000 braids_f1_08: 0.000 braids_precision_09: 0.000 braids_recall_09: 0.000 braids_f1_09: 0.000 minade_1: 1.677 minfde_1: 3.569 mr_1: 0.606 brier_fde_1: 3.569 minade_k: 0.771 minfde_k: 1.178 mr_k: 0.117 brier_fde_k: 1.788 
2025-04-21 05:14:12:
Epoch 4
2025-04-21 06:32:25:[Training] Avg. loss: 0.447358, time cost: 78.2 mins, lr: 0.00041, peak mem: 10498 MB
2025-04-21 06:32:25:-- braids_precision_01: 0.024 braids_recall_01: 0.621 braids_f1_01: 0.045 braids_precision_02: 0.105 braids_recall_02: 0.540 braids_f1_02: 0.157 braids_precision_03: 0.211 braids_recall_03: 0.366 braids_f1_03: 0.239 braids_precision_04: 0.120 braids_recall_04: 0.102 braids_f1_04: 0.099 braids_precision_05: 0.055 braids_recall_05: 0.033 braids_f1_05: 0.038 braids_precision_06: 0.016 braids_recall_06: 0.008 braids_f1_06: 0.010 braids_precision_07: 0.002 braids_recall_07: 0.001 braids_f1_07: 0.001 braids_precision_08: 0.000 braids_recall_08: 0.000 braids_f1_08: 0.000 braids_precision_09: 0.000 braids_recall_09: 0.000 braids_f1_09: 0.000 minade_1: 1.751 minfde_1: 3.817 mr_1: 0.595 brier_fde_1: 3.817 minade_k: 0.867 minfde_k: 1.362 mr_k: 0.155 brier_fde_k: 1.975 
2025-04-21 06:32:25:
Epoch 5
2025-04-21 07:50:40:[Training] Avg. loss: 0.4356, time cost: 78.3 mins, lr: 0.0005, peak mem: 9685 MB
2025-04-21 07:50:40:-- braids_precision_01: 0.025 braids_recall_01: 0.623 braids_f1_01: 0.047 braids_precision_02: 0.110 braids_recall_02: 0.549 braids_f1_02: 0.163 braids_precision_03: 0.218 braids_recall_03: 0.384 braids_f1_03: 0.248 braids_precision_04: 0.140 braids_recall_04: 0.119 braids_f1_04: 0.117 braids_precision_05: 0.069 braids_recall_05: 0.043 braids_f1_05: 0.049 braids_precision_06: 0.022 braids_recall_06: 0.011 braids_f1_06: 0.014 braids_precision_07: 0.004 braids_recall_07: 0.002 braids_f1_07: 0.002 braids_precision_08: 0.000 braids_recall_08: 0.000 braids_f1_08: 0.000 braids_precision_09: 0.000 braids_recall_09: 0.000 braids_f1_09: 0.000 minade_1: 1.735 minfde_1: 3.788 mr_1: 0.590 brier_fde_1: 3.788 minade_k: 0.858 minfde_k: 1.345 mr_k: 0.150 brier_fde_k: 1.958 
2025-04-21 07:58:24:[Validation] Avg. loss: 0.427633, time cost: 7.73 mins
2025-04-21 07:58:24:-- braids_precision_01: 0.022 braids_recall_01: 0.815 braids_f1_01: 0.043 braids_precision_02: 0.104 braids_recall_02: 0.730 braids_f1_02: 0.170 braids_precision_03: 0.248 braids_recall_03: 0.547 braids_f1_03: 0.310 braids_precision_04: 0.154 braids_recall_04: 0.119 braids_f1_04: 0.119 braids_precision_05: 0.098 braids_recall_05: 0.053 braids_f1_05: 0.064 braids_precision_06: 0.028 braids_recall_06: 0.008 braids_f1_06: 0.012 braids_precision_07: 0.000 braids_recall_07: 0.000 braids_f1_07: 0.000 braids_precision_08: 0.000 braids_recall_08: 0.000 braids_f1_08: 0.000 braids_precision_09: 0.000 braids_recall_09: 0.000 braids_f1_09: 0.000 minade_1: 1.550 minfde_1: 3.252 mr_1: 0.566 brier_fde_1: 3.252 minade_k: 0.792 minfde_k: 1.157 mr_k: 0.121 brier_fde_k: 1.772 
2025-04-21 07:58:24:
Epoch 6
2025-04-21 09:16:24:[Training] Avg. loss: 0.422158, time cost: 78.0 mins, lr: 0.00049, peak mem: 9484 MB
2025-04-21 09:16:24:-- braids_precision_01: 0.027 braids_recall_01: 0.624 braids_f1_01: 0.051 braids_precision_02: 0.116 braids_recall_02: 0.554 braids_f1_02: 0.172 braids_precision_03: 0.232 braids_recall_03: 0.405 braids_f1_03: 0.266 braids_precision_04: 0.159 braids_recall_04: 0.139 braids_f1_04: 0.136 braids_precision_05: 0.087 braids_recall_05: 0.054 braids_f1_05: 0.062 braids_precision_06: 0.031 braids_recall_06: 0.016 braids_f1_06: 0.020 braids_precision_07: 0.007 braids_recall_07: 0.003 braids_f1_07: 0.004 braids_precision_08: 0.000 braids_recall_08: 0.000 braids_f1_08: 0.000 braids_precision_09: 0.000 braids_recall_09: 0.000 braids_f1_09: 0.000 minade_1: 1.687 minfde_1: 3.682 mr_1: 0.575 brier_fde_1: 3.682 minade_k: 0.837 minfde_k: 1.302 mr_k: 0.142 brier_fde_k: 1.914 
2025-04-21 09:16:24:
Epoch 7
2025-04-21 10:34:28:[Training] Avg. loss: 0.434628, time cost: 78.1 mins, lr: 0.00048, peak mem: 9720 MB
2025-04-21 10:34:28:-- braids_precision_01: 0.029 braids_recall_01: 0.622 braids_f1_01: 0.053 braids_precision_02: 0.123 braids_recall_02: 0.560 braids_f1_02: 0.181 braids_precision_03: 0.235 braids_recall_03: 0.412 braids_f1_03: 0.270 braids_precision_04: 0.172 braids_recall_04: 0.153 braids_f1_04: 0.148 braids_precision_05: 0.098 braids_recall_05: 0.063 braids_f1_05: 0.072 braids_precision_06: 0.036 braids_recall_06: 0.019 braids_f1_06: 0.023 braids_precision_07: 0.007 braids_recall_07: 0.003 braids_f1_07: 0.004 braids_precision_08: 0.001 braids_recall_08: 0.000 braids_f1_08: 0.000 braids_precision_09: 0.000 braids_recall_09: 0.000 braids_f1_09: 0.000 minade_1: 1.773 minfde_1: 3.898 mr_1: 0.598 brier_fde_1: 3.898 minade_k: 0.884 minfde_k: 1.422 mr_k: 0.170 brier_fde_k: 2.034 
2025-04-21 10:42:13:[Validation] Avg. loss: 0.473154, time cost: 7.75 mins
2025-04-21 10:42:13:-- braids_precision_01: 0.017 braids_recall_01: 0.819 braids_f1_01: 0.032 braids_precision_02: 0.065 braids_recall_02: 0.749 braids_f1_02: 0.112 braids_precision_03: 0.201 braids_recall_03: 0.546 braids_f1_03: 0.261 braids_precision_04: 0.166 braids_recall_04: 0.168 braids_f1_04: 0.141 braids_precision_05: 0.157 braids_recall_05: 0.094 braids_f1_05: 0.109 braids_precision_06: 0.062 braids_recall_06: 0.023 braids_f1_06: 0.032 braids_precision_07: 0.011 braids_recall_07: 0.004 braids_f1_07: 0.005 braids_precision_08: 0.000 braids_recall_08: 0.000 braids_f1_08: 0.000 braids_precision_09: 0.000 braids_recall_09: 0.000 braids_f1_09: 0.000 minade_1: 1.785 minfde_1: 3.918 mr_1: 0.618 brier_fde_1: 3.918 minade_k: 0.941 minfde_k: 1.608 mr_k: 0.211 brier_fde_k: 2.204 
2025-04-21 10:42:13:
Epoch 8
2025-04-21 12:00:10:[Training] Avg. loss: 0.463337, time cost: 77.9 mins, lr: 0.00047, peak mem: 10294 MB
2025-04-21 12:00:10:-- braids_precision_01: 0.030 braids_recall_01: 0.627 braids_f1_01: 0.055 braids_precision_02: 0.129 braids_recall_02: 0.565 braids_f1_02: 0.188 braids_precision_03: 0.238 braids_recall_03: 0.434 braids_f1_03: 0.277 braids_precision_04: 0.182 braids_recall_04: 0.175 braids_f1_04: 0.161 braids_precision_05: 0.106 braids_recall_05: 0.073 braids_f1_05: 0.080 braids_precision_06: 0.039 braids_recall_06: 0.021 braids_f1_06: 0.026 braids_precision_07: 0.008 braids_recall_07: 0.004 braids_f1_07: 0.005 braids_precision_08: 0.001 braids_recall_08: 0.001 braids_f1_08: 0.001 braids_precision_09: 0.000 braids_recall_09: 0.000 braids_f1_09: 0.000 minade_1: 2.024 minfde_1: 4.489 mr_1: 0.650 brier_fde_1: 4.489 minade_k: 0.999 minfde_k: 1.713 mr_k: 0.232 brier_fde_k: 2.330 
2025-04-21 12:00:10:
Epoch 9
2025-04-21 01:18:27:[Training] Avg. loss: 0.44931, time cost: 78.3 mins, lr: 0.00046, peak mem: 9747 MB
2025-04-21 01:18:27:-- braids_precision_01: 0.031 braids_recall_01: 0.623 braids_f1_01: 0.057 braids_precision_02: 0.133 braids_recall_02: 0.565 braids_f1_02: 0.193 braids_precision_03: 0.244 braids_recall_03: 0.440 braids_f1_03: 0.282 braids_precision_04: 0.195 braids_recall_04: 0.190 braids_f1_04: 0.175 braids_precision_05: 0.118 braids_recall_05: 0.082 braids_f1_05: 0.090 braids_precision_06: 0.049 braids_recall_06: 0.026 braids_f1_06: 0.032 braids_precision_07: 0.012 braids_recall_07: 0.005 braids_f1_07: 0.007 braids_precision_08: 0.002 braids_recall_08: 0.001 braids_f1_08: 0.001 braids_precision_09: 0.000 braids_recall_09: 0.000 braids_f1_09: 0.000 minade_1: 2.000 minfde_1: 4.440 mr_1: 0.647 brier_fde_1: 4.440 minade_k: 0.978 minfde_k: 1.669 mr_k: 0.223 brier_fde_k: 2.285 
2025-04-21 01:26:11:[Validation] Avg. loss: 0.446152, time cost: 7.73 mins
2025-04-21 01:26:11:-- braids_precision_01: 0.024 braids_recall_01: 0.811 braids_f1_01: 0.045 braids_precision_02: 0.124 braids_recall_02: 0.728 braids_f1_02: 0.199 braids_precision_03: 0.245 braids_recall_03: 0.548 braids_f1_03: 0.307 braids_precision_04: 0.257 braids_recall_04: 0.244 braids_f1_04: 0.224 braids_precision_05: 0.158 braids_recall_05: 0.096 braids_f1_05: 0.110 braids_precision_06: 0.083 braids_recall_06: 0.037 braids_f1_06: 0.048 braids_precision_07: 0.013 braids_recall_07: 0.004 braids_f1_07: 0.006 braids_precision_08: 0.000 braids_recall_08: 0.000 braids_f1_08: 0.000 braids_precision_09: 0.000 braids_recall_09: 0.000 braids_f1_09: 0.000 minade_1: 1.756 minfde_1: 3.859 mr_1: 0.615 brier_fde_1: 3.859 minade_k: 0.872 minfde_k: 1.450 mr_k: 0.179 brier_fde_k: 2.052 
2025-04-21 01:26:11:
Epoch 10
2025-04-21 02:44:05:[Training] Avg. loss: 0.437184, time cost: 77.9 mins, lr: 0.00045, peak mem: 9836 MB
2025-04-21 02:44:05:-- braids_precision_01: 0.034 braids_recall_01: 0.623 braids_f1_01: 0.062 braids_precision_02: 0.143 braids_recall_02: 0.568 braids_f1_02: 0.206 braids_precision_03: 0.256 braids_recall_03: 0.451 braids_f1_03: 0.295 braids_precision_04: 0.218 braids_recall_04: 0.215 braids_f1_04: 0.197 braids_precision_05: 0.131 braids_recall_05: 0.092 braids_f1_05: 0.100 braids_precision_06: 0.064 braids_recall_06: 0.036 braids_f1_06: 0.043 braids_precision_07: 0.016 braids_recall_07: 0.007 braids_f1_07: 0.009 braids_precision_08: 0.003 braids_recall_08: 0.001 braids_f1_08: 0.002 braids_precision_09: 0.000 braids_recall_09: 0.000 braids_f1_09: 0.000 minade_1: 1.945 minfde_1: 4.309 mr_1: 0.632 brier_fde_1: 4.309 minade_k: 0.949 minfde_k: 1.592 mr_k: 0.207 brier_fde_k: 2.210 
2025-04-21 02:44:05:Save the model to saved_models/20250420-234541_DGFNet_ckpt_epoch10.tar
2025-04-21 02:44:05:
Epoch 11
2025-04-21 04:01:57:[Training] Avg. loss: 0.428729, time cost: 77.9 mins, lr: 0.00044, peak mem: 9677 MB
2025-04-21 04:01:57:-- braids_precision_01: 0.037 braids_recall_01: 0.621 braids_f1_01: 0.066 braids_precision_02: 0.155 braids_recall_02: 0.570 braids_f1_02: 0.220 braids_precision_03: 0.264 braids_recall_03: 0.455 braids_f1_03: 0.303 braids_precision_04: 0.229 braids_recall_04: 0.229 braids_f1_04: 0.210 braids_precision_05: 0.136 braids_recall_05: 0.099 braids_f1_05: 0.107 braids_precision_06: 0.070 braids_recall_06: 0.040 braids_f1_06: 0.047 braids_precision_07: 0.020 braids_recall_07: 0.010 braids_f1_07: 0.012 braids_precision_08: 0.004 braids_recall_08: 0.002 braids_f1_08: 0.002 braids_precision_09: 0.001 braids_recall_09: 0.000 braids_f1_09: 0.000 minade_1: 1.916 minfde_1: 4.242 mr_1: 0.625 brier_fde_1: 4.242 minade_k: 0.933 minfde_k: 1.557 mr_k: 0.201 brier_fde_k: 2.172 
2025-04-21 04:09:41:[Validation] Avg. loss: 0.429743, time cost: 7.73 mins
2025-04-21 04:09:41:-- braids_precision_01: 0.034 braids_recall_01: 0.810 braids_f1_01: 0.063 braids_precision_02: 0.157 braids_recall_02: 0.732 braids_f1_02: 0.241 braids_precision_03: 0.279 braids_recall_03: 0.594 braids_f1_03: 0.346 braids_precision_04: 0.317 braids_recall_04: 0.320 braids_f1_04: 0.288 braids_precision_05: 0.161 braids_recall_05: 0.092 braids_f1_05: 0.108 braids_precision_06: 0.094 braids_recall_06: 0.042 braids_f1_06: 0.054 braids_precision_07: 0.025 braids_recall_07: 0.007 braids_f1_07: 0.010 braids_precision_08: 0.000 braids_recall_08: 0.000 braids_f1_08: 0.000 braids_precision_09: 0.000 braids_recall_09: 0.000 braids_f1_09: 0.000 minade_1: 1.759 minfde_1: 3.886 mr_1: 0.636 brier_fde_1: 3.886 minade_k: 0.880 minfde_k: 1.484 mr_k: 0.181 brier_fde_k: 2.109 
2025-04-21 04:09:41:
Epoch 12
2025-04-21 05:27:33:[Training] Avg. loss: 0.422782, time cost: 77.9 mins, lr: 0.00043, peak mem: 9698 MB
2025-04-21 05:27:33:-- braids_precision_01: 0.036 braids_recall_01: 0.629 braids_f1_01: 0.065 braids_precision_02: 0.152 braids_recall_02: 0.577 braids_f1_02: 0.217 braids_precision_03: 0.264 braids_recall_03: 0.464 braids_f1_03: 0.306 braids_precision_04: 0.242 braids_recall_04: 0.251 braids_f1_04: 0.226 braids_precision_05: 0.150 braids_recall_05: 0.113 braids_f1_05: 0.120 braids_precision_06: 0.087 braids_recall_06: 0.053 braids_f1_06: 0.061 braids_precision_07: 0.026 braids_recall_07: 0.013 braids_f1_07: 0.016 braids_precision_08: 0.002 braids_recall_08: 0.001 braids_f1_08: 0.001 braids_precision_09: 0.000 braids_recall_09: 0.000 braids_f1_09: 0.000 minade_1: 1.887 minfde_1: 4.175 mr_1: 0.619 brier_fde_1: 4.175 minade_k: 0.920 minfde_k: 1.525 mr_k: 0.195 brier_fde_k: 2.142 
2025-04-21 05:27:33:
Epoch 13
2025-04-21 06:45:26:[Training] Avg. loss: 0.422797, time cost: 77.9 mins, lr: 0.00042, peak mem: 9644 MB
2025-04-21 06:45:26:-- braids_precision_01: 0.035 braids_recall_01: 0.627 braids_f1_01: 0.063 braids_precision_02: 0.158 braids_recall_02: 0.577 braids_f1_02: 0.224 braids_precision_03: 0.274 braids_recall_03: 0.469 braids_f1_03: 0.315 braids_precision_04: 0.254 braids_recall_04: 0.261 braids_f1_04: 0.237 braids_precision_05: 0.154 braids_recall_05: 0.117 braids_f1_05: 0.125 braids_precision_06: 0.089 braids_recall_06: 0.054 braids_f1_06: 0.063 braids_precision_07: 0.031 braids_recall_07: 0.015 braids_f1_07: 0.019 braids_precision_08: 0.003 braids_recall_08: 0.001 braids_f1_08: 0.002 braids_precision_09: 0.000 braids_recall_09: 0.000 braids_f1_09: 0.000 minade_1: 1.941 minfde_1: 4.308 mr_1: 0.621 brier_fde_1: 4.308 minade_k: 0.932 minfde_k: 1.563 mr_k: 0.202 brier_fde_k: 2.180 
2025-04-21 06:53:11:[Validation] Avg. loss: 0.428945, time cost: 7.74 mins
2025-04-21 06:53:11:-- braids_precision_01: 0.026 braids_recall_01: 0.817 braids_f1_01: 0.050 braids_precision_02: 0.123 braids_recall_02: 0.750 braids_f1_02: 0.196 braids_precision_03: 0.263 braids_recall_03: 0.610 braids_f1_03: 0.335 braids_precision_04: 0.300 braids_recall_04: 0.322 braids_f1_04: 0.278 braids_precision_05: 0.180 braids_recall_05: 0.113 braids_f1_05: 0.128 braids_precision_06: 0.122 braids_recall_06: 0.061 braids_f1_06: 0.076 braids_precision_07: 0.049 braids_recall_07: 0.018 braids_f1_07: 0.025 braids_precision_08: 0.012 braids_recall_08: 0.004 braids_f1_08: 0.006 braids_precision_09: 0.005 braids_recall_09: 0.002 braids_f1_09: 0.003 minade_1: 1.807 minfde_1: 3.868 mr_1: 0.652 brier_fde_1: 3.868 minade_k: 0.864 minfde_k: 1.386 mr_k: 0.156 brier_fde_k: 2.034 
2025-04-21 06:53:11:
Epoch 14
2025-04-21 08:11:07:[Training] Avg. loss: 0.416796, time cost: 77.9 mins, lr: 0.00041, peak mem: 9805 MB
2025-04-21 08:11:07:-- braids_precision_01: 0.035 braids_recall_01: 0.624 braids_f1_01: 0.063 braids_precision_02: 0.154 braids_recall_02: 0.575 braids_f1_02: 0.218 braids_precision_03: 0.273 braids_recall_03: 0.473 braids_f1_03: 0.315 braids_precision_04: 0.262 braids_recall_04: 0.272 braids_f1_04: 0.246 braids_precision_05: 0.163 braids_recall_05: 0.123 braids_f1_05: 0.130 braids_precision_06: 0.092 braids_recall_06: 0.057 braids_f1_06: 0.066 braids_precision_07: 0.028 braids_recall_07: 0.014 braids_f1_07: 0.018 braids_precision_08: 0.004 braids_recall_08: 0.002 braids_f1_08: 0.002 braids_precision_09: 0.001 braids_recall_09: 0.000 braids_f1_09: 0.000 minade_1: 1.904 minfde_1: 4.224 mr_1: 0.615 brier_fde_1: 4.224 minade_k: 0.913 minfde_k: 1.516 mr_k: 0.192 brier_fde_k: 2.132 
2025-04-21 08:11:07:
Epoch 15
2025-04-21 09:29:02:[Training] Avg. loss: 0.410379, time cost: 77.9 mins, lr: 0.0004, peak mem: 9944 MB
2025-04-21 09:29:02:-- braids_precision_01: 0.034 braids_recall_01: 0.627 braids_f1_01: 0.062 braids_precision_02: 0.152 braids_recall_02: 0.577 braids_f1_02: 0.215 braids_precision_03: 0.274 braids_recall_03: 0.476 braids_f1_03: 0.316 braids_precision_04: 0.265 braids_recall_04: 0.278 braids_f1_04: 0.249 braids_precision_05: 0.166 braids_recall_05: 0.127 braids_f1_05: 0.135 braids_precision_06: 0.096 braids_recall_06: 0.059 braids_f1_06: 0.068 braids_precision_07: 0.033 braids_recall_07: 0.017 braids_f1_07: 0.021 braids_precision_08: 0.003 braids_recall_08: 0.001 braids_f1_08: 0.002 braids_precision_09: 0.000 braids_recall_09: 0.000 braids_f1_09: 0.000 minade_1: 1.859 minfde_1: 4.119 mr_1: 0.609 brier_fde_1: 4.119 minade_k: 0.901 minfde_k: 1.487 mr_k: 0.186 brier_fde_k: 2.102 
2025-04-21 09:36:46:[Validation] Avg. loss: 0.416354, time cost: 7.73 mins
2025-04-21 09:36:46:-- braids_precision_01: 0.031 braids_recall_01: 0.815 braids_f1_01: 0.058 braids_precision_02: 0.153 braids_recall_02: 0.725 braids_f1_02: 0.236 braids_precision_03: 0.260 braids_recall_03: 0.570 braids_f1_03: 0.326 braids_precision_04: 0.295 braids_recall_04: 0.332 braids_f1_04: 0.278 braids_precision_05: 0.201 braids_recall_05: 0.155 braids_f1_05: 0.157 braids_precision_06: 0.163 braids_recall_06: 0.101 braids_f1_06: 0.115 braids_precision_07: 0.096 braids_recall_07: 0.046 braids_f1_07: 0.057 braids_precision_08: 0.020 braids_recall_08: 0.006 braids_f1_08: 0.009 braids_precision_09: 0.000 braids_recall_09: 0.000 braids_f1_09: 0.000 minade_1: 1.797 minfde_1: 3.897 mr_1: 0.629 brier_fde_1: 3.897 minade_k: 0.855 minfde_k: 1.400 mr_k: 0.174 brier_fde_k: 2.006 
2025-04-21 09:36:46:
Epoch 16
2025-04-21 10:54:41:[Training] Avg. loss: 0.407701, time cost: 77.9 mins, lr: 0.00039, peak mem: 10127 MB
2025-04-21 10:54:41:-- braids_precision_01: 0.034 braids_recall_01: 0.629 braids_f1_01: 0.063 braids_precision_02: 0.157 braids_recall_02: 0.582 braids_f1_02: 0.221 braids_precision_03: 0.279 braids_recall_03: 0.482 braids_f1_03: 0.322 braids_precision_04: 0.270 braids_recall_04: 0.287 braids_f1_04: 0.256 braids_precision_05: 0.169 braids_recall_05: 0.132 braids_f1_05: 0.138 braids_precision_06: 0.100 braids_recall_06: 0.063 braids_f1_06: 0.072 braids_precision_07: 0.037 braids_recall_07: 0.019 braids_f1_07: 0.023 braids_precision_08: 0.004 braids_recall_08: 0.002 braids_f1_08: 0.002 braids_precision_09: 0.000 braids_recall_09: 0.000 braids_f1_09: 0.000 minade_1: 1.858 minfde_1: 4.113 mr_1: 0.606 brier_fde_1: 4.113 minade_k: 0.897 minfde_k: 1.477 mr_k: 0.183 brier_fde_k: 2.093 
2025-04-21 10:54:41:
Epoch 17
2025-04-22 12:12:51:[Training] Avg. loss: 0.407003, time cost: 78.2 mins, lr: 0.00038, peak mem: 9583 MB
2025-04-22 12:12:51:-- braids_precision_01: 0.033 braids_recall_01: 0.628 braids_f1_01: 0.061 braids_precision_02: 0.148 braids_recall_02: 0.580 braids_f1_02: 0.210 braids_precision_03: 0.279 braids_recall_03: 0.482 braids_f1_03: 0.322 braids_precision_04: 0.281 braids_recall_04: 0.300 braids_f1_04: 0.268 braids_precision_05: 0.174 braids_recall_05: 0.134 braids_f1_05: 0.141 braids_precision_06: 0.111 braids_recall_06: 0.070 braids_f1_06: 0.081 braids_precision_07: 0.049 braids_recall_07: 0.026 braids_f1_07: 0.032 braids_precision_08: 0.009 braids_recall_08: 0.004 braids_f1_08: 0.005 braids_precision_09: 0.000 braids_recall_09: 0.000 braids_f1_09: 0.000 minade_1: 1.881 minfde_1: 4.168 mr_1: 0.606 brier_fde_1: 4.168 minade_k: 0.899 minfde_k: 1.484 mr_k: 0.186 brier_fde_k: 2.102 
2025-04-22 12:20:35:[Validation] Avg. loss: 0.405585, time cost: 7.73 mins
2025-04-22 12:20:35:-- braids_precision_01: 0.027 braids_recall_01: 0.816 braids_f1_01: 0.051 braids_precision_02: 0.114 braids_recall_02: 0.757 braids_f1_02: 0.184 braids_precision_03: 0.248 braids_recall_03: 0.613 braids_f1_03: 0.323 braids_precision_04: 0.317 braids_recall_04: 0.382 braids_f1_04: 0.311 braids_precision_05: 0.233 braids_recall_05: 0.173 braids_f1_05: 0.181 braids_precision_06: 0.159 braids_recall_06: 0.089 braids_f1_06: 0.106 braids_precision_07: 0.084 braids_recall_07: 0.036 braids_f1_07: 0.047 braids_precision_08: 0.009 braids_recall_08: 0.002 braids_f1_08: 0.003 braids_precision_09: 0.000 braids_recall_09: 0.000 braids_f1_09: 0.000 minade_1: 1.586 minfde_1: 3.452 mr_1: 0.567 brier_fde_1: 3.452 minade_k: 0.826 minfde_k: 1.319 mr_k: 0.155 brier_fde_k: 1.923 
2025-04-22 12:20:35:
Epoch 18
2025-04-22 01:38:25:[Training] Avg. loss: 0.405029, time cost: 77.8 mins, lr: 0.00037, peak mem: 9579 MB
2025-04-22 01:38:25:-- braids_precision_01: 0.033 braids_recall_01: 0.629 braids_f1_01: 0.061 braids_precision_02: 0.152 braids_recall_02: 0.583 braids_f1_02: 0.216 braids_precision_03: 0.278 braids_recall_03: 0.487 braids_f1_03: 0.322 braids_precision_04: 0.284 braids_recall_04: 0.307 braids_f1_04: 0.272 braids_precision_05: 0.179 braids_recall_05: 0.142 braids_f1_05: 0.147 braids_precision_06: 0.110 braids_recall_06: 0.073 braids_f1_06: 0.082 braids_precision_07: 0.045 braids_recall_07: 0.024 braids_f1_07: 0.029 braids_precision_08: 0.006 braids_recall_08: 0.003 braids_f1_08: 0.004 braids_precision_09: 0.000 braids_recall_09: 0.000 braids_f1_09: 0.000 minade_1: 1.862 minfde_1: 4.129 mr_1: 0.602 brier_fde_1: 4.129 minade_k: 0.894 minfde_k: 1.474 mr_k: 0.182 brier_fde_k: 2.088 
2025-04-22 01:38:25:
Epoch 19
2025-04-22 02:56:15:[Training] Avg. loss: 0.406057, time cost: 77.8 mins, lr: 0.00036, peak mem: 10208 MB
2025-04-22 02:56:15:-- braids_precision_01: 0.035 braids_recall_01: 0.625 braids_f1_01: 0.063 braids_precision_02: 0.155 braids_recall_02: 0.578 braids_f1_02: 0.219 braids_precision_03: 0.278 braids_recall_03: 0.476 braids_f1_03: 0.321 braids_precision_04: 0.270 braids_recall_04: 0.283 braids_f1_04: 0.256 braids_precision_05: 0.177 braids_recall_05: 0.138 braids_f1_05: 0.146 braids_precision_06: 0.111 braids_recall_06: 0.072 braids_f1_06: 0.082 braids_precision_07: 0.048 braids_recall_07: 0.026 braids_f1_07: 0.031 braids_precision_08: 0.008 braids_recall_08: 0.004 braids_f1_08: 0.005 braids_precision_09: 0.000 braids_recall_09: 0.000 braids_f1_09: 0.000 minade_1: 1.838 minfde_1: 4.076 mr_1: 0.600 brier_fde_1: 4.076 minade_k: 0.886 minfde_k: 1.455 mr_k: 0.181 brier_fde_k: 2.069 
2025-04-22 03:03:59:[Validation] Avg. loss: 0.409468, time cost: 7.72 mins
2025-04-22 03:03:59:-- braids_precision_01: 0.034 braids_recall_01: 0.813 braids_f1_01: 0.063 braids_precision_02: 0.166 braids_recall_02: 0.741 braids_f1_02: 0.251 braids_precision_03: 0.296 braids_recall_03: 0.613 braids_f1_03: 0.364 braids_precision_04: 0.376 braids_recall_04: 0.419 braids_f1_04: 0.360 braids_precision_05: 0.257 braids_recall_05: 0.183 braids_f1_05: 0.197 braids_precision_06: 0.166 braids_recall_06: 0.098 braids_f1_06: 0.114 braids_precision_07: 0.100 braids_recall_07: 0.049 braids_f1_07: 0.061 braids_precision_08: 0.033 braids_recall_08: 0.012 braids_f1_08: 0.017 braids_precision_09: 0.002 braids_recall_09: 0.001 braids_f1_09: 0.001 minade_1: 1.623 minfde_1: 3.576 mr_1: 0.577 brier_fde_1: 3.576 minade_k: 0.826 minfde_k: 1.345 mr_k: 0.155 brier_fde_k: 1.959 
2025-04-22 03:03:59:
Epoch 20
2025-04-22 04:21:48:[Training] Avg. loss: 0.396891, time cost: 77.8 mins, lr: 0.00035, peak mem: 9438 MB
2025-04-22 04:21:48:-- braids_precision_01: 0.035 braids_recall_01: 0.629 braids_f1_01: 0.063 braids_precision_02: 0.148 braids_recall_02: 0.584 braids_f1_02: 0.209 braids_precision_03: 0.278 braids_recall_03: 0.491 braids_f1_03: 0.323 braids_precision_04: 0.291 braids_recall_04: 0.315 braids_f1_04: 0.279 braids_precision_05: 0.187 braids_recall_05: 0.148 braids_f1_05: 0.154 braids_precision_06: 0.120 braids_recall_06: 0.078 braids_f1_06: 0.089 braids_precision_07: 0.055 braids_recall_07: 0.030 braids_f1_07: 0.036 braids_precision_08: 0.010 braids_recall_08: 0.005 braids_f1_08: 0.006 braids_precision_09: 0.000 braids_recall_09: 0.000 braids_f1_09: 0.000 minade_1: 1.813 minfde_1: 4.012 mr_1: 0.596 brier_fde_1: 4.012 minade_k: 0.879 minfde_k: 1.435 mr_k: 0.175 brier_fde_k: 2.048 
2025-04-22 04:21:48:Save the model to saved_models/20250420-234541_DGFNet_ckpt_epoch20.tar
2025-04-22 04:21:48:
Epoch 21
2025-04-22 05:39:52:[Training] Avg. loss: 0.396083, time cost: 78.1 mins, lr: 0.00034, peak mem: 9901 MB
2025-04-22 05:39:52:-- braids_precision_01: 0.032 braids_recall_01: 0.629 braids_f1_01: 0.059 braids_precision_02: 0.139 braids_recall_02: 0.582 braids_f1_02: 0.198 braids_precision_03: 0.274 braids_recall_03: 0.488 braids_f1_03: 0.317 braids_precision_04: 0.286 braids_recall_04: 0.314 braids_f1_04: 0.275 braids_precision_05: 0.187 braids_recall_05: 0.148 braids_f1_05: 0.154 braids_precision_06: 0.124 braids_recall_06: 0.080 braids_f1_06: 0.091 braids_precision_07: 0.060 braids_recall_07: 0.033 braids_f1_07: 0.040 braids_precision_08: 0.013 braids_recall_08: 0.006 braids_f1_08: 0.008 braids_precision_09: 0.000 braids_recall_09: 0.000 braids_f1_09: 0.000 minade_1: 1.838 minfde_1: 4.078 mr_1: 0.597 brier_fde_1: 4.078 minade_k: 0.875 minfde_k: 1.431 mr_k: 0.176 brier_fde_k: 2.044 
2025-04-22 05:47:35:[Validation] Avg. loss: 0.398485, time cost: 7.71 mins
2025-04-22 05:47:35:-- braids_precision_01: 0.031 braids_recall_01: 0.815 braids_f1_01: 0.058 braids_precision_02: 0.181 braids_recall_02: 0.750 braids_f1_02: 0.273 braids_precision_03: 0.307 braids_recall_03: 0.598 braids_f1_03: 0.374 braids_precision_04: 0.339 braids_recall_04: 0.340 braids_f1_04: 0.310 braids_precision_05: 0.211 braids_recall_05: 0.145 braids_f1_05: 0.160 braids_precision_06: 0.158 braids_recall_06: 0.089 braids_f1_06: 0.106 braids_precision_07: 0.080 braids_recall_07: 0.035 braids_f1_07: 0.046 braids_precision_08: 0.018 braids_recall_08: 0.006 braids_f1_08: 0.008 braids_precision_09: 0.000 braids_recall_09: 0.000 braids_f1_09: 0.000 minade_1: 1.623 minfde_1: 3.579 mr_1: 0.553 brier_fde_1: 3.579 minade_k: 0.810 minfde_k: 1.309 mr_k: 0.152 brier_fde_k: 1.911 
2025-04-22 05:47:35:
Epoch 22
2025-04-22 07:05:28:[Training] Avg. loss: 0.394296, time cost: 77.9 mins, lr: 0.00033, peak mem: 10344 MB
2025-04-22 07:05:28:-- braids_precision_01: 0.035 braids_recall_01: 0.631 braids_f1_01: 0.064 braids_precision_02: 0.151 braids_recall_02: 0.587 braids_f1_02: 0.213 braids_precision_03: 0.284 braids_recall_03: 0.494 braids_f1_03: 0.328 braids_precision_04: 0.290 braids_recall_04: 0.314 braids_f1_04: 0.278 braids_precision_05: 0.186 braids_recall_05: 0.148 braids_f1_05: 0.154 braids_precision_06: 0.123 braids_recall_06: 0.081 braids_f1_06: 0.092 braids_precision_07: 0.063 braids_recall_07: 0.034 braids_f1_07: 0.041 braids_precision_08: 0.013 braids_recall_08: 0.006 braids_f1_08: 0.008 braids_precision_09: 0.000 braids_recall_09: 0.000 braids_f1_09: 0.000 minade_1: 1.818 minfde_1: 4.030 mr_1: 0.591 brier_fde_1: 4.030 minade_k: 0.871 minfde_k: 1.418 mr_k: 0.170 brier_fde_k: 2.032 
2025-04-22 07:05:28:
Epoch 23
2025-04-22 08:23:31:[Training] Avg. loss: 0.388485, time cost: 78.0 mins, lr: 0.00032, peak mem: 9480 MB
2025-04-22 08:23:31:-- braids_precision_01: 0.036 braids_recall_01: 0.630 braids_f1_01: 0.065 braids_precision_02: 0.153 braids_recall_02: 0.584 braids_f1_02: 0.216 braids_precision_03: 0.283 braids_recall_03: 0.496 braids_f1_03: 0.328 braids_precision_04: 0.293 braids_recall_04: 0.325 braids_f1_04: 0.284 braids_precision_05: 0.191 braids_recall_05: 0.157 braids_f1_05: 0.161 braids_precision_06: 0.130 braids_recall_06: 0.088 braids_f1_06: 0.099 braids_precision_07: 0.069 braids_recall_07: 0.039 braids_f1_07: 0.047 braids_precision_08: 0.018 braids_recall_08: 0.008 braids_f1_08: 0.010 braids_precision_09: 0.000 braids_recall_09: 0.000 braids_f1_09: 0.000 minade_1: 1.801 minfde_1: 3.987 mr_1: 0.589 brier_fde_1: 3.987 minade_k: 0.864 minfde_k: 1.404 mr_k: 0.169 brier_fde_k: 2.017 
2025-04-22 08:31:15:[Validation] Avg. loss: 0.399924, time cost: 7.75 mins
2025-04-22 08:31:15:-- braids_precision_01: 0.026 braids_recall_01: 0.817 braids_f1_01: 0.049 braids_precision_02: 0.120 braids_recall_02: 0.755 braids_f1_02: 0.189 braids_precision_03: 0.297 braids_recall_03: 0.628 braids_f1_03: 0.369 braids_precision_04: 0.375 braids_recall_04: 0.403 braids_f1_04: 0.355 braids_precision_05: 0.223 braids_recall_05: 0.153 braids_f1_05: 0.167 braids_precision_06: 0.156 braids_recall_06: 0.088 braids_f1_06: 0.104 braids_precision_07: 0.086 braids_recall_07: 0.037 braids_f1_07: 0.048 braids_precision_08: 0.016 braids_recall_08: 0.005 braids_f1_08: 0.007 braids_precision_09: 0.000 braids_recall_09: 0.000 braids_f1_09: 0.000 minade_1: 1.641 minfde_1: 3.608 mr_1: 0.561 brier_fde_1: 3.608 minade_k: 0.826 minfde_k: 1.351 mr_k: 0.156 brier_fde_k: 1.955 
2025-04-22 08:31:15:
Epoch 24
2025-04-22 09:49:15:[Training] Avg. loss: 0.386218, time cost: 78.0 mins, lr: 0.00031, peak mem: 9695 MB
2025-04-22 09:49:15:-- braids_precision_01: 0.035 braids_recall_01: 0.631 braids_f1_01: 0.063 braids_precision_02: 0.144 braids_recall_02: 0.587 braids_f1_02: 0.204 braids_precision_03: 0.284 braids_recall_03: 0.497 braids_f1_03: 0.329 braids_precision_04: 0.304 braids_recall_04: 0.336 braids_f1_04: 0.295 braids_precision_05: 0.201 braids_recall_05: 0.164 braids_f1_05: 0.169 braids_precision_06: 0.134 braids_recall_06: 0.092 braids_f1_06: 0.102 braids_precision_07: 0.073 braids_recall_07: 0.043 braids_f1_07: 0.050 braids_precision_08: 0.021 braids_recall_08: 0.010 braids_f1_08: 0.013 braids_precision_09: 0.001 braids_recall_09: 0.000 braids_f1_09: 0.000 minade_1: 1.776 minfde_1: 3.933 mr_1: 0.586 brier_fde_1: 3.933 minade_k: 0.859 minfde_k: 1.390 mr_k: 0.167 brier_fde_k: 2.004 
2025-04-22 09:49:15:
Epoch 25
2025-04-22 11:08:33:[Training] Avg. loss: 0.382586, time cost: 79.3 mins, lr: 0.0003, peak mem: 9699 MB
2025-04-22 11:08:33:-- braids_precision_01: 0.036 braids_recall_01: 0.629 braids_f1_01: 0.065 braids_precision_02: 0.154 braids_recall_02: 0.588 braids_f1_02: 0.217 braids_precision_03: 0.287 braids_recall_03: 0.498 braids_f1_03: 0.333 braids_precision_04: 0.305 braids_recall_04: 0.338 braids_f1_04: 0.296 braids_precision_05: 0.202 braids_recall_05: 0.165 braids_f1_05: 0.170 braids_precision_06: 0.135 braids_recall_06: 0.092 braids_f1_06: 0.103 braids_precision_07: 0.072 braids_recall_07: 0.041 braids_f1_07: 0.049 braids_precision_08: 0.018 braids_recall_08: 0.009 braids_f1_08: 0.011 braids_precision_09: 0.001 braids_recall_09: 0.000 braids_f1_09: 0.000 minade_1: 1.761 minfde_1: 3.897 mr_1: 0.581 brier_fde_1: 3.897 minade_k: 0.852 minfde_k: 1.377 mr_k: 0.163 brier_fde_k: 1.988 
2025-04-22 11:16:18:[Validation] Avg. loss: 0.393325, time cost: 7.76 mins
2025-04-22 11:16:18:-- braids_precision_01: 0.025 braids_recall_01: 0.820 braids_f1_01: 0.048 braids_precision_02: 0.108 braids_recall_02: 0.773 braids_f1_02: 0.175 braids_precision_03: 0.286 braids_recall_03: 0.661 braids_f1_03: 0.368 braids_precision_04: 0.387 braids_recall_04: 0.463 braids_f1_04: 0.387 braids_precision_05: 0.272 braids_recall_05: 0.188 braids_f1_05: 0.206 braids_precision_06: 0.158 braids_recall_06: 0.084 braids_f1_06: 0.103 braids_precision_07: 0.086 braids_recall_07: 0.035 braids_f1_07: 0.047 braids_precision_08: 0.010 braids_recall_08: 0.003 braids_f1_08: 0.004 braids_precision_09: 0.000 braids_recall_09: 0.000 braids_f1_09: 0.000 minade_1: 1.531 minfde_1: 3.352 mr_1: 0.543 brier_fde_1: 3.352 minade_k: 0.804 minfde_k: 1.301 mr_k: 0.146 brier_fde_k: 1.891 
2025-04-22 11:16:18:
Epoch 26


precision为自车与他车+sigmoid+新版绳结(25 + dv1 * (du2-du1)) + loss是N×N