2025-04-30 09:01:31:Args: Namespace(adv_cfg_path='config.DGFNet_cfg', data_aug=True, features_dir='data_argo/features/', logger_writer=True, mode='train', model_path=None, no_pbar=False, rank_metric='brier_fde_k', resume=False, seed=42, train_batch_size=16, train_epoches=50, use_cuda=True, val_batch_size=16, val_interval=2)

2025-04-30 09:01:31:Project Path: /home/lqq/下载/main
2025-04-30 09:01:31:Datetime: 20250430-210131

2025-04-30 09:01:31:Commit Msg: fatal: 不是 git 仓库（或者直至挂载点 / 的任何父目录）
停止在文件系统边界（未设置 GIT_DISCOVERY_ACROSS_FILESYSTEM）。

2025-04-30 09:01:31:======================================

2025-04-30 09:01:32:
Epoch 0
2025-04-30 11:27:33:[Training] Avg. loss: 0.817557, time cost: 1.46e+02 mins, lr: 5e-05, peak mem: 17609 MB
2025-04-30 11:27:33:-- braids_precision_01: 0.003 braids_recall_01: 0.876 braids_f1_01: 0.006 braids_precision_02: 0.001 braids_recall_02: 0.277 braids_f1_02: 0.003 braids_precision_03: 0.000 braids_recall_03: 0.047 braids_f1_03: 0.001 braids_precision_04: 0.000 braids_recall_04: 0.006 braids_f1_04: 0.000 braids_precision_05: 0.000 braids_recall_05: 0.000 braids_f1_05: 0.000 braids_precision_06: 0.000 braids_recall_06: 0.000 braids_f1_06: 0.000 braids_precision_07: 0.000 braids_recall_07: 0.000 braids_f1_07: 0.000 braids_precision_08: 0.000 braids_recall_08: 0.000 braids_f1_08: 0.000 braids_precision_09: 0.000 braids_recall_09: 0.000 braids_f1_09: 0.000 minade_1: 2.630 minfde_1: 5.570 mr_1: 0.715 brier_fde_1: 5.570 minade_k: 1.610 minfde_k: 2.631 mr_k: 0.305 brier_fde_k: 3.245 
2025-04-30 11:27:33:
Epoch 1
2025-05-01 01:03:26:[Training] Avg. loss: 0.534645, time cost: 95.9 mins, lr: 0.00014, peak mem: 16910 MB
2025-05-01 01:03:26:-- braids_precision_01: 0.013 braids_recall_01: 0.930 braids_f1_01: 0.027 braids_precision_02: 0.023 braids_recall_02: 0.622 braids_f1_02: 0.044 braids_precision_03: 0.026 braids_recall_03: 0.287 braids_f1_03: 0.047 braids_precision_04: 0.029 braids_recall_04: 0.070 braids_f1_04: 0.033 braids_precision_05: 0.060 braids_recall_05: 0.006 braids_f1_05: 0.009 braids_precision_06: 0.003 braids_recall_06: 0.000 braids_f1_06: 0.000 braids_precision_07: 0.000 braids_recall_07: 0.000 braids_f1_07: 0.000 braids_precision_08: 0.000 braids_recall_08: 0.000 braids_f1_08: 0.000 braids_precision_09: 0.000 braids_recall_09: 0.000 braids_f1_09: 0.000 minade_1: 1.965 minfde_1: 4.321 mr_1: 0.655 brier_fde_1: 4.321 minade_k: 0.965 minfde_k: 1.593 mr_k: 0.193 brier_fde_k: 2.219 
2025-05-01 01:22:56:[Validation] Avg. loss: 0.494898, time cost: 19.5 mins
2025-05-01 01:22:56:-- braids_precision_01: 0.016 braids_recall_01: 0.923 braids_f1_01: 0.032 braids_precision_02: 0.032 braids_recall_02: 0.657 braids_f1_02: 0.061 braids_precision_03: 0.045 braids_recall_03: 0.326 braids_f1_03: 0.077 braids_precision_04: 0.056 braids_recall_04: 0.079 braids_f1_04: 0.054 braids_precision_05: 0.111 braids_recall_05: 0.009 braids_f1_05: 0.015 braids_precision_06: 0.000 braids_recall_06: 0.000 braids_f1_06: 0.000 braids_precision_07: 0.000 braids_recall_07: 0.000 braids_f1_07: 0.000 braids_precision_08: 0.000 braids_recall_08: 0.000 braids_f1_08: 0.000 braids_precision_09: 0.000 braids_recall_09: 0.000 braids_f1_09: 0.000 minade_1: 1.615 minfde_1: 3.561 mr_1: 0.599 brier_fde_1: 3.561 minade_k: 0.850 minfde_k: 1.335 mr_k: 0.150 brier_fde_k: 1.940 
2025-05-01 01:22:56:
Epoch 2
2025-05-01 02:58:49:[Training] Avg. loss: 0.492494, time cost: 95.9 mins, lr: 0.00023, peak mem: 17816 MB
2025-05-01 02:58:49:-- braids_precision_01: 0.019 braids_recall_01: 0.946 braids_f1_01: 0.036 braids_precision_02: 0.042 braids_recall_02: 0.748 braids_f1_02: 0.079 braids_precision_03: 0.077 braids_recall_03: 0.446 braids_f1_03: 0.128 braids_precision_04: 0.225 braids_recall_04: 0.128 braids_f1_04: 0.130 braids_precision_05: 0.243 braids_recall_05: 0.018 braids_f1_05: 0.032 braids_precision_06: 0.015 braids_recall_06: 0.001 braids_f1_06: 0.001 braids_precision_07: 0.000 braids_recall_07: 0.000 braids_f1_07: 0.000 braids_precision_08: 0.000 braids_recall_08: 0.000 braids_f1_08: 0.000 braids_precision_09: 0.000 braids_recall_09: 0.000 braids_f1_09: 0.000 minade_1: 1.871 minfde_1: 4.091 mr_1: 0.630 brier_fde_1: 4.091 minade_k: 0.917 minfde_k: 1.482 mr_k: 0.177 brier_fde_k: 2.100 
2025-05-01 02:58:49:
Epoch 3
2025-05-01 04:34:49:[Training] Avg. loss: 0.463184, time cost: 96.0 mins, lr: 0.00032, peak mem: 17567 MB
2025-05-01 04:34:49:-- braids_precision_01: 0.021 braids_recall_01: 0.955 braids_f1_01: 0.041 braids_precision_02: 0.053 braids_recall_02: 0.791 braids_f1_02: 0.099 braids_precision_03: 0.119 braids_recall_03: 0.503 braids_f1_03: 0.186 braids_precision_04: 0.406 braids_recall_04: 0.161 braids_f1_04: 0.202 braids_precision_05: 0.341 braids_recall_05: 0.031 braids_f1_05: 0.053 braids_precision_06: 0.047 braids_recall_06: 0.003 braids_f1_06: 0.005 braids_precision_07: 0.001 braids_recall_07: 0.000 braids_f1_07: 0.000 braids_precision_08: 0.000 braids_recall_08: 0.000 braids_f1_08: 0.000 braids_precision_09: 0.000 braids_recall_09: 0.000 braids_f1_09: 0.000 minade_1: 1.798 minfde_1: 3.926 mr_1: 0.610 brier_fde_1: 3.926 minade_k: 0.885 minfde_k: 1.409 mr_k: 0.162 brier_fde_k: 2.026 
2025-05-01 04:44:28:[Validation] Avg. loss: 0.438901, time cost: 9.65 mins
2025-05-01 04:44:28:-- braids_precision_01: 0.021 braids_recall_01: 0.960 braids_f1_01: 0.041 braids_precision_02: 0.052 braids_recall_02: 0.826 braids_f1_02: 0.098 braids_precision_03: 0.119 braids_recall_03: 0.565 braids_f1_03: 0.192 braids_precision_04: 0.362 braids_recall_04: 0.212 braids_f1_04: 0.249 braids_precision_05: 0.402 braids_recall_05: 0.058 braids_f1_05: 0.096 braids_precision_06: 0.064 braids_recall_06: 0.004 braids_f1_06: 0.008 braids_precision_07: 0.000 braids_recall_07: 0.000 braids_f1_07: 0.000 braids_precision_08: 0.000 braids_recall_08: 0.000 braids_f1_08: 0.000 braids_precision_09: 0.000 braids_recall_09: 0.000 braids_f1_09: 0.000 minade_1: 1.533 minfde_1: 3.346 mr_1: 0.559 brier_fde_1: 3.346 minade_k: 0.760 minfde_k: 1.187 mr_k: 0.116 brier_fde_k: 1.807 
2025-05-01 04:44:28:
Epoch 4
2025-05-01 06:20:22:[Training] Avg. loss: 0.446585, time cost: 95.9 mins, lr: 0.00041, peak mem: 17272 MB
2025-05-01 06:20:22:-- braids_precision_01: 0.023 braids_recall_01: 0.958 braids_f1_01: 0.045 braids_precision_02: 0.063 braids_recall_02: 0.808 braids_f1_02: 0.115 braids_precision_03: 0.156 braids_recall_03: 0.527 braids_f1_03: 0.231 braids_precision_04: 0.461 braids_recall_04: 0.179 braids_f1_04: 0.233 braids_precision_05: 0.396 braids_recall_05: 0.037 braids_f1_05: 0.065 braids_precision_06: 0.072 braids_recall_06: 0.004 braids_f1_06: 0.007 braids_precision_07: 0.002 braids_recall_07: 0.000 braids_f1_07: 0.000 braids_precision_08: 0.000 braids_recall_08: 0.000 braids_f1_08: 0.000 braids_precision_09: 0.000 braids_recall_09: 0.000 braids_f1_09: 0.000 minade_1: 1.760 minfde_1: 3.845 mr_1: 0.597 brier_fde_1: 3.845 minade_k: 0.868 minfde_k: 1.367 mr_k: 0.155 brier_fde_k: 1.981 
2025-05-01 06:20:22:
Epoch 5
2025-05-01 07:56:18:[Training] Avg. loss: 0.436032, time cost: 95.9 mins, lr: 0.0005, peak mem: 17237 MB
2025-05-01 07:56:18:-- braids_precision_01: 0.024 braids_recall_01: 0.959 braids_f1_01: 0.047 braids_precision_02: 0.067 braids_recall_02: 0.817 braids_f1_02: 0.122 braids_precision_03: 0.176 braids_recall_03: 0.543 braids_f1_03: 0.255 braids_precision_04: 0.482 braids_recall_04: 0.190 braids_f1_04: 0.249 braids_precision_05: 0.445 braids_recall_05: 0.045 braids_f1_05: 0.078 braids_precision_06: 0.124 braids_recall_06: 0.007 braids_f1_06: 0.013 braids_precision_07: 0.006 braids_recall_07: 0.000 braids_f1_07: 0.000 braids_precision_08: 0.000 braids_recall_08: 0.000 braids_f1_08: 0.000 braids_precision_09: 0.000 braids_recall_09: 0.000 braids_f1_09: 0.000 minade_1: 1.723 minfde_1: 3.763 mr_1: 0.586 brier_fde_1: 3.763 minade_k: 0.852 minfde_k: 1.334 mr_k: 0.149 brier_fde_k: 1.947 
2025-05-01 08:05:55:[Validation] Avg. loss: 0.416643, time cost: 9.63 mins
2025-05-01 08:05:55:-- braids_precision_01: 0.030 braids_recall_01: 0.952 braids_f1_01: 0.058 braids_precision_02: 0.083 braids_recall_02: 0.822 braids_f1_02: 0.149 braids_precision_03: 0.190 braids_recall_03: 0.593 braids_f1_03: 0.279 braids_precision_04: 0.426 braids_recall_04: 0.257 braids_f1_04: 0.301 braids_precision_05: 0.501 braids_recall_05: 0.089 braids_f1_05: 0.142 braids_precision_06: 0.282 braids_recall_06: 0.025 braids_f1_06: 0.045 braids_precision_07: 0.045 braids_recall_07: 0.003 braids_f1_07: 0.005 braids_precision_08: 0.001 braids_recall_08: 0.000 braids_f1_08: 0.000 braids_precision_09: 0.000 braids_recall_09: 0.000 braids_f1_09: 0.000 minade_1: 1.461 minfde_1: 3.183 mr_1: 0.545 brier_fde_1: 3.183 minade_k: 0.744 minfde_k: 1.142 mr_k: 0.109 brier_fde_k: 1.738 
2025-05-01 08:05:55:
Epoch 6
2025-05-01 09:42:03:[Training] Avg. loss: 0.417253, time cost: 96.1 mins, lr: 0.00049, peak mem: 17205 MB
2025-05-01 09:42:03:-- braids_precision_01: 0.026 braids_recall_01: 0.963 braids_f1_01: 0.051 braids_precision_02: 0.074 braids_recall_02: 0.833 braids_f1_02: 0.135 braids_precision_03: 0.196 braids_recall_03: 0.574 braids_f1_03: 0.282 braids_precision_04: 0.500 braids_recall_04: 0.219 braids_f1_04: 0.280 braids_precision_05: 0.517 braids_recall_05: 0.059 braids_f1_05: 0.100 braids_precision_06: 0.200 braids_recall_06: 0.012 braids_f1_06: 0.023 braids_precision_07: 0.020 braids_recall_07: 0.001 braids_f1_07: 0.002 braids_precision_08: 0.000 braids_recall_08: 0.000 braids_f1_08: 0.000 braids_precision_09: 0.000 braids_recall_09: 0.000 braids_f1_09: 0.000 minade_1: 1.664 minfde_1: 3.633 mr_1: 0.569 brier_fde_1: 3.633 minade_k: 0.823 minfde_k: 1.274 mr_k: 0.138 brier_fde_k: 1.884 
2025-05-01 09:42:03:
Epoch 7
2025-05-01 11:18:08:[Training] Avg. loss: 0.408936, time cost: 96.1 mins, lr: 0.00048, peak mem: 17621 MB
2025-05-01 11:18:08:-- braids_precision_01: 0.027 braids_recall_01: 0.966 braids_f1_01: 0.052 braids_precision_02: 0.077 braids_recall_02: 0.845 braids_f1_02: 0.139 braids_precision_03: 0.200 braids_recall_03: 0.592 braids_f1_03: 0.289 braids_precision_04: 0.497 braids_recall_04: 0.243 braids_f1_04: 0.302 braids_precision_05: 0.546 braids_recall_05: 0.067 braids_f1_05: 0.113 braids_precision_06: 0.275 braids_recall_06: 0.018 braids_f1_06: 0.032 braids_precision_07: 0.047 braids_recall_07: 0.002 braids_f1_07: 0.004 braids_precision_08: 0.003 braids_recall_08: 0.000 braids_f1_08: 0.000 braids_precision_09: 0.000 braids_recall_09: 0.000 braids_f1_09: 0.000 minade_1: 1.632 minfde_1: 3.565 mr_1: 0.559 brier_fde_1: 3.565 minade_k: 0.810 minfde_k: 1.249 mr_k: 0.132 brier_fde_k: 1.859 
2025-05-01 11:27:46:[Validation] Avg. loss: 0.389479, time cost: 9.64 mins
2025-05-01 11:27:46:-- braids_precision_01: 0.023 braids_recall_01: 0.973 braids_f1_01: 0.045 braids_precision_02: 0.068 braids_recall_02: 0.868 braids_f1_02: 0.124 braids_precision_03: 0.167 braids_recall_03: 0.622 braids_f1_03: 0.256 braids_precision_04: 0.473 braids_recall_04: 0.230 braids_f1_04: 0.287 braids_precision_05: 0.515 braids_recall_05: 0.072 braids_f1_05: 0.120 braids_precision_06: 0.246 braids_recall_06: 0.018 braids_f1_06: 0.033 braids_precision_07: 0.025 braids_recall_07: 0.001 braids_f1_07: 0.002 braids_precision_08: 0.000 braids_recall_08: 0.000 braids_f1_08: 0.000 braids_precision_09: 0.000 braids_recall_09: 0.000 braids_f1_09: 0.000 minade_1: 1.361 minfde_1: 2.960 mr_1: 0.503 brier_fde_1: 2.960 minade_k: 0.705 minfde_k: 1.053 mr_k: 0.098 brier_fde_k: 1.657 
2025-05-01 11:27:46:
Epoch 8
2025-05-01 01:03:48:[Training] Avg. loss: 0.396913, time cost: 96.0 mins, lr: 0.00047, peak mem: 17383 MB
2025-05-01 01:03:48:-- braids_precision_01: 0.028 braids_recall_01: 0.968 braids_f1_01: 0.054 braids_precision_02: 0.080 braids_recall_02: 0.852 braids_f1_02: 0.144 braids_precision_03: 0.206 braids_recall_03: 0.610 braids_f1_03: 0.298 braids_precision_04: 0.500 braids_recall_04: 0.259 braids_f1_04: 0.316 braids_precision_05: 0.582 braids_recall_05: 0.077 braids_f1_05: 0.128 braids_precision_06: 0.321 braids_recall_06: 0.021 braids_f1_06: 0.039 braids_precision_07: 0.063 braids_recall_07: 0.003 braids_f1_07: 0.006 braids_precision_08: 0.003 braids_recall_08: 0.000 braids_f1_08: 0.000 braids_precision_09: 0.000 braids_recall_09: 0.000 braids_f1_09: 0.000 minade_1: 1.591 minfde_1: 3.475 mr_1: 0.547 brier_fde_1: 3.475 minade_k: 0.792 minfde_k: 1.206 mr_k: 0.125 brier_fde_k: 1.817 
2025-05-01 01:03:48:
Epoch 9
2025-05-01 02:39:52:[Training] Avg. loss: 0.388001, time cost: 96.1 mins, lr: 0.00046, peak mem: 17239 MB
2025-05-01 02:39:52:-- braids_precision_01: 0.030 braids_recall_01: 0.968 braids_f1_01: 0.057 braids_precision_02: 0.085 braids_recall_02: 0.859 braids_f1_02: 0.153 braids_precision_03: 0.216 braids_recall_03: 0.621 braids_f1_03: 0.310 braids_precision_04: 0.495 braids_recall_04: 0.274 braids_f1_04: 0.328 braids_precision_05: 0.594 braids_recall_05: 0.082 braids_f1_05: 0.136 braids_precision_06: 0.369 braids_recall_06: 0.026 braids_f1_06: 0.047 braids_precision_07: 0.102 braids_recall_07: 0.005 braids_f1_07: 0.009 braids_precision_08: 0.007 braids_recall_08: 0.000 braids_f1_08: 0.000 braids_precision_09: 0.000 braids_recall_09: 0.000 braids_f1_09: 0.000 minade_1: 1.571 minfde_1: 3.431 mr_1: 0.540 brier_fde_1: 3.431 minade_k: 0.783 minfde_k: 1.190 mr_k: 0.122 brier_fde_k: 1.800 
2025-05-01 02:49:31:[Validation] Avg. loss: 0.383809, time cost: 9.64 mins
2025-05-01 02:49:31:-- braids_precision_01: 0.028 braids_recall_01: 0.966 braids_f1_01: 0.054 braids_precision_02: 0.079 braids_recall_02: 0.846 braids_f1_02: 0.143 braids_precision_03: 0.208 braids_recall_03: 0.592 braids_f1_03: 0.298 braids_precision_04: 0.483 braids_recall_04: 0.256 braids_f1_04: 0.310 braids_precision_05: 0.568 braids_recall_05: 0.092 braids_f1_05: 0.150 braids_precision_06: 0.354 braids_recall_06: 0.030 braids_f1_06: 0.053 braids_precision_07: 0.126 braids_recall_07: 0.008 braids_f1_07: 0.014 braids_precision_08: 0.019 braids_recall_08: 0.001 braids_f1_08: 0.002 braids_precision_09: 0.000 braids_recall_09: 0.000 braids_f1_09: 0.000 minade_1: 1.322 minfde_1: 2.881 mr_1: 0.490 brier_fde_1: 2.881 minade_k: 0.700 minfde_k: 1.041 mr_k: 0.097 brier_fde_k: 1.639 
2025-05-01 02:49:31:
Epoch 10
2025-05-01 04:25:32:[Training] Avg. loss: 0.380268, time cost: 96.0 mins, lr: 0.00045, peak mem: 17625 MB
2025-05-01 04:25:32:-- braids_precision_01: 0.031 braids_recall_01: 0.970 braids_f1_01: 0.060 braids_precision_02: 0.088 braids_recall_02: 0.865 braids_f1_02: 0.158 braids_precision_03: 0.224 braids_recall_03: 0.631 braids_f1_03: 0.321 braids_precision_04: 0.498 braids_recall_04: 0.290 braids_f1_04: 0.342 braids_precision_05: 0.610 braids_recall_05: 0.089 braids_f1_05: 0.146 braids_precision_06: 0.406 braids_recall_06: 0.030 braids_f1_06: 0.054 braids_precision_07: 0.137 braids_recall_07: 0.007 braids_f1_07: 0.013 braids_precision_08: 0.015 braids_recall_08: 0.001 braids_f1_08: 0.001 braids_precision_09: 0.000 braids_recall_09: 0.000 braids_f1_09: 0.000 minade_1: 1.549 minfde_1: 3.386 mr_1: 0.534 brier_fde_1: 3.386 minade_k: 0.772 minfde_k: 1.165 mr_k: 0.117 brier_fde_k: 1.776 
2025-05-01 04:25:32:Save the model to saved_models/20250430-210131_DGFNet_ckpt_epoch10.tar
2025-05-01 04:25:32:
Epoch 11
2025-05-01 06:01:40:[Training] Avg. loss: 0.377684, time cost: 96.1 mins, lr: 0.00044, peak mem: 17386 MB
2025-05-01 06:01:40:-- braids_precision_01: 0.031 braids_recall_01: 0.970 braids_f1_01: 0.060 braids_precision_02: 0.089 braids_recall_02: 0.867 braids_f1_02: 0.159 braids_precision_03: 0.228 braids_recall_03: 0.638 braids_f1_03: 0.326 braids_precision_04: 0.512 braids_recall_04: 0.298 braids_f1_04: 0.354 braids_precision_05: 0.624 braids_recall_05: 0.093 braids_f1_05: 0.152 braids_precision_06: 0.422 braids_recall_06: 0.032 braids_f1_06: 0.058 braids_precision_07: 0.150 braids_recall_07: 0.007 braids_f1_07: 0.014 braids_precision_08: 0.018 braids_recall_08: 0.001 braids_f1_08: 0.001 braids_precision_09: 0.000 braids_recall_09: 0.000 braids_f1_09: 0.000 minade_1: 1.541 minfde_1: 3.369 mr_1: 0.531 brier_fde_1: 3.369 minade_k: 0.768 minfde_k: 1.158 mr_k: 0.116 brier_fde_k: 1.768 
2025-05-01 06:11:19:[Validation] Avg. loss: 0.37756, time cost: 9.65 mins
2025-05-01 06:11:19:-- braids_precision_01: 0.035 braids_recall_01: 0.964 braids_f1_01: 0.067 braids_precision_02: 0.098 braids_recall_02: 0.857 braids_f1_02: 0.173 braids_precision_03: 0.238 braids_recall_03: 0.625 braids_f1_03: 0.334 braids_precision_04: 0.487 braids_recall_04: 0.288 braids_f1_04: 0.342 braids_precision_05: 0.582 braids_recall_05: 0.106 braids_f1_05: 0.169 braids_precision_06: 0.442 braids_recall_06: 0.045 braids_f1_06: 0.079 braids_precision_07: 0.165 braids_recall_07: 0.010 braids_f1_07: 0.018 braids_precision_08: 0.004 braids_recall_08: 0.000 braids_f1_08: 0.000 braids_precision_09: 0.000 braids_recall_09: 0.000 braids_f1_09: 0.000 minade_1: 1.337 minfde_1: 2.896 mr_1: 0.496 brier_fde_1: 2.896 minade_k: 0.715 minfde_k: 1.055 mr_k: 0.097 brier_fde_k: 1.666 
2025-05-01 06:11:19:
Epoch 12
2025-05-01 07:47:19:[Training] Avg. loss: 0.37062, time cost: 96.0 mins, lr: 0.00043, peak mem: 17886 MB
2025-05-01 07:47:19:-- braids_precision_01: 0.031 braids_recall_01: 0.971 braids_f1_01: 0.060 braids_precision_02: 0.089 braids_recall_02: 0.870 braids_f1_02: 0.159 braids_precision_03: 0.228 braids_recall_03: 0.644 braids_f1_03: 0.327 braids_precision_04: 0.510 braids_recall_04: 0.310 braids_f1_04: 0.363 braids_precision_05: 0.628 braids_recall_05: 0.098 braids_f1_05: 0.160 braids_precision_06: 0.446 braids_recall_06: 0.036 braids_f1_06: 0.064 braids_precision_07: 0.168 braids_recall_07: 0.008 braids_f1_07: 0.016 braids_precision_08: 0.017 braids_recall_08: 0.001 braids_f1_08: 0.001 braids_precision_09: 0.000 braids_recall_09: 0.000 braids_f1_09: 0.000 minade_1: 1.523 minfde_1: 3.330 mr_1: 0.526 brier_fde_1: 3.330 minade_k: 0.758 minfde_k: 1.137 mr_k: 0.112 brier_fde_k: 1.747 
2025-05-01 07:47:19:
Epoch 13
2025-05-01 09:23:23:[Training] Avg. loss: 0.367913, time cost: 96.1 mins, lr: 0.00042, peak mem: 17722 MB
2025-05-01 09:23:23:-- braids_precision_01: 0.032 braids_recall_01: 0.972 braids_f1_01: 0.063 braids_precision_02: 0.094 braids_recall_02: 0.876 braids_f1_02: 0.168 braids_precision_03: 0.245 braids_recall_03: 0.655 braids_f1_03: 0.347 braids_precision_04: 0.522 braids_recall_04: 0.324 braids_f1_04: 0.378 braids_precision_05: 0.648 braids_recall_05: 0.106 braids_f1_05: 0.171 braids_precision_06: 0.475 braids_recall_06: 0.039 braids_f1_06: 0.069 braids_precision_07: 0.210 braids_recall_07: 0.011 braids_f1_07: 0.021 braids_precision_08: 0.035 braids_recall_08: 0.001 braids_f1_08: 0.003 braids_precision_09: 0.001 braids_recall_09: 0.000 braids_f1_09: 0.000 minade_1: 1.515 minfde_1: 3.312 mr_1: 0.523 brier_fde_1: 3.312 minade_k: 0.754 minfde_k: 1.129 mr_k: 0.111 brier_fde_k: 1.739 
2025-05-01 09:33:02:[Validation] Avg. loss: 0.375939, time cost: 9.65 mins
2025-05-01 09:33:02:-- braids_precision_01: 0.032 braids_recall_01: 0.964 braids_f1_01: 0.062 braids_precision_02: 0.092 braids_recall_02: 0.863 braids_f1_02: 0.165 braids_precision_03: 0.229 braids_recall_03: 0.645 braids_f1_03: 0.328 braids_precision_04: 0.494 braids_recall_04: 0.306 braids_f1_04: 0.356 braids_precision_05: 0.613 braids_recall_05: 0.123 braids_f1_05: 0.193 braids_precision_06: 0.510 braids_recall_06: 0.059 braids_f1_06: 0.102 braids_precision_07: 0.292 braids_recall_07: 0.022 braids_f1_07: 0.039 braids_precision_08: 0.047 braids_recall_08: 0.003 braids_f1_08: 0.005 braids_precision_09: 0.000 braids_recall_09: 0.000 braids_f1_09: 0.000 minade_1: 1.365 minfde_1: 2.879 mr_1: 0.497 brier_fde_1: 2.879 minade_k: 0.696 minfde_k: 0.999 mr_k: 0.091 brier_fde_k: 1.603 
2025-05-01 09:33:02:
Epoch 14
2025-05-01 11:09:13:[Training] Avg. loss: 0.362088, time cost: 96.2 mins, lr: 0.00041, peak mem: 18534 MB
2025-05-01 11:09:13:-- braids_precision_01: 0.033 braids_recall_01: 0.973 braids_f1_01: 0.064 braids_precision_02: 0.096 braids_recall_02: 0.877 braids_f1_02: 0.171 braids_precision_03: 0.240 braids_recall_03: 0.661 braids_f1_03: 0.343 braids_precision_04: 0.512 braids_recall_04: 0.335 braids_f1_04: 0.383 braids_precision_05: 0.647 braids_recall_05: 0.110 braids_f1_05: 0.177 braids_precision_06: 0.485 braids_recall_06: 0.041 braids_f1_06: 0.073 braids_precision_07: 0.217 braids_recall_07: 0.012 braids_f1_07: 0.022 braids_precision_08: 0.035 braids_recall_08: 0.001 braids_f1_08: 0.003 braids_precision_09: 0.001 braids_recall_09: 0.000 braids_f1_09: 0.000 minade_1: 1.500 minfde_1: 3.280 mr_1: 0.517 brier_fde_1: 3.280 minade_k: 0.745 minfde_k: 1.109 mr_k: 0.107 brier_fde_k: 1.719 
2025-05-01 11:09:13:
Epoch 15
2025-05-02 12:45:18:[Training] Avg. loss: 0.358392, time cost: 96.1 mins, lr: 0.0004, peak mem: 17588 MB
2025-05-02 12:45:18:-- braids_precision_01: 0.033 braids_recall_01: 0.973 braids_f1_01: 0.064 braids_precision_02: 0.097 braids_recall_02: 0.878 braids_f1_02: 0.173 braids_precision_03: 0.247 braids_recall_03: 0.663 braids_f1_03: 0.350 braids_precision_04: 0.520 braids_recall_04: 0.339 braids_f1_04: 0.389 braids_precision_05: 0.665 braids_recall_05: 0.116 braids_f1_05: 0.186 braids_precision_06: 0.500 braids_recall_06: 0.043 braids_f1_06: 0.077 braids_precision_07: 0.232 braids_recall_07: 0.013 braids_f1_07: 0.023 braids_precision_08: 0.035 braids_recall_08: 0.001 braids_f1_08: 0.003 braids_precision_09: 0.001 braids_recall_09: 0.000 braids_f1_09: 0.000 minade_1: 1.490 minfde_1: 3.255 mr_1: 0.513 brier_fde_1: 3.255 minade_k: 0.740 minfde_k: 1.099 mr_k: 0.106 brier_fde_k: 1.708 
2025-05-02 12:54:58:[Validation] Avg. loss: 0.359929, time cost: 9.67 mins
2025-05-02 12:54:58:-- braids_precision_01: 0.029 braids_recall_01: 0.972 braids_f1_01: 0.057 braids_precision_02: 0.093 braids_recall_02: 0.845 braids_f1_02: 0.165 braids_precision_03: 0.267 braids_recall_03: 0.565 braids_f1_03: 0.348 braids_precision_04: 0.567 braids_recall_04: 0.242 braids_f1_04: 0.316 braids_precision_05: 0.588 braids_recall_05: 0.094 braids_f1_05: 0.153 braids_precision_06: 0.420 braids_recall_06: 0.041 braids_f1_06: 0.072 braids_precision_07: 0.190 braids_recall_07: 0.012 braids_f1_07: 0.022 braids_precision_08: 0.011 braids_recall_08: 0.001 braids_f1_08: 0.001 braids_precision_09: 0.000 braids_recall_09: 0.000 braids_f1_09: 0.000 minade_1: 1.296 minfde_1: 2.811 mr_1: 0.478 brier_fde_1: 2.811 minade_k: 0.679 minfde_k: 0.990 mr_k: 0.090 brier_fde_k: 1.601 
2025-05-02 12:54:58:
Epoch 16
2025-05-02 02:30:59:[Training] Avg. loss: 0.355847, time cost: 96.0 mins, lr: 0.00039, peak mem: 17244 MB
2025-05-02 02:30:59:-- braids_precision_01: 0.035 braids_recall_01: 0.974 braids_f1_01: 0.067 braids_precision_02: 0.098 braids_recall_02: 0.882 braids_f1_02: 0.174 braids_precision_03: 0.246 braids_recall_03: 0.673 braids_f1_03: 0.351 braids_precision_04: 0.518 braids_recall_04: 0.350 braids_f1_04: 0.396 braids_precision_05: 0.660 braids_recall_05: 0.121 braids_f1_05: 0.192 braids_precision_06: 0.524 braids_recall_06: 0.047 braids_f1_06: 0.083 braids_precision_07: 0.269 braids_recall_07: 0.015 braids_f1_07: 0.028 braids_precision_08: 0.052 braids_recall_08: 0.002 braids_f1_08: 0.004 braids_precision_09: 0.001 braids_recall_09: 0.000 braids_f1_09: 0.000 minade_1: 1.473 minfde_1: 3.217 mr_1: 0.509 brier_fde_1: 3.217 minade_k: 0.735 minfde_k: 1.090 mr_k: 0.104 brier_fde_k: 1.700 
2025-05-02 02:30:59:
Epoch 17
2025-05-02 04:07:08:[Training] Avg. loss: 0.354198, time cost: 96.1 mins, lr: 0.00038, peak mem: 17725 MB
2025-05-02 04:07:08:-- braids_precision_01: 0.036 braids_recall_01: 0.974 braids_f1_01: 0.069 braids_precision_02: 0.103 braids_recall_02: 0.883 braids_f1_02: 0.182 braids_precision_03: 0.251 braids_recall_03: 0.677 braids_f1_03: 0.357 braids_precision_04: 0.520 braids_recall_04: 0.357 braids_f1_04: 0.402 braids_precision_05: 0.666 braids_recall_05: 0.125 braids_f1_05: 0.197 braids_precision_06: 0.514 braids_recall_06: 0.047 braids_f1_06: 0.082 braids_precision_07: 0.265 braids_recall_07: 0.015 braids_f1_07: 0.028 braids_precision_08: 0.052 braids_recall_08: 0.002 braids_f1_08: 0.004 braids_precision_09: 0.002 braids_recall_09: 0.000 braids_f1_09: 0.000 minade_1: 1.471 minfde_1: 3.214 mr_1: 0.507 brier_fde_1: 3.214 minade_k: 0.732 minfde_k: 1.086 mr_k: 0.103 brier_fde_k: 1.695 
2025-05-02 04:16:47:[Validation] Avg. loss: 0.359359, time cost: 9.65 mins
2025-05-02 04:16:47:-- braids_precision_01: 0.038 braids_recall_01: 0.963 braids_f1_01: 0.073 braids_precision_02: 0.105 braids_recall_02: 0.872 braids_f1_02: 0.184 braids_precision_03: 0.254 braids_recall_03: 0.673 braids_f1_03: 0.358 braids_precision_04: 0.536 braids_recall_04: 0.326 braids_f1_04: 0.385 braids_precision_05: 0.632 braids_recall_05: 0.114 braids_f1_05: 0.182 braids_precision_06: 0.472 braids_recall_06: 0.048 braids_f1_06: 0.084 braids_precision_07: 0.206 braids_recall_07: 0.013 braids_f1_07: 0.024 braids_precision_08: 0.022 braids_recall_08: 0.001 braids_f1_08: 0.002 braids_precision_09: 0.000 braids_recall_09: 0.000 braids_f1_09: 0.000 minade_1: 1.293 minfde_1: 2.778 mr_1: 0.481 brier_fde_1: 2.778 minade_k: 0.676 minfde_k: 0.982 mr_k: 0.084 brier_fde_k: 1.581 
2025-05-02 04:16:47:
Epoch 18
2025-05-02 05:52:48:[Training] Avg. loss: 0.350405, time cost: 96.0 mins, lr: 0.00037, peak mem: 18160 MB
2025-05-02 05:52:48:-- braids_precision_01: 0.036 braids_recall_01: 0.975 braids_f1_01: 0.069 braids_precision_02: 0.104 braids_recall_02: 0.884 braids_f1_02: 0.184 braids_precision_03: 0.247 braids_recall_03: 0.680 braids_f1_03: 0.353 braids_precision_04: 0.523 braids_recall_04: 0.364 braids_f1_04: 0.408 braids_precision_05: 0.673 braids_recall_05: 0.127 braids_f1_05: 0.201 braids_precision_06: 0.534 braids_recall_06: 0.050 braids_f1_06: 0.087 braids_precision_07: 0.305 braids_recall_07: 0.018 braids_f1_07: 0.034 braids_precision_08: 0.088 braids_recall_08: 0.004 braids_f1_08: 0.007 braids_precision_09: 0.006 braids_recall_09: 0.000 braids_f1_09: 0.000 minade_1: 1.461 minfde_1: 3.193 mr_1: 0.505 brier_fde_1: 3.193 minade_k: 0.729 minfde_k: 1.078 mr_k: 0.102 brier_fde_k: 1.686 
2025-05-02 05:52:48:
Epoch 19
2025-05-02 07:28:58:[Training] Avg. loss: 0.347421, time cost: 96.2 mins, lr: 0.00036, peak mem: 17581 MB
2025-05-02 07:28:58:-- braids_precision_01: 0.037 braids_recall_01: 0.975 braids_f1_01: 0.071 braids_precision_02: 0.105 braids_recall_02: 0.886 braids_f1_02: 0.186 braids_precision_03: 0.250 braids_recall_03: 0.684 braids_f1_03: 0.357 braids_precision_04: 0.524 braids_recall_04: 0.371 braids_f1_04: 0.414 braids_precision_05: 0.682 braids_recall_05: 0.132 braids_f1_05: 0.208 braids_precision_06: 0.546 braids_recall_06: 0.050 braids_f1_06: 0.088 braids_precision_07: 0.307 braids_recall_07: 0.018 braids_f1_07: 0.033 braids_precision_08: 0.084 braids_recall_08: 0.004 braids_f1_08: 0.007 braids_precision_09: 0.004 braids_recall_09: 0.000 braids_f1_09: 0.000 minade_1: 1.451 minfde_1: 3.173 mr_1: 0.502 brier_fde_1: 3.173 minade_k: 0.723 minfde_k: 1.066 mr_k: 0.100 brier_fde_k: 1.675 
2025-05-02 07:38:36:[Validation] Avg. loss: 0.358492, time cost: 9.65 mins
2025-05-02 07:38:36:-- braids_precision_01: 0.032 braids_recall_01: 0.969 braids_f1_01: 0.061 braids_precision_02: 0.088 braids_recall_02: 0.878 braids_f1_02: 0.158 braids_precision_03: 0.201 braids_recall_03: 0.694 braids_f1_03: 0.303 braids_precision_04: 0.472 braids_recall_04: 0.385 braids_f1_04: 0.404 braids_precision_05: 0.636 braids_recall_05: 0.149 braids_f1_05: 0.226 braids_precision_06: 0.555 braids_recall_06: 0.071 braids_f1_06: 0.120 braids_precision_07: 0.380 braids_recall_07: 0.032 braids_f1_07: 0.058 braids_precision_08: 0.161 braids_recall_08: 0.010 braids_f1_08: 0.018 braids_precision_09: 0.014 braids_recall_09: 0.001 braids_f1_09: 0.001 minade_1: 1.263 minfde_1: 2.746 mr_1: 0.474 brier_fde_1: 2.746 minade_k: 0.669 minfde_k: 0.986 mr_k: 0.086 brier_fde_k: 1.576 
2025-05-02 07:38:36:
Epoch 20
2025-05-02 09:14:41:[Training] Avg. loss: 0.345118, time cost: 96.1 mins, lr: 0.00035, peak mem: 17862 MB
2025-05-02 09:14:41:-- braids_precision_01: 0.037 braids_recall_01: 0.976 braids_f1_01: 0.070 braids_precision_02: 0.101 braids_recall_02: 0.888 braids_f1_02: 0.180 braids_precision_03: 0.243 braids_recall_03: 0.689 braids_f1_03: 0.350 braids_precision_04: 0.514 braids_recall_04: 0.377 braids_f1_04: 0.415 braids_precision_05: 0.687 braids_recall_05: 0.137 braids_f1_05: 0.215 braids_precision_06: 0.560 braids_recall_06: 0.055 braids_f1_06: 0.095 braids_precision_07: 0.329 braids_recall_07: 0.020 braids_f1_07: 0.037 braids_precision_08: 0.096 braids_recall_08: 0.004 braids_f1_08: 0.008 braids_precision_09: 0.007 braids_recall_09: 0.000 braids_f1_09: 0.000 minade_1: 1.444 minfde_1: 3.157 mr_1: 0.500 brier_fde_1: 3.157 minade_k: 0.719 minfde_k: 1.058 mr_k: 0.098 brier_fde_k: 1.666 
2025-05-02 09:14:41:Save the model to saved_models/20250430-210131_DGFNet_ckpt_epoch20.tar
2025-05-02 09:14:41:
Epoch 21
2025-05-02 10:50:49:[Training] Avg. loss: 0.342127, time cost: 96.1 mins, lr: 0.00034, peak mem: 17728 MB
2025-05-02 10:50:49:-- braids_precision_01: 0.038 braids_recall_01: 0.976 braids_f1_01: 0.073 braids_precision_02: 0.105 braids_recall_02: 0.890 braids_f1_02: 0.186 braids_precision_03: 0.246 braids_recall_03: 0.694 braids_f1_03: 0.354 braids_precision_04: 0.512 braids_recall_04: 0.385 braids_f1_04: 0.420 braids_precision_05: 0.679 braids_recall_05: 0.142 braids_f1_05: 0.221 braids_precision_06: 0.561 braids_recall_06: 0.056 braids_f1_06: 0.097 braids_precision_07: 0.334 braids_recall_07: 0.020 braids_f1_07: 0.038 braids_precision_08: 0.088 braids_recall_08: 0.004 braids_f1_08: 0.007 braids_precision_09: 0.004 braids_recall_09: 0.000 braids_f1_09: 0.000 minade_1: 1.435 minfde_1: 3.136 mr_1: 0.497 brier_fde_1: 3.136 minade_k: 0.714 minfde_k: 1.049 mr_k: 0.097 brier_fde_k: 1.659 
2025-05-02 11:00:28:[Validation] Avg. loss: 0.350206, time cost: 9.65 mins
2025-05-02 11:00:28:-- braids_precision_01: 0.036 braids_recall_01: 0.971 braids_f1_01: 0.069 braids_precision_02: 0.107 braids_recall_02: 0.873 braids_f1_02: 0.187 braids_precision_03: 0.235 braids_recall_03: 0.677 braids_f1_03: 0.340 braids_precision_04: 0.503 braids_recall_04: 0.362 braids_f1_04: 0.405 braids_precision_05: 0.647 braids_recall_05: 0.122 braids_f1_05: 0.193 braids_precision_06: 0.488 braids_recall_06: 0.052 braids_f1_06: 0.090 braids_precision_07: 0.261 braids_recall_07: 0.018 braids_f1_07: 0.033 braids_precision_08: 0.044 braids_recall_08: 0.002 braids_f1_08: 0.004 braids_precision_09: 0.000 braids_recall_09: 0.000 braids_f1_09: 0.000 minade_1: 1.300 minfde_1: 2.840 mr_1: 0.492 brier_fde_1: 2.840 minade_k: 0.660 minfde_k: 0.972 mr_k: 0.084 brier_fde_k: 1.574 
2025-05-02 11:00:28:
Epoch 22
2025-05-02 12:36:51:[Training] Avg. loss: 0.340982, time cost: 96.4 mins, lr: 0.00033, peak mem: 17576 MB
2025-05-02 12:36:51:-- braids_precision_01: 0.038 braids_recall_01: 0.976 braids_f1_01: 0.073 braids_precision_02: 0.105 braids_recall_02: 0.891 braids_f1_02: 0.186 braids_precision_03: 0.245 braids_recall_03: 0.697 braids_f1_03: 0.353 braids_precision_04: 0.509 braids_recall_04: 0.392 braids_f1_04: 0.422 braids_precision_05: 0.677 braids_recall_05: 0.146 braids_f1_05: 0.226 braids_precision_06: 0.569 braids_recall_06: 0.057 braids_f1_06: 0.099 braids_precision_07: 0.345 braids_recall_07: 0.022 braids_f1_07: 0.040 braids_precision_08: 0.116 braids_recall_08: 0.005 braids_f1_08: 0.010 braids_precision_09: 0.010 braids_recall_09: 0.000 braids_f1_09: 0.001 minade_1: 1.429 minfde_1: 3.130 mr_1: 0.496 brier_fde_1: 3.130 minade_k: 0.712 minfde_k: 1.048 mr_k: 0.096 brier_fde_k: 1.657 
2025-05-02 12:36:51:
Epoch 23
2025-05-02 02:13:11:[Training] Avg. loss: 0.33849, time cost: 96.3 mins, lr: 0.00032, peak mem: 16830 MB
2025-05-02 02:13:11:-- braids_precision_01: 0.039 braids_recall_01: 0.977 braids_f1_01: 0.075 braids_precision_02: 0.108 braids_recall_02: 0.892 braids_f1_02: 0.190 braids_precision_03: 0.250 braids_recall_03: 0.699 braids_f1_03: 0.358 braids_precision_04: 0.517 braids_recall_04: 0.397 braids_f1_04: 0.428 braids_precision_05: 0.691 braids_recall_05: 0.149 braids_f1_05: 0.230 braids_precision_06: 0.588 braids_recall_06: 0.060 braids_f1_06: 0.104 braids_precision_07: 0.369 braids_recall_07: 0.024 braids_f1_07: 0.044 braids_precision_08: 0.124 braids_recall_08: 0.006 braids_f1_08: 0.010 braids_precision_09: 0.008 braids_recall_09: 0.000 braids_f1_09: 0.001 minade_1: 1.420 minfde_1: 3.110 mr_1: 0.493 brier_fde_1: 3.110 minade_k: 0.707 minfde_k: 1.035 mr_k: 0.094 brier_fde_k: 1.643 
2025-05-02 02:22:49:[Validation] Avg. loss: 0.347019, time cost: 9.64 mins
2025-05-02 02:22:49:-- braids_precision_01: 0.029 braids_recall_01: 0.975 braids_f1_01: 0.056 braids_precision_02: 0.080 braids_recall_02: 0.883 braids_f1_02: 0.145 braids_precision_03: 0.211 braids_recall_03: 0.662 braids_f1_03: 0.311 braids_precision_04: 0.523 braids_recall_04: 0.316 braids_f1_04: 0.372 braids_precision_05: 0.621 braids_recall_05: 0.107 braids_f1_05: 0.172 braids_precision_06: 0.434 braids_recall_06: 0.042 braids_f1_06: 0.073 braids_precision_07: 0.162 braids_recall_07: 0.010 braids_f1_07: 0.019 braids_precision_08: 0.015 braids_recall_08: 0.001 braids_f1_08: 0.001 braids_precision_09: 0.000 braids_recall_09: 0.000 braids_f1_09: 0.000 minade_1: 1.244 minfde_1: 2.692 mr_1: 0.455 brier_fde_1: 2.692 minade_k: 0.665 minfde_k: 0.974 mr_k: 0.081 brier_fde_k: 1.557 
2025-05-02 02:22:49:
Epoch 24
2025-05-02 03:58:53:[Training] Avg. loss: 0.336064, time cost: 96.1 mins, lr: 0.00031, peak mem: 17636 MB
2025-05-02 03:58:53:-- braids_precision_01: 0.039 braids_recall_01: 0.977 braids_f1_01: 0.074 braids_precision_02: 0.105 braids_recall_02: 0.892 braids_f1_02: 0.185 braids_precision_03: 0.244 braids_recall_03: 0.701 braids_f1_03: 0.353 braids_precision_04: 0.509 braids_recall_04: 0.400 braids_f1_04: 0.427 braids_precision_05: 0.687 braids_recall_05: 0.152 braids_f1_05: 0.234 braids_precision_06: 0.593 braids_recall_06: 0.061 braids_f1_06: 0.106 braids_precision_07: 0.373 braids_recall_07: 0.024 braids_f1_07: 0.044 braids_precision_08: 0.121 braids_recall_08: 0.005 braids_f1_08: 0.010 braids_precision_09: 0.005 braids_recall_09: 0.000 braids_f1_09: 0.000 minade_1: 1.414 minfde_1: 3.097 mr_1: 0.491 brier_fde_1: 3.097 minade_k: 0.706 minfde_k: 1.034 mr_k: 0.094 brier_fde_k: 1.641 
2025-05-02 03:58:53:
Epoch 25
2025-05-02 05:35:02:[Training] Avg. loss: 0.334744, time cost: 96.1 mins, lr: 0.0003, peak mem: 17625 MB
2025-05-02 05:35:02:-- braids_precision_01: 0.040 braids_recall_01: 0.977 braids_f1_01: 0.076 braids_precision_02: 0.106 braids_recall_02: 0.894 braids_f1_02: 0.187 braids_precision_03: 0.242 braids_recall_03: 0.706 braids_f1_03: 0.351 braids_precision_04: 0.497 braids_recall_04: 0.407 braids_f1_04: 0.427 braids_precision_05: 0.677 braids_recall_05: 0.158 braids_f1_05: 0.240 braids_precision_06: 0.596 braids_recall_06: 0.064 braids_f1_06: 0.110 braids_precision_07: 0.397 braids_recall_07: 0.026 braids_f1_07: 0.048 braids_precision_08: 0.136 braids_recall_08: 0.006 braids_f1_08: 0.012 braids_precision_09: 0.008 braids_recall_09: 0.000 braids_f1_09: 0.001 minade_1: 1.409 minfde_1: 3.084 mr_1: 0.489 brier_fde_1: 3.084 minade_k: 0.703 minfde_k: 1.029 mr_k: 0.094 brier_fde_k: 1.636 
2025-05-02 05:44:41:[Validation] Avg. loss: 0.343516, time cost: 9.66 mins
2025-05-02 05:44:41:-- braids_precision_01: 0.037 braids_recall_01: 0.971 braids_f1_01: 0.072 braids_precision_02: 0.100 braids_recall_02: 0.881 braids_f1_02: 0.178 braids_precision_03: 0.236 braids_recall_03: 0.700 braids_f1_03: 0.344 braids_precision_04: 0.494 braids_recall_04: 0.414 braids_f1_04: 0.433 braids_precision_05: 0.647 braids_recall_05: 0.164 braids_f1_05: 0.246 braids_precision_06: 0.590 braids_recall_06: 0.083 braids_f1_06: 0.137 braids_precision_07: 0.424 braids_recall_07: 0.039 braids_f1_07: 0.068 braids_precision_08: 0.158 braids_recall_08: 0.010 braids_f1_08: 0.018 braids_precision_09: 0.003 braids_recall_09: 0.000 braids_f1_09: 0.000 minade_1: 1.252 minfde_1: 2.707 mr_1: 0.455 brier_fde_1: 2.707 minade_k: 0.650 minfde_k: 0.943 mr_k: 0.080 brier_fde_k: 1.547 
2025-05-02 05:44:41:
Epoch 26
2025-05-02 07:20:49:[Training] Avg. loss: 0.331495, time cost: 96.1 mins, lr: 0.000283, peak mem: 17611 MB
2025-05-02 07:20:49:-- braids_precision_01: 0.041 braids_recall_01: 0.978 braids_f1_01: 0.077 braids_precision_02: 0.110 braids_recall_02: 0.896 braids_f1_02: 0.193 braids_precision_03: 0.251 braids_recall_03: 0.709 braids_f1_03: 0.362 braids_precision_04: 0.509 braids_recall_04: 0.413 braids_f1_04: 0.436 braids_precision_05: 0.689 braids_recall_05: 0.161 braids_f1_05: 0.245 braids_precision_06: 0.613 braids_recall_06: 0.067 braids_f1_06: 0.115 braids_precision_07: 0.424 braids_recall_07: 0.030 braids_f1_07: 0.055 braids_precision_08: 0.187 braids_recall_08: 0.009 braids_f1_08: 0.017 braids_precision_09: 0.025 braids_recall_09: 0.001 braids_f1_09: 0.002 minade_1: 1.400 minfde_1: 3.066 mr_1: 0.486 brier_fde_1: 3.066 minade_k: 0.697 minfde_k: 1.018 mr_k: 0.091 brier_fde_k: 1.626 
2025-05-02 07:30:29:[Validation] Avg. loss: 0.344333, time cost: 9.66 mins
2025-05-02 07:30:29:-- braids_precision_01: 0.036 braids_recall_01: 0.974 braids_f1_01: 0.069 braids_precision_02: 0.101 braids_recall_02: 0.879 braids_f1_02: 0.179 braids_precision_03: 0.249 braids_recall_03: 0.666 braids_f1_03: 0.352 braids_precision_04: 0.513 braids_recall_04: 0.348 braids_f1_04: 0.394 braids_precision_05: 0.639 braids_recall_05: 0.141 braids_f1_05: 0.215 braids_precision_06: 0.556 braids_recall_06: 0.074 braids_f1_06: 0.124 braids_precision_07: 0.405 braids_recall_07: 0.037 braids_f1_07: 0.065 braids_precision_08: 0.200 braids_recall_08: 0.013 braids_f1_08: 0.024 braids_precision_09: 0.033 braids_recall_09: 0.002 braids_f1_09: 0.003 minade_1: 1.289 minfde_1: 2.808 mr_1: 0.482 brier_fde_1: 2.808 minade_k: 0.655 minfde_k: 0.947 mr_k: 0.080 brier_fde_k: 1.557 
2025-05-02 07:30:29:
Epoch 27
2025-05-02 09:06:45:[Training] Avg. loss: 0.329619, time cost: 96.3 mins, lr: 0.000267, peak mem: 17465 MB
2025-05-02 09:06:45:-- braids_precision_01: 0.040 braids_recall_01: 0.978 braids_f1_01: 0.076 braids_precision_02: 0.106 braids_recall_02: 0.898 braids_f1_02: 0.187 braids_precision_03: 0.242 braids_recall_03: 0.713 braids_f1_03: 0.352 braids_precision_04: 0.503 braids_recall_04: 0.419 braids_f1_04: 0.437 braids_precision_05: 0.686 braids_recall_05: 0.165 braids_f1_05: 0.250 braids_precision_06: 0.612 braids_recall_06: 0.067 braids_f1_06: 0.116 braids_precision_07: 0.425 braids_recall_07: 0.030 braids_f1_07: 0.054 braids_precision_08: 0.185 braids_recall_08: 0.009 braids_f1_08: 0.017 braids_precision_09: 0.020 braids_recall_09: 0.001 braids_f1_09: 0.001 minade_1: 1.393 minfde_1: 3.053 mr_1: 0.484 brier_fde_1: 3.053 minade_k: 0.694 minfde_k: 1.014 mr_k: 0.091 brier_fde_k: 1.623 
2025-05-02 09:16:41:[Validation] Avg. loss: 0.339339, time cost: 9.94 mins
2025-05-02 09:16:41:-- braids_precision_01: 0.042 braids_recall_01: 0.965 braids_f1_01: 0.080 braids_precision_02: 0.110 braids_recall_02: 0.865 braids_f1_02: 0.193 braids_precision_03: 0.252 braids_recall_03: 0.647 braids_f1_03: 0.350 braids_precision_04: 0.526 braids_recall_04: 0.343 braids_f1_04: 0.395 braids_precision_05: 0.650 braids_recall_05: 0.145 braids_f1_05: 0.222 braids_precision_06: 0.578 braids_recall_06: 0.077 braids_f1_06: 0.130 braids_precision_07: 0.421 braids_recall_07: 0.039 braids_f1_07: 0.069 braids_precision_08: 0.218 braids_recall_08: 0.014 braids_f1_08: 0.026 braids_precision_09: 0.027 braids_recall_09: 0.002 braids_f1_09: 0.003 minade_1: 1.238 minfde_1: 2.683 mr_1: 0.450 brier_fde_1: 2.683 minade_k: 0.656 minfde_k: 0.949 mr_k: 0.073 brier_fde_k: 1.538 
2025-05-02 09:16:42:
Epoch 28
2025-05-02 10:52:54:[Training] Avg. loss: 0.327668, time cost: 96.2 mins, lr: 0.00025, peak mem: 18319 MB
2025-05-02 10:52:54:-- braids_precision_01: 0.041 braids_recall_01: 0.979 braids_f1_01: 0.078 braids_precision_02: 0.109 braids_recall_02: 0.899 braids_f1_02: 0.192 braids_precision_03: 0.241 braids_recall_03: 0.719 braids_f1_03: 0.352 braids_precision_04: 0.498 braids_recall_04: 0.427 braids_f1_04: 0.439 braids_precision_05: 0.690 braids_recall_05: 0.172 braids_f1_05: 0.257 braids_precision_06: 0.621 braids_recall_06: 0.070 braids_f1_06: 0.120 braids_precision_07: 0.433 braids_recall_07: 0.031 braids_f1_07: 0.056 braids_precision_08: 0.188 braids_recall_08: 0.009 braids_f1_08: 0.017 braids_precision_09: 0.022 braids_recall_09: 0.001 braids_f1_09: 0.002 minade_1: 1.386 minfde_1: 3.040 mr_1: 0.482 brier_fde_1: 3.040 minade_k: 0.690 minfde_k: 1.009 mr_k: 0.089 brier_fde_k: 1.619 
2025-05-02 11:02:49:[Validation] Avg. loss: 0.339375, time cost: 9.92 mins
2025-05-02 11:02:49:-- braids_precision_01: 0.029 braids_recall_01: 0.978 braids_f1_01: 0.055 braids_precision_02: 0.081 braids_recall_02: 0.884 braids_f1_02: 0.146 braids_precision_03: 0.187 braids_recall_03: 0.684 braids_f1_03: 0.285 braids_precision_04: 0.456 braids_recall_04: 0.381 braids_f1_04: 0.392 braids_precision_05: 0.642 braids_recall_05: 0.160 braids_f1_05: 0.239 braids_precision_06: 0.597 braids_recall_06: 0.079 braids_f1_06: 0.133 braids_precision_07: 0.419 braids_recall_07: 0.037 braids_f1_07: 0.065 braids_precision_08: 0.186 braids_recall_08: 0.011 braids_f1_08: 0.020 braids_precision_09: 0.016 braids_recall_09: 0.001 braids_f1_09: 0.001 minade_1: 1.231 minfde_1: 2.669 mr_1: 0.453 brier_fde_1: 2.669 minade_k: 0.650 minfde_k: 0.929 mr_k: 0.075 brier_fde_k: 1.535 
2025-05-02 11:02:50:
Epoch 29
2025-05-03 12:38:58:[Training] Avg. loss: 0.324893, time cost: 96.1 mins, lr: 0.000233, peak mem: 17652 MB
2025-05-03 12:38:58:-- braids_precision_01: 0.042 braids_recall_01: 0.979 braids_f1_01: 0.080 braids_precision_02: 0.112 braids_recall_02: 0.900 braids_f1_02: 0.196 braids_precision_03: 0.248 braids_recall_03: 0.721 braids_f1_03: 0.360 braids_precision_04: 0.503 braids_recall_04: 0.431 braids_f1_04: 0.444 braids_precision_05: 0.694 braids_recall_05: 0.175 braids_f1_05: 0.262 braids_precision_06: 0.637 braids_recall_06: 0.073 braids_f1_06: 0.125 braids_precision_07: 0.449 braids_recall_07: 0.033 braids_f1_07: 0.059 braids_precision_08: 0.199 braids_recall_08: 0.010 braids_f1_08: 0.018 braids_precision_09: 0.028 braids_recall_09: 0.001 braids_f1_09: 0.002 minade_1: 1.378 minfde_1: 3.026 mr_1: 0.480 brier_fde_1: 3.026 minade_k: 0.685 minfde_k: 0.996 mr_k: 0.089 brier_fde_k: 1.605 
2025-05-03 12:48:37:[Validation] Avg. loss: 0.34224, time cost: 9.66 mins
2025-05-03 12:48:37:-- braids_precision_01: 0.041 braids_recall_01: 0.970 braids_f1_01: 0.077 braids_precision_02: 0.115 braids_recall_02: 0.879 braids_f1_02: 0.201 braids_precision_03: 0.274 braids_recall_03: 0.683 braids_f1_03: 0.380 braids_precision_04: 0.532 braids_recall_04: 0.382 braids_f1_04: 0.426 braids_precision_05: 0.674 braids_recall_05: 0.146 braids_f1_05: 0.226 braids_precision_06: 0.569 braids_recall_06: 0.070 braids_f1_06: 0.119 braids_precision_07: 0.347 braids_recall_07: 0.028 braids_f1_07: 0.050 braids_precision_08: 0.081 braids_recall_08: 0.004 braids_f1_08: 0.008 braids_precision_09: 0.001 braids_recall_09: 0.000 braids_f1_09: 0.000 minade_1: 1.228 minfde_1: 2.667 mr_1: 0.450 brier_fde_1: 2.667 minade_k: 0.648 minfde_k: 0.937 mr_k: 0.076 brier_fde_k: 1.530 
2025-05-03 12:48:38:
Epoch 30
2025-05-03 02:24:45:[Training] Avg. loss: 0.32281, time cost: 96.1 mins, lr: 0.000217, peak mem: 18042 MB
2025-05-03 02:24:45:-- braids_precision_01: 0.043 braids_recall_01: 0.979 braids_f1_01: 0.083 braids_precision_02: 0.116 braids_recall_02: 0.902 braids_f1_02: 0.202 braids_precision_03: 0.258 braids_recall_03: 0.724 braids_f1_03: 0.371 braids_precision_04: 0.514 braids_recall_04: 0.436 braids_f1_04: 0.452 braids_precision_05: 0.700 braids_recall_05: 0.180 braids_f1_05: 0.269 braids_precision_06: 0.651 braids_recall_06: 0.077 braids_f1_06: 0.132 braids_precision_07: 0.472 braids_recall_07: 0.035 braids_f1_07: 0.063 braids_precision_08: 0.206 braids_recall_08: 0.010 braids_f1_08: 0.019 braids_precision_09: 0.020 braids_recall_09: 0.001 braids_f1_09: 0.001 minade_1: 1.375 minfde_1: 3.020 mr_1: 0.480 brier_fde_1: 3.020 minade_k: 0.683 minfde_k: 0.996 mr_k: 0.088 brier_fde_k: 1.604 
2025-05-03 02:34:24:[Validation] Avg. loss: 0.335219, time cost: 9.64 mins
2025-05-03 02:34:24:-- braids_precision_01: 0.035 braids_recall_01: 0.976 braids_f1_01: 0.068 braids_precision_02: 0.101 braids_recall_02: 0.886 braids_f1_02: 0.179 braids_precision_03: 0.251 braids_recall_03: 0.672 braids_f1_03: 0.354 braids_precision_04: 0.537 braids_recall_04: 0.350 braids_f1_04: 0.402 braids_precision_05: 0.654 braids_recall_05: 0.135 braids_f1_05: 0.208 braids_precision_06: 0.554 braids_recall_06: 0.072 braids_f1_06: 0.121 braids_precision_07: 0.400 braids_recall_07: 0.036 braids_f1_07: 0.064 braids_precision_08: 0.180 braids_recall_08: 0.012 braids_f1_08: 0.023 braids_precision_09: 0.007 braids_recall_09: 0.000 braids_f1_09: 0.001 minade_1: 1.222 minfde_1: 2.654 mr_1: 0.447 brier_fde_1: 2.654 minade_k: 0.647 minfde_k: 0.933 mr_k: 0.077 brier_fde_k: 1.527 
2025-05-03 02:34:25:Save the model to saved_models/20250430-210131_DGFNet_ckpt_epoch30.tar
2025-05-03 02:34:25:
Epoch 31
2025-05-03 04:10:26:[Training] Avg. loss: 0.319397, time cost: 96.0 mins, lr: 0.0002, peak mem: 17614 MB
2025-05-03 04:10:26:-- braids_precision_01: 0.044 braids_recall_01: 0.980 braids_f1_01: 0.084 braids_precision_02: 0.116 braids_recall_02: 0.904 braids_f1_02: 0.203 braids_precision_03: 0.257 braids_recall_03: 0.729 braids_f1_03: 0.370 braids_precision_04: 0.518 braids_recall_04: 0.443 braids_f1_04: 0.459 braids_precision_05: 0.702 braids_recall_05: 0.184 braids_f1_05: 0.274 braids_precision_06: 0.653 braids_recall_06: 0.079 braids_f1_06: 0.134 braids_precision_07: 0.479 braids_recall_07: 0.037 braids_f1_07: 0.066 braids_precision_08: 0.226 braids_recall_08: 0.012 braids_f1_08: 0.021 braids_precision_09: 0.030 braids_recall_09: 0.001 braids_f1_09: 0.002 minade_1: 1.365 minfde_1: 3.000 mr_1: 0.476 brier_fde_1: 3.000 minade_k: 0.677 minfde_k: 0.986 mr_k: 0.086 brier_fde_k: 1.594 
2025-05-03 04:20:05:[Validation] Avg. loss: 0.335048, time cost: 9.65 mins
2025-05-03 04:20:05:-- braids_precision_01: 0.050 braids_recall_01: 0.962 braids_f1_01: 0.094 braids_precision_02: 0.130 braids_recall_02: 0.861 braids_f1_02: 0.223 braids_precision_03: 0.291 braids_recall_03: 0.658 braids_f1_03: 0.391 braids_precision_04: 0.533 braids_recall_04: 0.381 braids_f1_04: 0.427 braids_precision_05: 0.676 braids_recall_05: 0.157 braids_f1_05: 0.239 braids_precision_06: 0.585 braids_recall_06: 0.078 braids_f1_06: 0.131 braids_precision_07: 0.422 braids_recall_07: 0.038 braids_f1_07: 0.068 braids_precision_08: 0.207 braids_recall_08: 0.013 braids_f1_08: 0.024 braids_precision_09: 0.027 braids_recall_09: 0.001 braids_f1_09: 0.002 minade_1: 1.224 minfde_1: 2.663 mr_1: 0.448 brier_fde_1: 2.663 minade_k: 0.648 minfde_k: 0.939 mr_k: 0.076 brier_fde_k: 1.528 
2025-05-03 04:20:05:
Epoch 32
2025-05-03 05:56:05:[Training] Avg. loss: 0.317186, time cost: 96.0 mins, lr: 0.000183, peak mem: 17175 MB
2025-05-03 05:56:05:-- braids_precision_01: 0.044 braids_recall_01: 0.980 braids_f1_01: 0.083 braids_precision_02: 0.115 braids_recall_02: 0.904 braids_f1_02: 0.202 braids_precision_03: 0.257 braids_recall_03: 0.730 braids_f1_03: 0.371 braids_precision_04: 0.518 braids_recall_04: 0.449 braids_f1_04: 0.461 braids_precision_05: 0.701 braids_recall_05: 0.189 braids_f1_05: 0.281 braids_precision_06: 0.659 braids_recall_06: 0.081 braids_f1_06: 0.136 braids_precision_07: 0.483 braids_recall_07: 0.037 braids_f1_07: 0.067 braids_precision_08: 0.236 braids_recall_08: 0.012 braids_f1_08: 0.022 braids_precision_09: 0.036 braids_recall_09: 0.001 braids_f1_09: 0.003 minade_1: 1.360 minfde_1: 2.993 mr_1: 0.475 brier_fde_1: 2.993 minade_k: 0.674 minfde_k: 0.980 mr_k: 0.085 brier_fde_k: 1.587 
2025-05-03 06:05:45:[Validation] Avg. loss: 0.334881, time cost: 9.66 mins
2025-05-03 06:05:45:-- braids_precision_01: 0.046 braids_recall_01: 0.961 braids_f1_01: 0.087 braids_precision_02: 0.125 braids_recall_02: 0.854 braids_f1_02: 0.215 braids_precision_03: 0.286 braids_recall_03: 0.658 braids_f1_03: 0.387 braids_precision_04: 0.534 braids_recall_04: 0.378 braids_f1_04: 0.423 braids_precision_05: 0.668 braids_recall_05: 0.159 braids_f1_05: 0.242 braids_precision_06: 0.604 braids_recall_06: 0.085 braids_f1_06: 0.142 braids_precision_07: 0.464 braids_recall_07: 0.044 braids_f1_07: 0.078 braids_precision_08: 0.253 braids_recall_08: 0.017 braids_f1_08: 0.031 braids_precision_09: 0.049 braids_recall_09: 0.003 braids_f1_09: 0.005 minade_1: 1.226 minfde_1: 2.659 mr_1: 0.448 brier_fde_1: 2.659 minade_k: 0.644 minfde_k: 0.930 mr_k: 0.075 brier_fde_k: 1.521 
2025-05-03 06:05:45:
Epoch 33
2025-05-03 07:41:48:[Training] Avg. loss: 0.314102, time cost: 96.0 mins, lr: 0.000167, peak mem: 17295 MB
2025-05-03 07:41:48:-- braids_precision_01: 0.044 braids_recall_01: 0.980 braids_f1_01: 0.084 braids_precision_02: 0.116 braids_recall_02: 0.905 braids_f1_02: 0.203 braids_precision_03: 0.257 braids_recall_03: 0.734 braids_f1_03: 0.371 braids_precision_04: 0.518 braids_recall_04: 0.452 braids_f1_04: 0.464 braids_precision_05: 0.709 braids_recall_05: 0.194 braids_f1_05: 0.287 braids_precision_06: 0.678 braids_recall_06: 0.084 braids_f1_06: 0.142 braids_precision_07: 0.504 braids_recall_07: 0.040 braids_f1_07: 0.071 braids_precision_08: 0.255 braids_recall_08: 0.013 braids_f1_08: 0.025 braids_precision_09: 0.042 braids_recall_09: 0.002 braids_f1_09: 0.003 minade_1: 1.352 minfde_1: 2.978 mr_1: 0.472 brier_fde_1: 2.978 minade_k: 0.669 minfde_k: 0.972 mr_k: 0.084 brier_fde_k: 1.580 
2025-05-03 07:51:26:[Validation] Avg. loss: 0.336538, time cost: 9.64 mins
2025-05-03 07:51:26:-- braids_precision_01: 0.040 braids_recall_01: 0.973 braids_f1_01: 0.076 braids_precision_02: 0.104 braids_recall_02: 0.895 braids_f1_02: 0.184 braids_precision_03: 0.237 braids_recall_03: 0.731 braids_f1_03: 0.349 braids_precision_04: 0.482 braids_recall_04: 0.460 braids_f1_04: 0.454 braids_precision_05: 0.669 braids_recall_05: 0.202 braids_f1_05: 0.290 braids_precision_06: 0.635 braids_recall_06: 0.102 braids_f1_06: 0.166 braids_precision_07: 0.511 braids_recall_07: 0.056 braids_f1_07: 0.097 braids_precision_08: 0.290 braids_recall_08: 0.021 braids_f1_08: 0.039 braids_precision_09: 0.042 braids_recall_09: 0.002 braids_f1_09: 0.004 minade_1: 1.222 minfde_1: 2.645 mr_1: 0.446 brier_fde_1: 2.645 minade_k: 0.643 minfde_k: 0.926 mr_k: 0.074 brier_fde_k: 1.513 
2025-05-03 07:51:27:
Epoch 34
2025-05-03 09:27:30:[Training] Avg. loss: 0.311391, time cost: 96.0 mins, lr: 0.00015, peak mem: 17867 MB
2025-05-03 09:27:30:-- braids_precision_01: 0.045 braids_recall_01: 0.980 braids_f1_01: 0.086 braids_precision_02: 0.118 braids_recall_02: 0.906 braids_f1_02: 0.207 braids_precision_03: 0.260 braids_recall_03: 0.737 braids_f1_03: 0.376 braids_precision_04: 0.519 braids_recall_04: 0.459 braids_f1_04: 0.469 braids_precision_05: 0.709 braids_recall_05: 0.200 braids_f1_05: 0.294 braids_precision_06: 0.684 braids_recall_06: 0.087 braids_f1_06: 0.146 braids_precision_07: 0.516 braids_recall_07: 0.042 braids_f1_07: 0.074 braids_precision_08: 0.270 braids_recall_08: 0.014 braids_f1_08: 0.027 braids_precision_09: 0.055 braids_recall_09: 0.002 braids_f1_09: 0.004 minade_1: 1.346 minfde_1: 2.964 mr_1: 0.471 brier_fde_1: 2.964 minade_k: 0.666 minfde_k: 0.965 mr_k: 0.083 brier_fde_k: 1.572 
2025-05-03 09:37:09:[Validation] Avg. loss: 0.335123, time cost: 9.65 mins
2025-05-03 09:37:09:-- braids_precision_01: 0.048 braids_recall_01: 0.960 braids_f1_01: 0.092 braids_precision_02: 0.123 braids_recall_02: 0.862 braids_f1_02: 0.211 braids_precision_03: 0.267 braids_recall_03: 0.681 braids_f1_03: 0.372 braids_precision_04: 0.503 braids_recall_04: 0.421 braids_f1_04: 0.439 braids_precision_05: 0.665 braids_recall_05: 0.190 braids_f1_05: 0.277 braids_precision_06: 0.638 braids_recall_06: 0.100 braids_f1_06: 0.164 braids_precision_07: 0.514 braids_recall_07: 0.057 braids_f1_07: 0.099 braids_precision_08: 0.332 braids_recall_08: 0.026 braids_f1_08: 0.047 braids_precision_09: 0.090 braids_recall_09: 0.005 braids_f1_09: 0.009 minade_1: 1.213 minfde_1: 2.627 mr_1: 0.445 brier_fde_1: 2.627 minade_k: 0.640 minfde_k: 0.915 mr_k: 0.075 brier_fde_k: 1.510 
2025-05-03 09:37:09:
Epoch 35
2025-05-03 11:13:13:[Training] Avg. loss: 0.309764, time cost: 96.1 mins, lr: 0.000133, peak mem: 18361 MB
2025-05-03 11:13:13:-- braids_precision_01: 0.047 braids_recall_01: 0.981 braids_f1_01: 0.090 braids_precision_02: 0.122 braids_recall_02: 0.907 braids_f1_02: 0.213 braids_precision_03: 0.266 braids_recall_03: 0.739 braids_f1_03: 0.381 braids_precision_04: 0.522 braids_recall_04: 0.464 braids_f1_04: 0.473 braids_precision_05: 0.712 braids_recall_05: 0.205 braids_f1_05: 0.300 braids_precision_06: 0.695 braids_recall_06: 0.091 braids_f1_06: 0.152 braids_precision_07: 0.533 braids_recall_07: 0.045 braids_f1_07: 0.080 braids_precision_08: 0.311 braids_recall_08: 0.018 braids_f1_08: 0.033 braids_precision_09: 0.071 braids_recall_09: 0.003 braids_f1_09: 0.005 minade_1: 1.339 minfde_1: 2.953 mr_1: 0.469 brier_fde_1: 2.953 minade_k: 0.661 minfde_k: 0.961 mr_k: 0.082 brier_fde_k: 1.569 
2025-05-03 11:22:52:[Validation] Avg. loss: 0.332394, time cost: 9.65 mins
2025-05-03 11:22:52:-- braids_precision_01: 0.040 braids_recall_01: 0.972 braids_f1_01: 0.077 braids_precision_02: 0.108 braids_recall_02: 0.875 braids_f1_02: 0.189 braids_precision_03: 0.255 braids_recall_03: 0.671 braids_f1_03: 0.357 braids_precision_04: 0.539 braids_recall_04: 0.370 braids_f1_04: 0.417 braids_precision_05: 0.674 braids_recall_05: 0.148 braids_f1_05: 0.227 braids_precision_06: 0.569 braids_recall_06: 0.074 braids_f1_06: 0.124 braids_precision_07: 0.404 braids_recall_07: 0.037 braids_f1_07: 0.065 braids_precision_08: 0.200 braids_recall_08: 0.013 braids_f1_08: 0.024 braids_precision_09: 0.030 braids_recall_09: 0.001 braids_f1_09: 0.003 minade_1: 1.218 minfde_1: 2.640 mr_1: 0.445 brier_fde_1: 2.640 minade_k: 0.642 minfde_k: 0.918 mr_k: 0.074 brier_fde_k: 1.515 
2025-05-03 11:22:52:
Epoch 36
2025-05-03 12:59:05:[Training] Avg. loss: 0.307013, time cost: 96.2 mins, lr: 0.000117, peak mem: 17765 MB
2025-05-03 12:59:05:-- braids_precision_01: 0.047 braids_recall_01: 0.981 braids_f1_01: 0.090 braids_precision_02: 0.123 braids_recall_02: 0.909 braids_f1_02: 0.213 braids_precision_03: 0.265 braids_recall_03: 0.743 braids_f1_03: 0.381 braids_precision_04: 0.520 braids_recall_04: 0.471 braids_f1_04: 0.476 braids_precision_05: 0.708 braids_recall_05: 0.209 braids_f1_05: 0.305 braids_precision_06: 0.696 braids_recall_06: 0.092 braids_f1_06: 0.154 braids_precision_07: 0.545 braids_recall_07: 0.047 braids_f1_07: 0.083 braids_precision_08: 0.329 braids_recall_08: 0.019 braids_f1_08: 0.036 braids_precision_09: 0.093 braids_recall_09: 0.004 braids_f1_09: 0.007 minade_1: 1.335 minfde_1: 2.946 mr_1: 0.467 brier_fde_1: 2.946 minade_k: 0.657 minfde_k: 0.953 mr_k: 0.081 brier_fde_k: 1.561 
2025-05-03 01:08:44:[Validation] Avg. loss: 0.331975, time cost: 9.65 mins
2025-05-03 01:08:44:-- braids_precision_01: 0.044 braids_recall_01: 0.969 braids_f1_01: 0.084 braids_precision_02: 0.115 braids_recall_02: 0.883 braids_f1_02: 0.201 braids_precision_03: 0.251 braids_recall_03: 0.707 braids_f1_03: 0.360 braids_precision_04: 0.490 braids_recall_04: 0.442 braids_f1_04: 0.446 braids_precision_05: 0.662 braids_recall_05: 0.211 braids_f1_05: 0.299 braids_precision_06: 0.655 braids_recall_06: 0.113 braids_f1_06: 0.181 braids_precision_07: 0.561 braids_recall_07: 0.069 braids_f1_07: 0.118 braids_precision_08: 0.411 braids_recall_08: 0.036 braids_f1_08: 0.064 braids_precision_09: 0.164 braids_recall_09: 0.011 braids_f1_09: 0.019 minade_1: 1.209 minfde_1: 2.623 mr_1: 0.437 brier_fde_1: 2.623 minade_k: 0.643 minfde_k: 0.916 mr_k: 0.077 brier_fde_k: 1.526 
2025-05-03 01:08:44:
Epoch 37
2025-05-03 02:37:24:[Training] Avg. loss: 0.304611, time cost: 88.7 mins, lr: 0.0001, peak mem: 17637 MB
2025-05-03 02:37:24:-- braids_precision_01: 0.048 braids_recall_01: 0.981 braids_f1_01: 0.092 braids_precision_02: 0.124 braids_recall_02: 0.909 braids_f1_02: 0.215 braids_precision_03: 0.265 braids_recall_03: 0.745 braids_f1_03: 0.382 braids_precision_04: 0.522 braids_recall_04: 0.474 braids_f1_04: 0.478 braids_precision_05: 0.711 braids_recall_05: 0.214 braids_f1_05: 0.310 braids_precision_06: 0.701 braids_recall_06: 0.094 braids_f1_06: 0.157 braids_precision_07: 0.552 braids_recall_07: 0.048 braids_f1_07: 0.085 braids_precision_08: 0.348 braids_recall_08: 0.021 braids_f1_08: 0.038 braids_precision_09: 0.103 braids_recall_09: 0.004 braids_f1_09: 0.008 minade_1: 1.327 minfde_1: 2.931 mr_1: 0.465 brier_fde_1: 2.931 minade_k: 0.654 minfde_k: 0.947 mr_k: 0.080 brier_fde_k: 1.555 
2025-05-03 02:45:21:[Validation] Avg. loss: 0.331506, time cost: 7.95 mins
2025-05-03 02:45:21:-- braids_precision_01: 0.044 braids_recall_01: 0.968 braids_f1_01: 0.083 braids_precision_02: 0.115 braids_recall_02: 0.879 braids_f1_02: 0.200 braids_precision_03: 0.257 braids_recall_03: 0.698 braids_f1_03: 0.364 braids_precision_04: 0.507 braids_recall_04: 0.428 braids_f1_04: 0.446 braids_precision_05: 0.685 braids_recall_05: 0.195 braids_f1_05: 0.284 braids_precision_06: 0.644 braids_recall_06: 0.102 braids_f1_06: 0.166 braids_precision_07: 0.519 braids_recall_07: 0.060 braids_f1_07: 0.103 braids_precision_08: 0.366 braids_recall_08: 0.030 braids_f1_08: 0.054 braids_precision_09: 0.144 braids_recall_09: 0.009 braids_f1_09: 0.017 minade_1: 1.221 minfde_1: 2.646 mr_1: 0.449 brier_fde_1: 2.646 minade_k: 0.638 minfde_k: 0.911 mr_k: 0.074 brier_fde_k: 1.509 
2025-05-03 02:45:22:
Epoch 38
2025-05-03 04:08:48:[Training] Avg. loss: 0.302265, time cost: 83.4 mins, lr: 8.33e-05, peak mem: 16788 MB
2025-05-03 04:08:48:-- braids_precision_01: 0.047 braids_recall_01: 0.981 braids_f1_01: 0.090 braids_precision_02: 0.122 braids_recall_02: 0.910 braids_f1_02: 0.211 braids_precision_03: 0.261 braids_recall_03: 0.748 braids_f1_03: 0.377 braids_precision_04: 0.523 braids_recall_04: 0.480 braids_f1_04: 0.482 braids_precision_05: 0.713 braids_recall_05: 0.219 braids_f1_05: 0.316 braids_precision_06: 0.707 braids_recall_06: 0.097 braids_f1_06: 0.162 braids_precision_07: 0.562 braids_recall_07: 0.051 braids_f1_07: 0.089 braids_precision_08: 0.368 braids_recall_08: 0.023 braids_f1_08: 0.042 braids_precision_09: 0.128 braids_recall_09: 0.006 braids_f1_09: 0.011 minade_1: 1.321 minfde_1: 2.919 mr_1: 0.464 brier_fde_1: 2.919 minade_k: 0.651 minfde_k: 0.943 mr_k: 0.079 brier_fde_k: 1.551 
2025-05-03 04:16:46:[Validation] Avg. loss: 0.330214, time cost: 7.96 mins
2025-05-03 04:16:46:-- braids_precision_01: 0.040 braids_recall_01: 0.973 braids_f1_01: 0.077 braids_precision_02: 0.107 braids_recall_02: 0.886 braids_f1_02: 0.189 braids_precision_03: 0.239 braids_recall_03: 0.699 braids_f1_03: 0.346 braids_precision_04: 0.485 braids_recall_04: 0.428 braids_f1_04: 0.434 braids_precision_05: 0.663 braids_recall_05: 0.200 braids_f1_05: 0.286 braids_precision_06: 0.642 braids_recall_06: 0.105 braids_f1_06: 0.170 braids_precision_07: 0.531 braids_recall_07: 0.061 braids_f1_07: 0.105 braids_precision_08: 0.360 braids_recall_08: 0.031 braids_f1_08: 0.055 braids_precision_09: 0.160 braids_recall_09: 0.010 braids_f1_09: 0.019 minade_1: 1.216 minfde_1: 2.635 mr_1: 0.442 brier_fde_1: 2.635 minade_k: 0.639 minfde_k: 0.909 mr_k: 0.074 brier_fde_k: 1.514 
2025-05-03 04:16:46:
Epoch 39
2025-05-03 05:40:17:[Training] Avg. loss: 0.29953, time cost: 83.5 mins, lr: 6.67e-05, peak mem: 17983 MB
2025-05-03 05:40:17:-- braids_precision_01: 0.048 braids_recall_01: 0.982 braids_f1_01: 0.092 braids_precision_02: 0.125 braids_recall_02: 0.912 braids_f1_02: 0.217 braids_precision_03: 0.271 braids_recall_03: 0.751 braids_f1_03: 0.389 braids_precision_04: 0.523 braids_recall_04: 0.485 braids_f1_04: 0.486 braids_precision_05: 0.713 braids_recall_05: 0.225 braids_f1_05: 0.323 braids_precision_06: 0.712 braids_recall_06: 0.099 braids_f1_06: 0.164 braids_precision_07: 0.566 braids_recall_07: 0.051 braids_f1_07: 0.090 braids_precision_08: 0.372 braids_recall_08: 0.023 braids_f1_08: 0.042 braids_precision_09: 0.124 braids_recall_09: 0.005 braids_f1_09: 0.010 minade_1: 1.314 minfde_1: 2.908 mr_1: 0.462 brier_fde_1: 2.908 minade_k: 0.647 minfde_k: 0.936 mr_k: 0.079 brier_fde_k: 1.543 
2025-05-03 05:48:17:[Validation] Avg. loss: 0.331286, time cost: 8.0 mins
2025-05-03 05:48:17:-- braids_precision_01: 0.050 braids_recall_01: 0.963 braids_f1_01: 0.094 braids_precision_02: 0.123 braids_recall_02: 0.873 braids_f1_02: 0.212 braids_precision_03: 0.266 braids_recall_03: 0.702 braids_f1_03: 0.375 braids_precision_04: 0.499 braids_recall_04: 0.448 braids_f1_04: 0.454 braids_precision_05: 0.669 braids_recall_05: 0.220 braids_f1_05: 0.311 braids_precision_06: 0.655 braids_recall_06: 0.117 braids_f1_06: 0.185 braids_precision_07: 0.557 braids_recall_07: 0.071 braids_f1_07: 0.119 braids_precision_08: 0.408 braids_recall_08: 0.037 braids_f1_08: 0.066 braids_precision_09: 0.183 braids_recall_09: 0.012 braids_f1_09: 0.022 minade_1: 1.208 minfde_1: 2.619 mr_1: 0.438 brier_fde_1: 2.619 minade_k: 0.637 minfde_k: 0.907 mr_k: 0.073 brier_fde_k: 1.509 
2025-05-03 05:48:17:
Epoch 40
2025-05-03 07:11:45:[Training] Avg. loss: 0.297868, time cost: 83.5 mins, lr: 5e-05, peak mem: 17385 MB
2025-05-03 07:11:45:-- braids_precision_01: 0.050 braids_recall_01: 0.982 braids_f1_01: 0.094 braids_precision_02: 0.126 braids_recall_02: 0.912 braids_f1_02: 0.218 braids_precision_03: 0.268 braids_recall_03: 0.752 braids_f1_03: 0.386 braids_precision_04: 0.522 braids_recall_04: 0.489 braids_f1_04: 0.487 braids_precision_05: 0.713 braids_recall_05: 0.230 braids_f1_05: 0.328 braids_precision_06: 0.714 braids_recall_06: 0.102 braids_f1_06: 0.168 braids_precision_07: 0.579 braids_recall_07: 0.054 braids_f1_07: 0.094 braids_precision_08: 0.383 braids_recall_08: 0.024 braids_f1_08: 0.045 braids_precision_09: 0.138 braids_recall_09: 0.006 braids_f1_09: 0.011 minade_1: 1.309 minfde_1: 2.898 mr_1: 0.460 brier_fde_1: 2.898 minade_k: 0.643 minfde_k: 0.932 mr_k: 0.077 brier_fde_k: 1.539 
2025-05-03 07:19:43:[Validation] Avg. loss: 0.331122, time cost: 7.96 mins
2025-05-03 07:19:43:-- braids_precision_01: 0.051 braids_recall_01: 0.965 braids_f1_01: 0.097 braids_precision_02: 0.127 braids_recall_02: 0.873 braids_f1_02: 0.219 braids_precision_03: 0.277 braids_recall_03: 0.691 braids_f1_03: 0.383 braids_precision_04: 0.519 braids_recall_04: 0.425 braids_f1_04: 0.447 braids_precision_05: 0.675 braids_recall_05: 0.197 braids_f1_05: 0.285 braids_precision_06: 0.642 braids_recall_06: 0.105 braids_f1_06: 0.170 braids_precision_07: 0.541 braids_recall_07: 0.064 braids_f1_07: 0.109 braids_precision_08: 0.388 braids_recall_08: 0.034 braids_f1_08: 0.061 braids_precision_09: 0.172 braids_recall_09: 0.011 braids_f1_09: 0.021 minade_1: 1.202 minfde_1: 2.606 mr_1: 0.433 brier_fde_1: 2.606 minade_k: 0.637 minfde_k: 0.905 mr_k: 0.073 brier_fde_k: 1.506 
2025-05-03 07:19:43:Save the model to saved_models/20250430-210131_DGFNet_ckpt_epoch40.tar
2025-05-03 07:19:43:
Epoch 41
2025-05-03 08:43:29:[Training] Avg. loss: 0.297103, time cost: 83.8 mins, lr: 5e-05, peak mem: 18271 MB
2025-05-03 08:43:29:-- braids_precision_01: 0.050 braids_recall_01: 0.982 braids_f1_01: 0.095 braids_precision_02: 0.127 braids_recall_02: 0.912 braids_f1_02: 0.220 braids_precision_03: 0.271 braids_recall_03: 0.755 braids_f1_03: 0.389 braids_precision_04: 0.523 braids_recall_04: 0.491 braids_f1_04: 0.489 braids_precision_05: 0.711 braids_recall_05: 0.229 braids_f1_05: 0.327 braids_precision_06: 0.718 braids_recall_06: 0.102 braids_f1_06: 0.169 braids_precision_07: 0.578 braids_recall_07: 0.054 braids_f1_07: 0.094 braids_precision_08: 0.384 braids_recall_08: 0.025 braids_f1_08: 0.045 braids_precision_09: 0.138 braids_recall_09: 0.006 braids_f1_09: 0.012 minade_1: 1.305 minfde_1: 2.890 mr_1: 0.459 brier_fde_1: 2.890 minade_k: 0.643 minfde_k: 0.933 mr_k: 0.078 brier_fde_k: 1.540 
2025-05-03 08:51:29:[Validation] Avg. loss: 0.33126, time cost: 8.0 mins
2025-05-03 08:51:29:-- braids_precision_01: 0.049 braids_recall_01: 0.965 braids_f1_01: 0.093 braids_precision_02: 0.120 braids_recall_02: 0.876 braids_f1_02: 0.208 braids_precision_03: 0.262 braids_recall_03: 0.701 braids_f1_03: 0.370 braids_precision_04: 0.504 braids_recall_04: 0.440 braids_f1_04: 0.451 braids_precision_05: 0.675 braids_recall_05: 0.209 braids_f1_05: 0.299 braids_precision_06: 0.650 braids_recall_06: 0.112 braids_f1_06: 0.180 braids_precision_07: 0.566 braids_recall_07: 0.071 braids_f1_07: 0.121 braids_precision_08: 0.408 braids_recall_08: 0.037 braids_f1_08: 0.065 braids_precision_09: 0.192 braids_recall_09: 0.013 braids_f1_09: 0.024 minade_1: 1.205 minfde_1: 2.613 mr_1: 0.437 brier_fde_1: 2.613 minade_k: 0.638 minfde_k: 0.911 mr_k: 0.073 brier_fde_k: 1.507 
2025-05-03 08:51:29:
Epoch 42
2025-05-03 10:15:12:[Training] Avg. loss: 0.295993, time cost: 83.7 mins, lr: 5e-05, peak mem: 17290 MB
2025-05-03 10:15:12:-- braids_precision_01: 0.050 braids_recall_01: 0.982 braids_f1_01: 0.095 braids_precision_02: 0.126 braids_recall_02: 0.913 braids_f1_02: 0.219 braids_precision_03: 0.269 braids_recall_03: 0.755 braids_f1_03: 0.388 braids_precision_04: 0.521 braids_recall_04: 0.493 braids_f1_04: 0.489 braids_precision_05: 0.711 braids_recall_05: 0.231 braids_f1_05: 0.330 braids_precision_06: 0.714 braids_recall_06: 0.104 braids_f1_06: 0.171 braids_precision_07: 0.582 braids_recall_07: 0.054 braids_f1_07: 0.095 braids_precision_08: 0.387 braids_recall_08: 0.025 braids_f1_08: 0.045 braids_precision_09: 0.137 braids_recall_09: 0.006 braids_f1_09: 0.011 minade_1: 1.307 minfde_1: 2.895 mr_1: 0.459 brier_fde_1: 2.895 minade_k: 0.642 minfde_k: 0.931 mr_k: 0.078 brier_fde_k: 1.539 
2025-05-03 10:23:09:[Validation] Avg. loss: 0.331514, time cost: 7.95 mins
2025-05-03 10:23:09:-- braids_precision_01: 0.047 braids_recall_01: 0.966 braids_f1_01: 0.089 braids_precision_02: 0.121 braids_recall_02: 0.878 braids_f1_02: 0.210 braids_precision_03: 0.268 braids_recall_03: 0.701 braids_f1_03: 0.377 braids_precision_04: 0.508 braids_recall_04: 0.438 braids_f1_04: 0.452 braids_precision_05: 0.678 braids_recall_05: 0.206 braids_f1_05: 0.296 braids_precision_06: 0.648 braids_recall_06: 0.111 braids_f1_06: 0.178 braids_precision_07: 0.555 braids_recall_07: 0.068 braids_f1_07: 0.116 braids_precision_08: 0.404 braids_recall_08: 0.036 braids_f1_08: 0.064 braids_precision_09: 0.167 braids_recall_09: 0.011 braids_f1_09: 0.020 minade_1: 1.200 minfde_1: 2.604 mr_1: 0.436 brier_fde_1: 2.604 minade_k: 0.638 minfde_k: 0.906 mr_k: 0.073 brier_fde_k: 1.505 
2025-05-03 10:23:09:
Epoch 43
2025-05-03 11:46:56:[Training] Avg. loss: 0.295705, time cost: 83.8 mins, lr: 5e-05, peak mem: 18747 MB
2025-05-03 11:46:56:-- braids_precision_01: 0.050 braids_recall_01: 0.982 braids_f1_01: 0.095 braids_precision_02: 0.128 braids_recall_02: 0.913 braids_f1_02: 0.221 braids_precision_03: 0.274 braids_recall_03: 0.755 braids_f1_03: 0.392 braids_precision_04: 0.524 braids_recall_04: 0.493 braids_f1_04: 0.491 braids_precision_05: 0.711 braids_recall_05: 0.233 braids_f1_05: 0.332 braids_precision_06: 0.716 braids_recall_06: 0.104 braids_f1_06: 0.171 braids_precision_07: 0.577 braids_recall_07: 0.055 braids_f1_07: 0.095 braids_precision_08: 0.389 braids_recall_08: 0.025 braids_f1_08: 0.046 braids_precision_09: 0.143 braids_recall_09: 0.006 braids_f1_09: 0.012 minade_1: 1.307 minfde_1: 2.897 mr_1: 0.460 brier_fde_1: 2.897 minade_k: 0.640 minfde_k: 0.927 mr_k: 0.077 brier_fde_k: 1.535 
2025-05-03 11:54:55:[Validation] Avg. loss: 0.331203, time cost: 7.99 mins
2025-05-03 11:54:55:-- braids_precision_01: 0.051 braids_recall_01: 0.962 braids_f1_01: 0.096 braids_precision_02: 0.125 braids_recall_02: 0.866 braids_f1_02: 0.215 braids_precision_03: 0.272 braids_recall_03: 0.686 braids_f1_03: 0.378 braids_precision_04: 0.514 braids_recall_04: 0.431 braids_f1_04: 0.450 braids_precision_05: 0.674 braids_recall_05: 0.207 braids_f1_05: 0.297 braids_precision_06: 0.649 braids_recall_06: 0.110 braids_f1_06: 0.178 braids_precision_07: 0.552 braids_recall_07: 0.067 braids_f1_07: 0.114 braids_precision_08: 0.397 braids_recall_08: 0.035 braids_f1_08: 0.062 braids_precision_09: 0.191 braids_recall_09: 0.013 braids_f1_09: 0.023 minade_1: 1.206 minfde_1: 2.610 mr_1: 0.438 brier_fde_1: 2.610 minade_k: 0.639 minfde_k: 0.910 mr_k: 0.073 brier_fde_k: 1.508 
2025-05-03 11:54:55:
Epoch 44
2025-05-04 01:18:33:[Training] Avg. loss: 0.295417, time cost: 83.6 mins, lr: 5e-05, peak mem: 17736 MB
2025-05-04 01:18:33:-- braids_precision_01: 0.050 braids_recall_01: 0.982 braids_f1_01: 0.095 braids_precision_02: 0.126 braids_recall_02: 0.913 braids_f1_02: 0.219 braids_precision_03: 0.268 braids_recall_03: 0.755 braids_f1_03: 0.387 braids_precision_04: 0.519 braids_recall_04: 0.494 braids_f1_04: 0.488 braids_precision_05: 0.709 braids_recall_05: 0.235 braids_f1_05: 0.333 braids_precision_06: 0.722 braids_recall_06: 0.105 braids_f1_06: 0.173 braids_precision_07: 0.584 braids_recall_07: 0.055 braids_f1_07: 0.095 braids_precision_08: 0.387 braids_recall_08: 0.025 braids_f1_08: 0.045 braids_precision_09: 0.149 braids_recall_09: 0.007 braids_f1_09: 0.013 minade_1: 1.304 minfde_1: 2.890 mr_1: 0.460 brier_fde_1: 2.890 minade_k: 0.640 minfde_k: 0.927 mr_k: 0.077 brier_fde_k: 1.535 
2025-05-04 01:26:32:[Validation] Avg. loss: 0.33122, time cost: 7.98 mins
2025-05-04 01:26:32:-- braids_precision_01: 0.047 braids_recall_01: 0.969 braids_f1_01: 0.089 braids_precision_02: 0.120 braids_recall_02: 0.882 braids_f1_02: 0.209 braids_precision_03: 0.268 braids_recall_03: 0.704 braids_f1_03: 0.378 braids_precision_04: 0.508 braids_recall_04: 0.438 braids_f1_04: 0.452 braids_precision_05: 0.682 braids_recall_05: 0.210 braids_f1_05: 0.301 braids_precision_06: 0.654 braids_recall_06: 0.110 braids_f1_06: 0.177 braids_precision_07: 0.551 braids_recall_07: 0.065 braids_f1_07: 0.111 braids_precision_08: 0.384 braids_recall_08: 0.033 braids_f1_08: 0.059 braids_precision_09: 0.165 braids_recall_09: 0.010 braids_f1_09: 0.019 minade_1: 1.209 minfde_1: 2.618 mr_1: 0.435 brier_fde_1: 2.618 minade_k: 0.637 minfde_k: 0.905 mr_k: 0.072 brier_fde_k: 1.506 
2025-05-04 01:26:32:
Epoch 45
2025-05-04 02:50:05:[Training] Avg. loss: 0.294835, time cost: 83.5 mins, lr: 5e-05, peak mem: 17855 MB
2025-05-04 02:50:05:-- braids_precision_01: 0.050 braids_recall_01: 0.982 braids_f1_01: 0.095 braids_precision_02: 0.125 braids_recall_02: 0.914 braids_f1_02: 0.217 braids_precision_03: 0.267 braids_recall_03: 0.755 braids_f1_03: 0.386 braids_precision_04: 0.520 braids_recall_04: 0.494 braids_f1_04: 0.489 braids_precision_05: 0.706 braids_recall_05: 0.234 braids_f1_05: 0.333 braids_precision_06: 0.719 braids_recall_06: 0.106 braids_f1_06: 0.174 braids_precision_07: 0.589 braids_recall_07: 0.056 braids_f1_07: 0.098 braids_precision_08: 0.403 braids_recall_08: 0.026 braids_f1_08: 0.047 braids_precision_09: 0.142 braids_recall_09: 0.006 braids_f1_09: 0.012 minade_1: 1.303 minfde_1: 2.890 mr_1: 0.460 brier_fde_1: 2.890 minade_k: 0.639 minfde_k: 0.924 mr_k: 0.076 brier_fde_k: 1.533 
2025-05-04 02:58:03:[Validation] Avg. loss: 0.331824, time cost: 7.96 mins
2025-05-04 02:58:03:-- braids_precision_01: 0.044 braids_recall_01: 0.968 braids_f1_01: 0.083 braids_precision_02: 0.108 braids_recall_02: 0.882 braids_f1_02: 0.190 braids_precision_03: 0.238 braids_recall_03: 0.711 braids_f1_03: 0.345 braids_precision_04: 0.480 braids_recall_04: 0.458 braids_f1_04: 0.449 braids_precision_05: 0.663 braids_recall_05: 0.229 braids_f1_05: 0.318 braids_precision_06: 0.659 braids_recall_06: 0.122 braids_f1_06: 0.192 braids_precision_07: 0.573 braids_recall_07: 0.074 braids_f1_07: 0.125 braids_precision_08: 0.426 braids_recall_08: 0.039 braids_f1_08: 0.070 braids_precision_09: 0.190 braids_recall_09: 0.012 braids_f1_09: 0.022 minade_1: 1.206 minfde_1: 2.612 mr_1: 0.436 brier_fde_1: 2.612 minade_k: 0.637 minfde_k: 0.902 mr_k: 0.073 brier_fde_k: 1.506 
2025-05-04 02:58:03:
Epoch 46
2025-05-04 04:21:34:[Training] Avg. loss: 0.294699, time cost: 83.5 mins, lr: 5e-05, peak mem: 16978 MB
2025-05-04 04:21:34:-- braids_precision_01: 0.050 braids_recall_01: 0.982 braids_f1_01: 0.095 braids_precision_02: 0.125 braids_recall_02: 0.914 braids_f1_02: 0.217 braids_precision_03: 0.266 braids_recall_03: 0.757 braids_f1_03: 0.385 braids_precision_04: 0.520 braids_recall_04: 0.495 braids_f1_04: 0.489 braids_precision_05: 0.709 braids_recall_05: 0.236 braids_f1_05: 0.334 braids_precision_06: 0.717 braids_recall_06: 0.106 braids_f1_06: 0.175 braids_precision_07: 0.590 braids_recall_07: 0.057 braids_f1_07: 0.099 braids_precision_08: 0.415 braids_recall_08: 0.027 braids_f1_08: 0.049 braids_precision_09: 0.163 braids_recall_09: 0.007 braids_f1_09: 0.014 minade_1: 1.302 minfde_1: 2.887 mr_1: 0.458 brier_fde_1: 2.887 minade_k: 0.639 minfde_k: 0.924 mr_k: 0.076 brier_fde_k: 1.532 
2025-05-04 04:29:32:[Validation] Avg. loss: 0.332458, time cost: 7.97 mins
2025-05-04 04:29:32:-- braids_precision_01: 0.050 braids_recall_01: 0.962 braids_f1_01: 0.094 braids_precision_02: 0.121 braids_recall_02: 0.871 braids_f1_02: 0.209 braids_precision_03: 0.262 braids_recall_03: 0.700 braids_f1_03: 0.370 braids_precision_04: 0.493 braids_recall_04: 0.448 braids_f1_04: 0.450 braids_precision_05: 0.659 braids_recall_05: 0.217 braids_f1_05: 0.306 braids_precision_06: 0.655 braids_recall_06: 0.117 braids_f1_06: 0.185 braids_precision_07: 0.563 braids_recall_07: 0.072 braids_f1_07: 0.121 braids_precision_08: 0.425 braids_recall_08: 0.038 braids_f1_08: 0.067 braids_precision_09: 0.173 braids_recall_09: 0.011 braids_f1_09: 0.021 minade_1: 1.205 minfde_1: 2.612 mr_1: 0.436 brier_fde_1: 2.612 minade_k: 0.640 minfde_k: 0.908 mr_k: 0.073 brier_fde_k: 1.509 
2025-05-04 04:29:32:
Epoch 47
2025-05-04 05:52:59:[Training] Avg. loss: 0.294174, time cost: 83.4 mins, lr: 5e-05, peak mem: 17859 MB
2025-05-04 05:52:59:-- braids_precision_01: 0.050 braids_recall_01: 0.982 braids_f1_01: 0.095 braids_precision_02: 0.126 braids_recall_02: 0.914 braids_f1_02: 0.218 braids_precision_03: 0.269 braids_recall_03: 0.756 braids_f1_03: 0.387 braids_precision_04: 0.518 braids_recall_04: 0.496 braids_f1_04: 0.489 braids_precision_05: 0.704 braids_recall_05: 0.235 braids_f1_05: 0.333 braids_precision_06: 0.716 braids_recall_06: 0.105 braids_f1_06: 0.173 braids_precision_07: 0.588 braids_recall_07: 0.056 braids_f1_07: 0.098 braids_precision_08: 0.407 braids_recall_08: 0.027 braids_f1_08: 0.048 braids_precision_09: 0.154 braids_recall_09: 0.007 braids_f1_09: 0.013 minade_1: 1.300 minfde_1: 2.885 mr_1: 0.457 brier_fde_1: 2.885 minade_k: 0.637 minfde_k: 0.923 mr_k: 0.076 brier_fde_k: 1.532 
2025-05-04 06:00:56:[Validation] Avg. loss: 0.331858, time cost: 7.95 mins
2025-05-04 06:00:56:-- braids_precision_01: 0.047 braids_recall_01: 0.968 braids_f1_01: 0.089 braids_precision_02: 0.118 braids_recall_02: 0.882 braids_f1_02: 0.204 braids_precision_03: 0.260 braids_recall_03: 0.708 braids_f1_03: 0.369 braids_precision_04: 0.494 braids_recall_04: 0.449 braids_f1_04: 0.452 braids_precision_05: 0.669 braids_recall_05: 0.217 braids_f1_05: 0.307 braids_precision_06: 0.656 braids_recall_06: 0.116 braids_f1_06: 0.185 braids_precision_07: 0.570 braids_recall_07: 0.071 braids_f1_07: 0.120 braids_precision_08: 0.401 braids_recall_08: 0.036 braids_f1_08: 0.063 braids_precision_09: 0.168 braids_recall_09: 0.011 braids_f1_09: 0.020 minade_1: 1.204 minfde_1: 2.607 mr_1: 0.434 brier_fde_1: 2.607 minade_k: 0.640 minfde_k: 0.907 mr_k: 0.073 brier_fde_k: 1.508 
2025-05-04 06:00:56:
Epoch 48
2025-05-04 07:24:26:[Training] Avg. loss: 0.293891, time cost: 83.5 mins, lr: 5e-05, peak mem: 17208 MB
2025-05-04 07:24:26:-- braids_precision_01: 0.050 braids_recall_01: 0.982 braids_f1_01: 0.095 braids_precision_02: 0.127 braids_recall_02: 0.914 braids_f1_02: 0.219 braids_precision_03: 0.269 braids_recall_03: 0.758 braids_f1_03: 0.388 braids_precision_04: 0.514 braids_recall_04: 0.496 braids_f1_04: 0.487 braids_precision_05: 0.703 braids_recall_05: 0.237 braids_f1_05: 0.334 braids_precision_06: 0.716 braids_recall_06: 0.107 braids_f1_06: 0.175 braids_precision_07: 0.594 braids_recall_07: 0.057 braids_f1_07: 0.099 braids_precision_08: 0.408 braids_recall_08: 0.027 braids_f1_08: 0.049 braids_precision_09: 0.154 braids_recall_09: 0.007 braids_f1_09: 0.013 minade_1: 1.300 minfde_1: 2.883 mr_1: 0.459 brier_fde_1: 2.883 minade_k: 0.636 minfde_k: 0.920 mr_k: 0.075 brier_fde_k: 1.529 
2025-05-04 07:32:25:[Validation] Avg. loss: 0.332566, time cost: 7.99 mins
2025-05-04 07:32:25:-- braids_precision_01: 0.047 braids_recall_01: 0.962 braids_f1_01: 0.090 braids_precision_02: 0.115 braids_recall_02: 0.870 braids_f1_02: 0.201 braids_precision_03: 0.253 braids_recall_03: 0.690 braids_f1_03: 0.359 braids_precision_04: 0.495 braids_recall_04: 0.429 braids_f1_04: 0.440 braids_precision_05: 0.664 braids_recall_05: 0.202 braids_f1_05: 0.289 braids_precision_06: 0.633 braids_recall_06: 0.106 braids_f1_06: 0.171 braids_precision_07: 0.542 braids_recall_07: 0.065 braids_f1_07: 0.110 braids_precision_08: 0.388 braids_recall_08: 0.034 braids_f1_08: 0.060 braids_precision_09: 0.157 braids_recall_09: 0.010 braids_f1_09: 0.018 minade_1: 1.200 minfde_1: 2.600 mr_1: 0.435 brier_fde_1: 2.600 minade_k: 0.636 minfde_k: 0.903 mr_k: 0.073 brier_fde_k: 1.504 
2025-05-04 07:32:26:
Epoch 49
2025-05-04 08:55:58:[Training] Avg. loss: 0.293178, time cost: 83.5 mins, lr: 5e-05, peak mem: 17224 MB
2025-05-04 08:55:58:-- braids_precision_01: 0.050 braids_recall_01: 0.982 braids_f1_01: 0.095 braids_precision_02: 0.126 braids_recall_02: 0.914 braids_f1_02: 0.218 braids_precision_03: 0.266 braids_recall_03: 0.758 braids_f1_03: 0.385 braids_precision_04: 0.512 braids_recall_04: 0.498 braids_f1_04: 0.487 braids_precision_05: 0.699 braids_recall_05: 0.237 braids_f1_05: 0.335 braids_precision_06: 0.713 braids_recall_06: 0.108 braids_f1_06: 0.176 braids_precision_07: 0.598 braids_recall_07: 0.059 braids_f1_07: 0.102 braids_precision_08: 0.421 braids_recall_08: 0.028 braids_f1_08: 0.051 braids_precision_09: 0.160 braids_recall_09: 0.007 braids_f1_09: 0.014 minade_1: 1.297 minfde_1: 2.878 mr_1: 0.458 brier_fde_1: 2.878 minade_k: 0.636 minfde_k: 0.921 mr_k: 0.075 brier_fde_k: 1.529 
2025-05-04 09:03:56:[Validation] Avg. loss: 0.332913, time cost: 7.96 mins
2025-05-04 09:03:56:-- braids_precision_01: 0.046 braids_recall_01: 0.968 braids_f1_01: 0.087 braids_precision_02: 0.113 braids_recall_02: 0.885 braids_f1_02: 0.198 braids_precision_03: 0.243 braids_recall_03: 0.720 braids_f1_03: 0.353 braids_precision_04: 0.476 braids_recall_04: 0.468 braids_f1_04: 0.453 braids_precision_05: 0.669 braids_recall_05: 0.230 braids_f1_05: 0.321 braids_precision_06: 0.659 braids_recall_06: 0.116 braids_f1_06: 0.186 braids_precision_07: 0.562 braids_recall_07: 0.070 braids_f1_07: 0.118 braids_precision_08: 0.410 braids_recall_08: 0.037 braids_f1_08: 0.066 braids_precision_09: 0.189 braids_recall_09: 0.012 braids_f1_09: 0.023 minade_1: 1.207 minfde_1: 2.609 mr_1: 0.435 brier_fde_1: 2.609 minade_k: 0.638 minfde_k: 0.909 mr_k: 0.072 brier_fde_k: 1.510 
2025-05-04 09:03:56:
Training completed in 5042.42 mins
