2025-04-24 01:19:40:Args: Namespace(adv_cfg_path='config.DGFNet_cfg', data_aug=True, features_dir='data_argo/features/', logger_writer=True, mode='train', model_path=None, no_pbar=False, rank_metric='brier_fde_k', resume=False, seed=42, train_batch_size=16, train_epoches=50, use_cuda=True, val_batch_size=16, val_interval=2)

2025-04-24 01:19:40:Project Path: /home/lqq/下载/main
2025-04-24 01:19:40:Datetime: 20250424-131940

2025-04-24 01:19:40:Commit Msg: fatal: 不是 git 仓库（或者直至挂载点 / 的任何父目录）
停止在文件系统边界（未设置 GIT_DISCOVERY_ACROSS_FILESYSTEM）。

2025-04-24 01:19:40:======================================

2025-04-24 01:19:41:
Epoch 0
2025-04-24 03:07:15:[Training] Avg. loss: 0.852045, time cost: 1.08e+02 mins, lr: 5e-05, peak mem: 19360 MB
2025-04-24 03:07:15:-- braids_precision_01: 0.009 braids_recall_01: 0.810 braids_f1_01: 0.018 braids_precision_02: 0.013 braids_recall_02: 0.417 braids_f1_02: 0.025 braids_precision_03: 0.022 braids_recall_03: 0.150 braids_f1_03: 0.030 braids_precision_04: 0.018 braids_recall_04: 0.039 braids_f1_04: 0.018 braids_precision_05: 0.009 braids_recall_05: 0.004 braids_f1_05: 0.005 braids_precision_06: 0.000 braids_recall_06: 0.000 braids_f1_06: 0.000 braids_precision_07: 0.000 braids_recall_07: 0.000 braids_f1_07: 0.000 braids_precision_08: 0.000 braids_recall_08: 0.000 braids_f1_08: 0.000 braids_precision_09: 0.000 braids_recall_09: 0.000 braids_f1_09: 0.000 minade_1: 2.667 minfde_1: 5.677 mr_1: 0.724 brier_fde_1: 5.677 minade_k: 1.608 minfde_k: 2.643 mr_k: 0.321 brier_fde_k: 3.257 
2025-04-24 03:07:15:
Epoch 1
2025-04-24 04:32:01:[Training] Avg. loss: 0.569037, time cost: 84.8 mins, lr: 0.00014, peak mem: 16443 MB
2025-04-24 04:32:01:-- braids_precision_01: 0.013 braids_recall_01: 0.822 braids_f1_01: 0.025 braids_precision_02: 0.026 braids_recall_02: 0.681 braids_f1_02: 0.048 braids_precision_03: 0.068 braids_recall_03: 0.434 braids_f1_03: 0.095 braids_precision_04: 0.183 braids_recall_04: 0.157 braids_f1_04: 0.143 braids_precision_05: 0.145 braids_recall_05: 0.076 braids_f1_05: 0.092 braids_precision_06: 0.046 braids_recall_06: 0.019 braids_f1_06: 0.025 braids_precision_07: 0.003 braids_recall_07: 0.001 braids_f1_07: 0.002 braids_precision_08: 0.000 braids_recall_08: 0.000 braids_f1_08: 0.000 braids_precision_09: 0.000 braids_recall_09: 0.000 braids_f1_09: 0.000 minade_1: 2.034 minfde_1: 4.490 mr_1: 0.674 brier_fde_1: 4.490 minade_k: 0.995 minfde_k: 1.669 mr_k: 0.214 brier_fde_k: 2.297 
2025-04-24 04:50:50:[Validation] Avg. loss: 0.524642, time cost: 18.8 mins
2025-04-24 04:50:50:-- braids_precision_01: 0.011 braids_recall_01: 0.783 braids_f1_01: 0.021 braids_precision_02: 0.021 braids_recall_02: 0.650 braids_f1_02: 0.041 braids_precision_03: 0.054 braids_recall_03: 0.449 braids_f1_03: 0.080 braids_precision_04: 0.139 braids_recall_04: 0.106 braids_f1_04: 0.101 braids_precision_05: 0.112 braids_recall_05: 0.054 braids_f1_05: 0.068 braids_precision_06: 0.071 braids_recall_06: 0.029 braids_f1_06: 0.038 braids_precision_07: 0.010 braids_recall_07: 0.003 braids_f1_07: 0.004 braids_precision_08: 0.000 braids_recall_08: 0.000 braids_f1_08: 0.000 braids_precision_09: 0.000 braids_recall_09: 0.000 braids_f1_09: 0.000 minade_1: 1.728 minfde_1: 3.711 mr_1: 0.625 brier_fde_1: 3.711 minade_k: 0.858 minfde_k: 1.380 mr_k: 0.151 brier_fde_k: 1.994 
2025-04-24 04:50:50:
Epoch 2
2025-04-24 06:15:48:[Training] Avg. loss: 0.52435, time cost: 84.9 mins, lr: 0.00023, peak mem: 17669 MB
2025-04-24 06:15:48:-- braids_precision_01: 0.014 braids_recall_01: 0.830 braids_f1_01: 0.026 braids_precision_02: 0.031 braids_recall_02: 0.725 braids_f1_02: 0.058 braids_precision_03: 0.090 braids_recall_03: 0.533 braids_f1_03: 0.127 braids_precision_04: 0.188 braids_recall_04: 0.210 braids_f1_04: 0.157 braids_precision_05: 0.194 braids_recall_05: 0.112 braids_f1_05: 0.127 braids_precision_06: 0.118 braids_recall_06: 0.053 braids_f1_06: 0.068 braids_precision_07: 0.037 braids_recall_07: 0.015 braids_f1_07: 0.019 braids_precision_08: 0.003 braids_recall_08: 0.001 braids_f1_08: 0.002 braids_precision_09: 0.000 braids_recall_09: 0.000 braids_f1_09: 0.000 minade_1: 1.951 minfde_1: 4.286 mr_1: 0.652 brier_fde_1: 4.286 minade_k: 0.951 minfde_k: 1.564 mr_k: 0.195 brier_fde_k: 2.189 
2025-04-24 06:15:48:
Epoch 3
2025-04-24 07:40:43:[Training] Avg. loss: 0.493833, time cost: 84.9 mins, lr: 0.00032, peak mem: 16756 MB
2025-04-24 07:40:43:-- braids_precision_01: 0.015 braids_recall_01: 0.834 braids_f1_01: 0.028 braids_precision_02: 0.033 braids_recall_02: 0.743 braids_f1_02: 0.061 braids_precision_03: 0.100 braids_recall_03: 0.561 braids_f1_03: 0.140 braids_precision_04: 0.219 braids_recall_04: 0.251 braids_f1_04: 0.191 braids_precision_05: 0.208 braids_recall_05: 0.125 braids_f1_05: 0.141 braids_precision_06: 0.133 braids_recall_06: 0.062 braids_f1_06: 0.078 braids_precision_07: 0.050 braids_recall_07: 0.020 braids_f1_07: 0.026 braids_precision_08: 0.010 braids_recall_08: 0.004 braids_f1_08: 0.005 braids_precision_09: 0.000 braids_recall_09: 0.000 braids_f1_09: 0.000 minade_1: 1.896 minfde_1: 4.160 mr_1: 0.639 brier_fde_1: 4.160 minade_k: 0.923 minfde_k: 1.499 mr_k: 0.184 brier_fde_k: 2.121 
2025-04-24 07:50:00:[Validation] Avg. loss: 0.468484, time cost: 9.29 mins
2025-04-24 07:50:00:-- braids_precision_01: 0.017 braids_recall_01: 0.796 braids_f1_01: 0.032 braids_precision_02: 0.037 braids_recall_02: 0.723 braids_f1_02: 0.067 braids_precision_03: 0.088 braids_recall_03: 0.619 braids_f1_03: 0.132 braids_precision_04: 0.287 braids_recall_04: 0.397 braids_f1_04: 0.289 braids_precision_05: 0.152 braids_recall_05: 0.127 braids_f1_05: 0.122 braids_precision_06: 0.134 braids_recall_06: 0.080 braids_f1_06: 0.092 braids_precision_07: 0.074 braids_recall_07: 0.033 braids_f1_07: 0.043 braids_precision_08: 0.022 braids_recall_08: 0.008 braids_f1_08: 0.011 braids_precision_09: 0.000 braids_recall_09: 0.000 braids_f1_09: 0.000 minade_1: 1.689 minfde_1: 3.663 mr_1: 0.621 brier_fde_1: 3.663 minade_k: 0.807 minfde_k: 1.272 mr_k: 0.136 brier_fde_k: 1.888 
2025-04-24 07:50:00:
Epoch 4
2025-04-24 09:14:52:[Training] Avg. loss: 0.474962, time cost: 84.9 mins, lr: 0.00041, peak mem: 16330 MB
2025-04-24 09:14:52:-- braids_precision_01: 0.015 braids_recall_01: 0.838 braids_f1_01: 0.029 braids_precision_02: 0.029 braids_recall_02: 0.751 braids_f1_02: 0.054 braids_precision_03: 0.060 braids_recall_03: 0.583 braids_f1_03: 0.092 braids_precision_04: 0.185 braids_recall_04: 0.277 braids_f1_04: 0.170 braids_precision_05: 0.210 braids_recall_05: 0.135 braids_f1_05: 0.145 braids_precision_06: 0.148 braids_recall_06: 0.072 braids_f1_06: 0.089 braids_precision_07: 0.071 braids_recall_07: 0.030 braids_f1_07: 0.039 braids_precision_08: 0.022 braids_recall_08: 0.009 braids_f1_08: 0.012 braids_precision_09: 0.002 braids_recall_09: 0.001 braids_f1_09: 0.001 minade_1: 1.848 minfde_1: 4.055 mr_1: 0.625 brier_fde_1: 4.055 minade_k: 0.906 minfde_k: 1.462 mr_k: 0.177 brier_fde_k: 2.080 
2025-04-24 09:14:52:
Epoch 5
2025-04-24 10:39:45:[Training] Avg. loss: 0.471761, time cost: 84.9 mins, lr: 0.0005, peak mem: 17112 MB
2025-04-24 10:39:45:-- braids_precision_01: 0.015 braids_recall_01: 0.838 braids_f1_01: 0.029 braids_precision_02: 0.028 braids_recall_02: 0.757 braids_f1_02: 0.053 braids_precision_03: 0.055 braids_recall_03: 0.589 braids_f1_03: 0.087 braids_precision_04: 0.191 braids_recall_04: 0.303 braids_f1_04: 0.182 braids_precision_05: 0.227 braids_recall_05: 0.146 braids_f1_05: 0.158 braids_precision_06: 0.170 braids_recall_06: 0.085 braids_f1_06: 0.104 braids_precision_07: 0.081 braids_recall_07: 0.035 braids_f1_07: 0.045 braids_precision_08: 0.023 braids_recall_08: 0.009 braids_f1_08: 0.012 braids_precision_09: 0.003 braids_recall_09: 0.001 braids_f1_09: 0.001 minade_1: 1.862 minfde_1: 4.094 mr_1: 0.630 brier_fde_1: 4.094 minade_k: 0.920 minfde_k: 1.497 mr_k: 0.185 brier_fde_k: 2.112 
2025-04-24 10:49:03:[Validation] Avg. loss: 0.458326, time cost: 9.3 mins
2025-04-24 10:49:03:-- braids_precision_01: 0.020 braids_recall_01: 0.789 braids_f1_01: 0.038 braids_precision_02: 0.046 braids_recall_02: 0.711 braids_f1_02: 0.081 braids_precision_03: 0.102 braids_recall_03: 0.571 braids_f1_03: 0.147 braids_precision_04: 0.194 braids_recall_04: 0.327 braids_f1_04: 0.198 braids_precision_05: 0.203 braids_recall_05: 0.134 braids_f1_05: 0.148 braids_precision_06: 0.152 braids_recall_06: 0.080 braids_f1_06: 0.098 braids_precision_07: 0.100 braids_recall_07: 0.042 braids_f1_07: 0.055 braids_precision_08: 0.009 braids_recall_08: 0.002 braids_f1_08: 0.003 braids_precision_09: 0.000 braids_recall_09: 0.000 braids_f1_09: 0.000 minade_1: 1.691 minfde_1: 3.694 mr_1: 0.630 brier_fde_1: 3.694 minade_k: 0.835 minfde_k: 1.359 mr_k: 0.158 brier_fde_k: 1.983 
2025-04-24 10:49:03:
Epoch 6
2025-04-25 12:13:54:[Training] Avg. loss: 0.45315, time cost: 84.8 mins, lr: 0.00049, peak mem: 16163 MB
2025-04-25 12:13:54:-- braids_precision_01: 0.015 braids_recall_01: 0.841 braids_f1_01: 0.030 braids_precision_02: 0.030 braids_recall_02: 0.766 braids_f1_02: 0.055 braids_precision_03: 0.063 braids_recall_03: 0.608 braids_f1_03: 0.098 braids_precision_04: 0.212 braids_recall_04: 0.339 braids_f1_04: 0.205 braids_precision_05: 0.253 braids_recall_05: 0.157 braids_f1_05: 0.175 braids_precision_06: 0.192 braids_recall_06: 0.095 braids_f1_06: 0.117 braids_precision_07: 0.111 braids_recall_07: 0.047 braids_f1_07: 0.061 braids_precision_08: 0.042 braids_recall_08: 0.016 braids_f1_08: 0.021 braids_precision_09: 0.008 braids_recall_09: 0.003 braids_f1_09: 0.004 minade_1: 1.788 minfde_1: 3.931 mr_1: 0.608 brier_fde_1: 3.931 minade_k: 0.884 minfde_k: 1.419 mr_k: 0.169 brier_fde_k: 2.034 
2025-04-25 12:13:54:
Epoch 7
2025-04-25 01:38:47:[Training] Avg. loss: 0.43168, time cost: 84.9 mins, lr: 0.00048, peak mem: 16130 MB
2025-04-25 01:38:47:-- braids_precision_01: 0.017 braids_recall_01: 0.846 braids_f1_01: 0.033 braids_precision_02: 0.032 braids_recall_02: 0.778 braids_f1_02: 0.059 braids_precision_03: 0.066 braids_recall_03: 0.635 braids_f1_03: 0.103 braids_precision_04: 0.236 braids_recall_04: 0.373 braids_f1_04: 0.229 braids_precision_05: 0.279 braids_recall_05: 0.180 braids_f1_05: 0.199 braids_precision_06: 0.213 braids_recall_06: 0.112 braids_f1_06: 0.136 braids_precision_07: 0.135 braids_recall_07: 0.062 braids_f1_07: 0.079 braids_precision_08: 0.064 braids_recall_08: 0.026 braids_f1_08: 0.034 braids_precision_09: 0.018 braids_recall_09: 0.006 braids_f1_09: 0.009 minade_1: 1.721 minfde_1: 3.780 mr_1: 0.590 brier_fde_1: 3.780 minade_k: 0.851 minfde_k: 1.346 mr_k: 0.154 brier_fde_k: 1.959 
2025-04-25 01:48:05:[Validation] Avg. loss: 0.413061, time cost: 9.29 mins
2025-04-25 01:48:05:-- braids_precision_01: 0.013 braids_recall_01: 0.788 braids_f1_01: 0.025 braids_precision_02: 0.017 braids_recall_02: 0.693 braids_f1_02: 0.034 braids_precision_03: 0.030 braids_recall_03: 0.548 braids_f1_03: 0.052 braids_precision_04: 0.194 braids_recall_04: 0.309 braids_f1_04: 0.186 braids_precision_05: 0.177 braids_recall_05: 0.105 braids_f1_05: 0.120 braids_precision_06: 0.153 braids_recall_06: 0.079 braids_f1_06: 0.097 braids_precision_07: 0.108 braids_recall_07: 0.047 braids_f1_07: 0.061 braids_precision_08: 0.035 braids_recall_08: 0.013 braids_f1_08: 0.017 braids_precision_09: 0.001 braids_recall_09: 0.000 braids_f1_09: 0.000 minade_1: 1.468 minfde_1: 3.192 mr_1: 0.545 brier_fde_1: 3.192 minade_k: 0.757 minfde_k: 1.186 mr_k: 0.115 brier_fde_k: 1.774 
2025-04-25 01:48:05:
Epoch 8
2025-04-25 03:12:58:[Training] Avg. loss: 0.420892, time cost: 84.9 mins, lr: 0.00047, peak mem: 16056 MB
2025-04-25 03:12:58:-- braids_precision_01: 0.016 braids_recall_01: 0.846 braids_f1_01: 0.032 braids_precision_02: 0.030 braids_recall_02: 0.784 braids_f1_02: 0.055 braids_precision_03: 0.057 braids_recall_03: 0.645 braids_f1_03: 0.092 braids_precision_04: 0.190 braids_recall_04: 0.406 braids_f1_04: 0.199 braids_precision_05: 0.266 braids_recall_05: 0.199 braids_f1_05: 0.198 braids_precision_06: 0.223 braids_recall_06: 0.124 braids_f1_06: 0.146 braids_precision_07: 0.137 braids_recall_07: 0.063 braids_f1_07: 0.080 braids_precision_08: 0.054 braids_recall_08: 0.021 braids_f1_08: 0.028 braids_precision_09: 0.012 braids_recall_09: 0.004 braids_f1_09: 0.006 minade_1: 1.693 minfde_1: 3.718 mr_1: 0.579 brier_fde_1: 3.718 minade_k: 0.835 minfde_k: 1.310 mr_k: 0.146 brier_fde_k: 1.922 
2025-04-25 03:12:58:
Epoch 9
2025-04-25 04:37:51:[Training] Avg. loss: 0.412, time cost: 84.9 mins, lr: 0.00046, peak mem: 17653 MB
2025-04-25 04:37:51:-- braids_precision_01: 0.018 braids_recall_01: 0.848 braids_f1_01: 0.035 braids_precision_02: 0.032 braids_recall_02: 0.787 braids_f1_02: 0.060 braids_precision_03: 0.062 braids_recall_03: 0.654 braids_f1_03: 0.099 braids_precision_04: 0.192 braids_recall_04: 0.426 braids_f1_04: 0.205 braids_precision_05: 0.276 braids_recall_05: 0.202 braids_f1_05: 0.204 braids_precision_06: 0.234 braids_recall_06: 0.130 braids_f1_06: 0.152 braids_precision_07: 0.167 braids_recall_07: 0.078 braids_f1_07: 0.099 braids_precision_08: 0.091 braids_recall_08: 0.037 braids_f1_08: 0.049 braids_precision_09: 0.022 braids_recall_09: 0.008 braids_f1_09: 0.011 minade_1: 1.670 minfde_1: 3.666 mr_1: 0.572 brier_fde_1: 3.666 minade_k: 0.822 minfde_k: 1.283 mr_k: 0.140 brier_fde_k: 1.895 
2025-04-25 04:47:07:[Validation] Avg. loss: 0.413775, time cost: 9.27 mins
2025-04-25 04:47:07:-- braids_precision_01: 0.015 braids_recall_01: 0.812 braids_f1_01: 0.029 braids_precision_02: 0.030 braids_recall_02: 0.739 braids_f1_02: 0.055 braids_precision_03: 0.057 braids_recall_03: 0.606 braids_f1_03: 0.092 braids_precision_04: 0.209 braids_recall_04: 0.396 braids_f1_04: 0.222 braids_precision_05: 0.261 braids_recall_05: 0.193 braids_f1_05: 0.202 braids_precision_06: 0.208 braids_recall_06: 0.127 braids_f1_06: 0.145 braids_precision_07: 0.157 braids_recall_07: 0.083 braids_f1_07: 0.100 braids_precision_08: 0.103 braids_recall_08: 0.045 braids_f1_08: 0.059 braids_precision_09: 0.027 braids_recall_09: 0.010 braids_f1_09: 0.014 minade_1: 1.457 minfde_1: 3.170 mr_1: 0.534 brier_fde_1: 3.170 minade_k: 0.751 minfde_k: 1.175 mr_k: 0.121 brier_fde_k: 1.763 
2025-04-25 04:47:07:
Epoch 10
2025-04-25 06:11:51:[Training] Avg. loss: 0.407183, time cost: 84.7 mins, lr: 0.00045, peak mem: 16139 MB
2025-04-25 06:11:51:-- braids_precision_01: 0.019 braids_recall_01: 0.847 braids_f1_01: 0.037 braids_precision_02: 0.035 braids_recall_02: 0.788 braids_f1_02: 0.065 braids_precision_03: 0.073 braids_recall_03: 0.659 braids_f1_03: 0.113 braids_precision_04: 0.231 braids_recall_04: 0.450 braids_f1_04: 0.243 braids_precision_05: 0.302 braids_recall_05: 0.214 braids_f1_05: 0.224 braids_precision_06: 0.258 braids_recall_06: 0.144 braids_f1_06: 0.170 braids_precision_07: 0.187 braids_recall_07: 0.086 braids_f1_07: 0.109 braids_precision_08: 0.090 braids_recall_08: 0.036 braids_f1_08: 0.048 braids_precision_09: 0.021 braids_recall_09: 0.007 braids_f1_09: 0.010 minade_1: 1.647 minfde_1: 3.614 mr_1: 0.565 brier_fde_1: 3.614 minade_k: 0.815 minfde_k: 1.267 mr_k: 0.138 brier_fde_k: 1.877 
2025-04-25 06:11:51:Save the model to saved_models/20250424-131940_DGFNet_ckpt_epoch10.tar
2025-04-25 06:11:51:
Epoch 11
2025-04-25 07:36:52:[Training] Avg. loss: 0.397813, time cost: 85.0 mins, lr: 0.00044, peak mem: 16489 MB
2025-04-25 07:36:52:-- braids_precision_01: 0.020 braids_recall_01: 0.847 braids_f1_01: 0.038 braids_precision_02: 0.038 braids_recall_02: 0.790 braids_f1_02: 0.069 braids_precision_03: 0.072 braids_recall_03: 0.663 braids_f1_03: 0.113 braids_precision_04: 0.196 braids_recall_04: 0.450 braids_f1_04: 0.211 braids_precision_05: 0.302 braids_recall_05: 0.221 braids_f1_05: 0.226 braids_precision_06: 0.267 braids_recall_06: 0.149 braids_f1_06: 0.176 braids_precision_07: 0.201 braids_recall_07: 0.097 braids_f1_07: 0.122 braids_precision_08: 0.106 braids_recall_08: 0.044 braids_f1_08: 0.058 braids_precision_09: 0.029 braids_recall_09: 0.010 braids_f1_09: 0.014 minade_1: 1.625 minfde_1: 3.565 mr_1: 0.557 brier_fde_1: 3.565 minade_k: 0.804 minfde_k: 1.242 mr_k: 0.133 brier_fde_k: 1.853 
2025-04-25 07:46:09:[Validation] Avg. loss: 0.38873, time cost: 9.28 mins
2025-04-25 07:46:09:-- braids_precision_01: 0.021 braids_recall_01: 0.795 braids_f1_01: 0.041 braids_precision_02: 0.042 braids_recall_02: 0.681 braids_f1_02: 0.073 braids_precision_03: 0.073 braids_recall_03: 0.494 braids_f1_03: 0.103 braids_precision_04: 0.181 braids_recall_04: 0.268 braids_f1_04: 0.164 braids_precision_05: 0.149 braids_recall_05: 0.074 braids_f1_05: 0.091 braids_precision_06: 0.090 braids_recall_06: 0.037 braids_f1_06: 0.049 braids_precision_07: 0.024 braids_recall_07: 0.009 braids_f1_07: 0.012 braids_precision_08: 0.005 braids_recall_08: 0.002 braids_f1_08: 0.003 braids_precision_09: 0.000 braids_recall_09: 0.000 braids_f1_09: 0.000 minade_1: 1.422 minfde_1: 3.099 mr_1: 0.530 brier_fde_1: 3.099 minade_k: 0.730 minfde_k: 1.124 mr_k: 0.109 brier_fde_k: 1.733 
2025-04-25 07:46:09:
Epoch 12
2025-04-25 09:11:00:[Training] Avg. loss: 0.392917, time cost: 84.9 mins, lr: 0.00043, peak mem: 16381 MB
2025-04-25 09:11:00:-- braids_precision_01: 0.024 braids_recall_01: 0.852 braids_f1_01: 0.047 braids_precision_02: 0.045 braids_recall_02: 0.797 braids_f1_02: 0.080 braids_precision_03: 0.087 braids_recall_03: 0.671 braids_f1_03: 0.131 braids_precision_04: 0.220 braids_recall_04: 0.464 braids_f1_04: 0.235 braids_precision_05: 0.302 braids_recall_05: 0.222 braids_f1_05: 0.227 braids_precision_06: 0.258 braids_recall_06: 0.147 braids_f1_06: 0.171 braids_precision_07: 0.200 braids_recall_07: 0.099 braids_f1_07: 0.122 braids_precision_08: 0.128 braids_recall_08: 0.055 braids_f1_08: 0.071 braids_precision_09: 0.055 braids_recall_09: 0.021 braids_f1_09: 0.028 minade_1: 1.611 minfde_1: 3.533 mr_1: 0.554 brier_fde_1: 3.533 minade_k: 0.797 minfde_k: 1.226 mr_k: 0.130 brier_fde_k: 1.837 
2025-04-25 09:11:00:
Epoch 13
2025-04-25 10:35:53:[Training] Avg. loss: 0.388272, time cost: 84.9 mins, lr: 0.00042, peak mem: 16663 MB
2025-04-25 10:35:53:-- braids_precision_01: 0.024 braids_recall_01: 0.852 braids_f1_01: 0.046 braids_precision_02: 0.041 braids_recall_02: 0.798 braids_f1_02: 0.075 braids_precision_03: 0.072 braids_recall_03: 0.678 braids_f1_03: 0.114 braids_precision_04: 0.183 braids_recall_04: 0.480 braids_f1_04: 0.206 braids_precision_05: 0.297 braids_recall_05: 0.246 braids_f1_05: 0.232 braids_precision_06: 0.270 braids_recall_06: 0.159 braids_f1_06: 0.183 braids_precision_07: 0.209 braids_recall_07: 0.103 braids_f1_07: 0.127 braids_precision_08: 0.121 braids_recall_08: 0.051 braids_f1_08: 0.067 braids_precision_09: 0.044 braids_recall_09: 0.017 braids_f1_09: 0.023 minade_1: 1.598 minfde_1: 3.508 mr_1: 0.552 brier_fde_1: 3.508 minade_k: 0.792 minfde_k: 1.218 mr_k: 0.128 brier_fde_k: 1.829 
2025-04-25 10:45:09:[Validation] Avg. loss: 0.388592, time cost: 9.28 mins
2025-04-25 10:45:09:-- braids_precision_01: 0.020 braids_recall_01: 0.809 braids_f1_01: 0.039 braids_precision_02: 0.034 braids_recall_02: 0.722 braids_f1_02: 0.063 braids_precision_03: 0.062 braids_recall_03: 0.571 braids_f1_03: 0.096 braids_precision_04: 0.160 braids_recall_04: 0.405 braids_f1_04: 0.181 braids_precision_05: 0.268 braids_recall_05: 0.199 braids_f1_05: 0.209 braids_precision_06: 0.173 braids_recall_06: 0.099 braids_f1_06: 0.117 braids_precision_07: 0.118 braids_recall_07: 0.055 braids_f1_07: 0.070 braids_precision_08: 0.039 braids_recall_08: 0.016 braids_f1_08: 0.021 braids_precision_09: 0.011 braids_recall_09: 0.004 braids_f1_09: 0.006 minade_1: 1.388 minfde_1: 3.030 mr_1: 0.512 brier_fde_1: 3.030 minade_k: 0.734 minfde_k: 1.136 mr_k: 0.112 brier_fde_k: 1.731 
2025-04-25 10:45:09:
Epoch 14
2025-04-25 12:10:02:[Training] Avg. loss: 0.384684, time cost: 84.9 mins, lr: 0.00041, peak mem: 16815 MB
2025-04-25 12:10:02:-- braids_precision_01: 0.022 braids_recall_01: 0.853 braids_f1_01: 0.042 braids_precision_02: 0.040 braids_recall_02: 0.799 braids_f1_02: 0.072 braids_precision_03: 0.075 braids_recall_03: 0.683 braids_f1_03: 0.118 braids_precision_04: 0.202 braids_recall_04: 0.489 braids_f1_04: 0.224 braids_precision_05: 0.328 braids_recall_05: 0.252 braids_f1_05: 0.255 braids_precision_06: 0.276 braids_recall_06: 0.161 braids_f1_06: 0.187 braids_precision_07: 0.212 braids_recall_07: 0.105 braids_f1_07: 0.130 braids_precision_08: 0.114 braids_recall_08: 0.048 braids_f1_08: 0.063 braids_precision_09: 0.030 braids_recall_09: 0.011 braids_f1_09: 0.015 minade_1: 1.583 minfde_1: 3.473 mr_1: 0.545 brier_fde_1: 3.473 minade_k: 0.785 minfde_k: 1.200 mr_k: 0.125 brier_fde_k: 1.811 
2025-04-25 12:10:02:
Epoch 15
2025-04-25 01:34:56:[Training] Avg. loss: 0.384364, time cost: 84.9 mins, lr: 0.0004, peak mem: 16509 MB
2025-04-25 01:34:56:-- braids_precision_01: 0.026 braids_recall_01: 0.855 braids_f1_01: 0.050 braids_precision_02: 0.047 braids_recall_02: 0.802 braids_f1_02: 0.085 braids_precision_03: 0.090 braids_recall_03: 0.679 braids_f1_03: 0.136 braids_precision_04: 0.223 braids_recall_04: 0.487 braids_f1_04: 0.244 braids_precision_05: 0.324 braids_recall_05: 0.254 braids_f1_05: 0.251 braids_precision_06: 0.284 braids_recall_06: 0.168 braids_f1_06: 0.194 braids_precision_07: 0.224 braids_recall_07: 0.114 braids_f1_07: 0.140 braids_precision_08: 0.142 braids_recall_08: 0.062 braids_f1_08: 0.080 braids_precision_09: 0.045 braids_recall_09: 0.016 braids_f1_09: 0.022 minade_1: 1.587 minfde_1: 3.486 mr_1: 0.547 brier_fde_1: 3.486 minade_k: 0.787 minfde_k: 1.207 mr_k: 0.129 brier_fde_k: 1.820 
2025-04-25 01:44:13:[Validation] Avg. loss: 0.381055, time cost: 9.29 mins
2025-04-25 01:44:13:-- braids_precision_01: 0.027 braids_recall_01: 0.802 braids_f1_01: 0.051 braids_precision_02: 0.048 braids_recall_02: 0.743 braids_f1_02: 0.085 braids_precision_03: 0.092 braids_recall_03: 0.633 braids_f1_03: 0.137 braids_precision_04: 0.220 braids_recall_04: 0.463 braids_f1_04: 0.243 braids_precision_05: 0.261 braids_recall_05: 0.203 braids_f1_05: 0.204 braids_precision_06: 0.214 braids_recall_06: 0.128 braids_f1_06: 0.148 braids_precision_07: 0.162 braids_recall_07: 0.087 braids_f1_07: 0.106 braids_precision_08: 0.110 braids_recall_08: 0.050 braids_f1_08: 0.065 braids_precision_09: 0.054 braids_recall_09: 0.019 braids_f1_09: 0.027 minade_1: 1.436 minfde_1: 3.111 mr_1: 0.545 brier_fde_1: 3.111 minade_k: 0.714 minfde_k: 1.090 mr_k: 0.109 brier_fde_k: 1.705 
2025-04-25 01:44:13:
Epoch 16
2025-04-25 03:09:10:[Training] Avg. loss: 0.377098, time cost: 84.9 mins, lr: 0.00039, peak mem: 16145 MB
2025-04-25 03:09:10:-- braids_precision_01: 0.020 braids_recall_01: 0.854 braids_f1_01: 0.039 braids_precision_02: 0.034 braids_recall_02: 0.801 braids_f1_02: 0.063 braids_precision_03: 0.057 braids_recall_03: 0.692 braids_f1_03: 0.095 braids_precision_04: 0.131 braids_recall_04: 0.499 braids_f1_04: 0.160 braids_precision_05: 0.229 braids_recall_05: 0.249 braids_f1_05: 0.189 braids_precision_06: 0.239 braids_recall_06: 0.167 braids_f1_06: 0.167 braids_precision_07: 0.199 braids_recall_07: 0.109 braids_f1_07: 0.125 braids_precision_08: 0.131 braids_recall_08: 0.058 braids_f1_08: 0.073 braids_precision_09: 0.050 braids_recall_09: 0.019 braids_f1_09: 0.025 minade_1: 1.562 minfde_1: 3.425 mr_1: 0.540 brier_fde_1: 3.425 minade_k: 0.774 minfde_k: 1.177 mr_k: 0.120 brier_fde_k: 1.788 
2025-04-25 03:09:10:
Epoch 17
2025-04-25 04:34:09:[Training] Avg. loss: 0.374208, time cost: 85.0 mins, lr: 0.00038, peak mem: 17667 MB
2025-04-25 04:34:09:-- braids_precision_01: 0.022 braids_recall_01: 0.854 braids_f1_01: 0.042 braids_precision_02: 0.036 braids_recall_02: 0.804 braids_f1_02: 0.066 braids_precision_03: 0.059 braids_recall_03: 0.694 braids_f1_03: 0.097 braids_precision_04: 0.126 braids_recall_04: 0.508 braids_f1_04: 0.156 braids_precision_05: 0.229 braids_recall_05: 0.259 braids_f1_05: 0.192 braids_precision_06: 0.231 braids_recall_06: 0.176 braids_f1_06: 0.164 braids_precision_07: 0.207 braids_recall_07: 0.121 braids_f1_07: 0.133 braids_precision_08: 0.147 braids_recall_08: 0.070 braids_f1_08: 0.085 braids_precision_09: 0.062 braids_recall_09: 0.025 braids_f1_09: 0.032 minade_1: 1.552 minfde_1: 3.403 mr_1: 0.534 brier_fde_1: 3.403 minade_k: 0.771 minfde_k: 1.171 mr_k: 0.120 brier_fde_k: 1.781 
2025-04-25 04:43:26:[Validation] Avg. loss: 0.376564, time cost: 9.28 mins
2025-04-25 04:43:26:-- braids_precision_01: 0.020 braids_recall_01: 0.817 braids_f1_01: 0.039 braids_precision_02: 0.030 braids_recall_02: 0.757 braids_f1_02: 0.056 braids_precision_03: 0.042 braids_recall_03: 0.631 braids_f1_03: 0.070 braids_precision_04: 0.065 braids_recall_04: 0.418 braids_f1_04: 0.090 braids_precision_05: 0.123 braids_recall_05: 0.121 braids_f1_05: 0.093 braids_precision_06: 0.110 braids_recall_06: 0.081 braids_f1_06: 0.073 braids_precision_07: 0.094 braids_recall_07: 0.053 braids_f1_07: 0.056 braids_precision_08: 0.048 braids_recall_08: 0.023 braids_f1_08: 0.025 braids_precision_09: 0.012 braids_recall_09: 0.006 braids_f1_09: 0.006 minade_1: 1.371 minfde_1: 2.966 mr_1: 0.507 brier_fde_1: 2.966 minade_k: 0.710 minfde_k: 1.060 mr_k: 0.099 brier_fde_k: 1.646 
2025-04-25 04:43:26:
Epoch 18
2025-04-25 06:08:23:[Training] Avg. loss: 0.370841, time cost: 84.9 mins, lr: 0.00037, peak mem: 16793 MB
2025-04-25 06:08:23:-- braids_precision_01: 0.025 braids_recall_01: 0.851 braids_f1_01: 0.048 braids_precision_02: 0.041 braids_recall_02: 0.803 braids_f1_02: 0.075 braids_precision_03: 0.067 braids_recall_03: 0.694 braids_f1_03: 0.107 braids_precision_04: 0.143 braids_recall_04: 0.513 braids_f1_04: 0.173 braids_precision_05: 0.272 braids_recall_05: 0.270 braids_f1_05: 0.223 braids_precision_06: 0.270 braids_recall_06: 0.178 braids_f1_06: 0.188 braids_precision_07: 0.223 braids_recall_07: 0.118 braids_f1_07: 0.139 braids_precision_08: 0.139 braids_recall_08: 0.062 braids_f1_08: 0.079 braids_precision_09: 0.049 braids_recall_09: 0.019 braids_f1_09: 0.025 minade_1: 1.544 minfde_1: 3.389 mr_1: 0.536 brier_fde_1: 3.389 minade_k: 0.764 minfde_k: 1.157 mr_k: 0.117 brier_fde_k: 1.767 
2025-04-25 06:08:23:
Epoch 19
2025-04-25 07:33:14:[Training] Avg. loss: 0.367358, time cost: 84.8 mins, lr: 0.00036, peak mem: 16705 MB
2025-04-25 07:33:14:-- braids_precision_01: 0.028 braids_recall_01: 0.855 braids_f1_01: 0.052 braids_precision_02: 0.046 braids_recall_02: 0.808 braids_f1_02: 0.083 braids_precision_03: 0.073 braids_recall_03: 0.701 braids_f1_03: 0.115 braids_precision_04: 0.138 braids_recall_04: 0.517 braids_f1_04: 0.168 braids_precision_05: 0.234 braids_recall_05: 0.272 braids_f1_05: 0.198 braids_precision_06: 0.219 braids_recall_06: 0.184 braids_f1_06: 0.161 braids_precision_07: 0.197 braids_recall_07: 0.130 braids_f1_07: 0.131 braids_precision_08: 0.149 braids_recall_08: 0.078 braids_f1_08: 0.089 braids_precision_09: 0.081 braids_recall_09: 0.035 braids_f1_09: 0.045 minade_1: 1.535 minfde_1: 3.371 mr_1: 0.531 brier_fde_1: 3.371 minade_k: 0.762 minfde_k: 1.152 mr_k: 0.116 brier_fde_k: 1.761 
2025-04-25 07:42:31:[Validation] Avg. loss: 0.372661, time cost: 9.28 mins
2025-04-25 07:42:31:-- braids_precision_01: 0.024 braids_recall_01: 0.811 braids_f1_01: 0.045 braids_precision_02: 0.035 braids_recall_02: 0.730 braids_f1_02: 0.063 braids_precision_03: 0.047 braids_recall_03: 0.591 braids_f1_03: 0.076 braids_precision_04: 0.074 braids_recall_04: 0.397 braids_f1_04: 0.098 braids_precision_05: 0.186 braids_recall_05: 0.162 braids_f1_05: 0.140 braids_precision_06: 0.163 braids_recall_06: 0.095 braids_f1_06: 0.107 braids_precision_07: 0.122 braids_recall_07: 0.054 braids_f1_07: 0.071 braids_precision_08: 0.045 braids_recall_08: 0.016 braids_f1_08: 0.023 braids_precision_09: 0.006 braids_recall_09: 0.002 braids_f1_09: 0.003 minade_1: 1.342 minfde_1: 2.926 mr_1: 0.495 brier_fde_1: 2.926 minade_k: 0.705 minfde_k: 1.074 mr_k: 0.103 brier_fde_k: 1.669 
2025-04-25 07:42:31:
Epoch 20
2025-04-25 09:07:24:[Training] Avg. loss: 0.366492, time cost: 84.9 mins, lr: 0.00035, peak mem: 17299 MB
2025-04-25 09:07:24:-- braids_precision_01: 0.027 braids_recall_01: 0.858 braids_f1_01: 0.052 braids_precision_02: 0.044 braids_recall_02: 0.812 braids_f1_02: 0.079 braids_precision_03: 0.070 braids_recall_03: 0.709 braids_f1_03: 0.111 braids_precision_04: 0.138 braids_recall_04: 0.531 braids_f1_04: 0.170 braids_precision_05: 0.267 braids_recall_05: 0.273 braids_f1_05: 0.222 braids_precision_06: 0.265 braids_recall_06: 0.184 braids_f1_06: 0.188 braids_precision_07: 0.235 braids_recall_07: 0.127 braids_f1_07: 0.149 braids_precision_08: 0.160 braids_recall_08: 0.072 braids_f1_08: 0.092 braids_precision_09: 0.063 braids_recall_09: 0.024 braids_f1_09: 0.033 minade_1: 1.534 minfde_1: 3.368 mr_1: 0.532 brier_fde_1: 3.368 minade_k: 0.761 minfde_k: 1.150 mr_k: 0.116 brier_fde_k: 1.762 
2025-04-25 09:07:24:Save the model to saved_models/20250424-131940_DGFNet_ckpt_epoch20.tar
2025-04-25 09:07:24:
Epoch 21
2025-04-25 10:32:15:[Training] Avg. loss: 0.363945, time cost: 84.9 mins, lr: 0.00034, peak mem: 16777 MB
2025-04-25 10:32:15:-- braids_precision_01: 0.029 braids_recall_01: 0.855 braids_f1_01: 0.055 braids_precision_02: 0.047 braids_recall_02: 0.809 braids_f1_02: 0.084 braids_precision_03: 0.075 braids_recall_03: 0.705 braids_f1_03: 0.117 braids_precision_04: 0.133 braids_recall_04: 0.524 braids_f1_04: 0.164 braids_precision_05: 0.268 braids_recall_05: 0.278 braids_f1_05: 0.221 braids_precision_06: 0.244 braids_recall_06: 0.183 braids_f1_06: 0.176 braids_precision_07: 0.209 braids_recall_07: 0.129 braids_f1_07: 0.137 braids_precision_08: 0.145 braids_recall_08: 0.079 braids_f1_08: 0.087 braids_precision_09: 0.074 braids_recall_09: 0.038 braids_f1_09: 0.042 minade_1: 1.523 minfde_1: 3.345 mr_1: 0.527 brier_fde_1: 3.345 minade_k: 0.756 minfde_k: 1.140 mr_k: 0.114 brier_fde_k: 1.750 
2025-04-25 10:41:34:[Validation] Avg. loss: 0.376777, time cost: 9.3 mins
2025-04-25 10:41:34:-- braids_precision_01: 0.021 braids_recall_01: 0.809 braids_f1_01: 0.041 braids_precision_02: 0.032 braids_recall_02: 0.734 braids_f1_02: 0.059 braids_precision_03: 0.045 braids_recall_03: 0.592 braids_f1_03: 0.075 braids_precision_04: 0.076 braids_recall_04: 0.400 braids_f1_04: 0.100 braids_precision_05: 0.162 braids_recall_05: 0.205 braids_f1_05: 0.137 braids_precision_06: 0.131 braids_recall_06: 0.155 braids_f1_06: 0.109 braids_precision_07: 0.120 braids_recall_07: 0.119 braids_f1_07: 0.092 braids_precision_08: 0.106 braids_recall_08: 0.093 braids_f1_08: 0.078 braids_precision_09: 0.112 braids_recall_09: 0.072 braids_f1_09: 0.073 minade_1: 1.370 minfde_1: 2.961 mr_1: 0.507 brier_fde_1: 2.961 minade_k: 0.710 minfde_k: 1.053 mr_k: 0.096 brier_fde_k: 1.651 
2025-04-25 10:41:34:
Epoch 22
2025-04-26 12:06:25:[Training] Avg. loss: 0.361221, time cost: 84.8 mins, lr: 0.00033, peak mem: 17078 MB
2025-04-26 12:06:25:-- braids_precision_01: 0.027 braids_recall_01: 0.857 braids_f1_01: 0.051 braids_precision_02: 0.043 braids_recall_02: 0.812 braids_f1_02: 0.079 braids_precision_03: 0.069 braids_recall_03: 0.708 braids_f1_03: 0.111 braids_precision_04: 0.124 braids_recall_04: 0.532 braids_f1_04: 0.158 braids_precision_05: 0.237 braids_recall_05: 0.322 braids_f1_05: 0.213 braids_precision_06: 0.185 braids_recall_06: 0.187 braids_f1_06: 0.143 braids_precision_07: 0.158 braids_recall_07: 0.130 braids_f1_07: 0.110 braids_precision_08: 0.132 braids_recall_08: 0.087 braids_f1_08: 0.082 braids_precision_09: 0.106 braids_recall_09: 0.055 braids_f1_09: 0.061 minade_1: 1.515 minfde_1: 3.326 mr_1: 0.524 brier_fde_1: 3.326 minade_k: 0.751 minfde_k: 1.133 mr_k: 0.112 brier_fde_k: 1.744 
2025-04-26 12:06:25:
Epoch 23
2025-04-26 01:31:21:[Training] Avg. loss: 0.360107, time cost: 84.9 mins, lr: 0.00032, peak mem: 16860 MB
2025-04-26 01:31:21:-- braids_precision_01: 0.030 braids_recall_01: 0.853 braids_f1_01: 0.057 braids_precision_02: 0.054 braids_recall_02: 0.807 braids_f1_02: 0.094 braids_precision_03: 0.092 braids_recall_03: 0.708 braids_f1_03: 0.140 braids_precision_04: 0.156 braids_recall_04: 0.538 braids_f1_04: 0.190 braids_precision_05: 0.254 braids_recall_05: 0.331 braids_f1_05: 0.227 braids_precision_06: 0.229 braids_recall_06: 0.202 braids_f1_06: 0.173 braids_precision_07: 0.212 braids_recall_07: 0.143 braids_f1_07: 0.143 braids_precision_08: 0.167 braids_recall_08: 0.093 braids_f1_08: 0.102 braids_precision_09: 0.106 braids_recall_09: 0.051 braids_f1_09: 0.060 minade_1: 1.511 minfde_1: 3.322 mr_1: 0.523 brier_fde_1: 3.322 minade_k: 0.750 minfde_k: 1.130 mr_k: 0.112 brier_fde_k: 1.739 
2025-04-26 01:40:38:[Validation] Avg. loss: 0.368281, time cost: 9.28 mins
2025-04-26 01:40:38:-- braids_precision_01: 0.029 braids_recall_01: 0.817 braids_f1_01: 0.055 braids_precision_02: 0.042 braids_recall_02: 0.764 braids_f1_02: 0.075 braids_precision_03: 0.056 braids_recall_03: 0.666 braids_f1_03: 0.092 braids_precision_04: 0.081 braids_recall_04: 0.503 braids_f1_04: 0.113 braids_precision_05: 0.176 braids_recall_05: 0.318 braids_f1_05: 0.173 braids_precision_06: 0.185 braids_recall_06: 0.155 braids_f1_06: 0.139 braids_precision_07: 0.173 braids_recall_07: 0.108 braids_f1_07: 0.118 braids_precision_08: 0.144 braids_recall_08: 0.073 braids_f1_08: 0.089 braids_precision_09: 0.085 braids_recall_09: 0.034 braids_f1_09: 0.046 minade_1: 1.327 minfde_1: 2.891 mr_1: 0.487 brier_fde_1: 2.891 minade_k: 0.694 minfde_k: 1.042 mr_k: 0.092 brier_fde_k: 1.641 
2025-04-26 01:40:38:
Epoch 24
2025-04-26 03:05:39:[Training] Avg. loss: 0.357938, time cost: 85.0 mins, lr: 0.00031, peak mem: 16662 MB
2025-04-26 03:05:39:-- braids_precision_01: 0.028 braids_recall_01: 0.859 braids_f1_01: 0.053 braids_precision_02: 0.048 braids_recall_02: 0.817 braids_f1_02: 0.086 braids_precision_03: 0.078 braids_recall_03: 0.717 braids_f1_03: 0.123 braids_precision_04: 0.135 braids_recall_04: 0.552 braids_f1_04: 0.171 braids_precision_05: 0.233 braids_recall_05: 0.343 braids_f1_05: 0.216 braids_precision_06: 0.221 braids_recall_06: 0.206 braids_f1_06: 0.170 braids_precision_07: 0.230 braids_recall_07: 0.151 braids_f1_07: 0.155 braids_precision_08: 0.190 braids_recall_08: 0.097 braids_f1_08: 0.115 braids_precision_09: 0.101 braids_recall_09: 0.042 braids_f1_09: 0.054 minade_1: 1.502 minfde_1: 3.301 mr_1: 0.520 brier_fde_1: 3.301 minade_k: 0.744 minfde_k: 1.116 mr_k: 0.109 brier_fde_k: 1.726 
2025-04-26 03:05:39:
Epoch 25
2025-04-26 04:30:33:[Training] Avg. loss: 0.355572, time cost: 84.9 mins, lr: 0.0003, peak mem: 17587 MB
2025-04-26 04:30:33:-- braids_precision_01: 0.023 braids_recall_01: 0.857 braids_f1_01: 0.044 braids_precision_02: 0.036 braids_recall_02: 0.814 braids_f1_02: 0.067 braids_precision_03: 0.057 braids_recall_03: 0.717 braids_f1_03: 0.095 braids_precision_04: 0.093 braids_recall_04: 0.549 braids_f1_04: 0.127 braids_precision_05: 0.193 braids_recall_05: 0.342 braids_f1_05: 0.184 braids_precision_06: 0.193 braids_recall_06: 0.208 braids_f1_06: 0.152 braids_precision_07: 0.171 braids_recall_07: 0.141 braids_f1_07: 0.119 braids_precision_08: 0.138 braids_recall_08: 0.090 braids_f1_08: 0.086 braids_precision_09: 0.098 braids_recall_09: 0.049 braids_f1_09: 0.055 minade_1: 1.496 minfde_1: 3.289 mr_1: 0.520 brier_fde_1: 3.289 minade_k: 0.742 minfde_k: 1.113 mr_k: 0.110 brier_fde_k: 1.721 
2025-04-26 04:39:50:[Validation] Avg. loss: 0.366893, time cost: 9.28 mins
2025-04-26 04:39:50:-- braids_precision_01: 0.017 braids_recall_01: 0.808 braids_f1_01: 0.032 braids_precision_02: 0.024 braids_recall_02: 0.742 braids_f1_02: 0.046 braids_precision_03: 0.039 braids_recall_03: 0.619 braids_f1_03: 0.068 braids_precision_04: 0.061 braids_recall_04: 0.431 braids_f1_04: 0.087 braids_precision_05: 0.164 braids_recall_05: 0.236 braids_f1_05: 0.145 braids_precision_06: 0.108 braids_recall_06: 0.055 braids_f1_06: 0.065 braids_precision_07: 0.046 braids_recall_07: 0.020 braids_f1_07: 0.026 braids_precision_08: 0.022 braids_recall_08: 0.010 braids_f1_08: 0.012 braids_precision_09: 0.013 braids_recall_09: 0.005 braids_f1_09: 0.007 minade_1: 1.332 minfde_1: 2.906 mr_1: 0.493 brier_fde_1: 2.906 minade_k: 0.690 minfde_k: 1.042 mr_k: 0.096 brier_fde_k: 1.632 
2025-04-26 04:39:50:
Epoch 26
2025-04-26 06:04:43:[Training] Avg. loss: 0.35356, time cost: 84.9 mins, lr: 0.000283, peak mem: 16742 MB
2025-04-26 06:04:43:-- braids_precision_01: 0.021 braids_recall_01: 0.859 braids_f1_01: 0.040 braids_precision_02: 0.033 braids_recall_02: 0.815 braids_f1_02: 0.061 braids_precision_03: 0.056 braids_recall_03: 0.717 braids_f1_03: 0.094 braids_precision_04: 0.114 braids_recall_04: 0.557 braids_f1_04: 0.149 braids_precision_05: 0.230 braids_recall_05: 0.350 braids_f1_05: 0.214 braids_precision_06: 0.212 braids_recall_06: 0.221 braids_f1_06: 0.168 braids_precision_07: 0.197 braids_recall_07: 0.155 braids_f1_07: 0.138 braids_precision_08: 0.151 braids_recall_08: 0.093 braids_f1_08: 0.095 braids_precision_09: 0.082 braids_recall_09: 0.038 braids_f1_09: 0.045 minade_1: 1.490 minfde_1: 3.281 mr_1: 0.519 brier_fde_1: 3.281 minade_k: 0.737 minfde_k: 1.106 mr_k: 0.108 brier_fde_k: 1.716 
2025-04-26 06:14:01:[Validation] Avg. loss: 0.357182, time cost: 9.3 mins
2025-04-26 06:14:01:-- braids_precision_01: 0.016 braids_recall_01: 0.808 braids_f1_01: 0.031 braids_precision_02: 0.027 braids_recall_02: 0.745 braids_f1_02: 0.051 braids_precision_03: 0.040 braids_recall_03: 0.625 braids_f1_03: 0.069 braids_precision_04: 0.067 braids_recall_04: 0.460 braids_f1_04: 0.094 braids_precision_05: 0.167 braids_recall_05: 0.273 braids_f1_05: 0.157 braids_precision_06: 0.128 braids_recall_06: 0.127 braids_f1_06: 0.099 braids_precision_07: 0.114 braids_recall_07: 0.091 braids_f1_07: 0.080 braids_precision_08: 0.094 braids_recall_08: 0.059 braids_f1_08: 0.059 braids_precision_09: 0.078 braids_recall_09: 0.034 braids_f1_09: 0.043 minade_1: 1.301 minfde_1: 2.837 mr_1: 0.480 brier_fde_1: 2.837 minade_k: 0.680 minfde_k: 1.019 mr_k: 0.088 brier_fde_k: 1.612 
2025-04-26 06:14:01:
Epoch 27
2025-04-26 07:38:55:[Training] Avg. loss: 0.35026, time cost: 84.9 mins, lr: 0.000267, peak mem: 16341 MB
2025-04-26 07:38:55:-- braids_precision_01: 0.025 braids_recall_01: 0.858 braids_f1_01: 0.047 braids_precision_02: 0.040 braids_recall_02: 0.816 braids_f1_02: 0.072 braids_precision_03: 0.062 braids_recall_03: 0.721 braids_f1_03: 0.101 braids_precision_04: 0.100 braids_recall_04: 0.559 braids_f1_04: 0.136 braids_precision_05: 0.205 braids_recall_05: 0.358 braids_f1_05: 0.198 braids_precision_06: 0.200 braids_recall_06: 0.222 braids_f1_06: 0.162 braids_precision_07: 0.181 braids_recall_07: 0.159 braids_f1_07: 0.131 braids_precision_08: 0.140 braids_recall_08: 0.104 braids_f1_08: 0.092 braids_precision_09: 0.087 braids_recall_09: 0.054 braids_f1_09: 0.052 minade_1: 1.479 minfde_1: 3.255 mr_1: 0.513 brier_fde_1: 3.255 minade_k: 0.733 minfde_k: 1.098 mr_k: 0.106 brier_fde_k: 1.707 
2025-04-26 07:48:13:[Validation] Avg. loss: 0.359772, time cost: 9.29 mins
2025-04-26 07:48:13:-- braids_precision_01: 0.038 braids_recall_01: 0.811 braids_f1_01: 0.069 braids_precision_02: 0.061 braids_recall_02: 0.753 braids_f1_02: 0.103 braids_precision_03: 0.097 braids_recall_03: 0.641 braids_f1_03: 0.142 braids_precision_04: 0.148 braids_recall_04: 0.473 braids_f1_04: 0.175 braids_precision_05: 0.237 braids_recall_05: 0.263 braids_f1_05: 0.203 braids_precision_06: 0.182 braids_recall_06: 0.134 braids_f1_06: 0.129 braids_precision_07: 0.134 braids_recall_07: 0.085 braids_f1_07: 0.089 braids_precision_08: 0.080 braids_recall_08: 0.047 braids_f1_08: 0.049 braids_precision_09: 0.022 braids_recall_09: 0.016 braids_f1_09: 0.013 minade_1: 1.304 minfde_1: 2.832 mr_1: 0.477 brier_fde_1: 2.832 minade_k: 0.680 minfde_k: 1.012 mr_k: 0.090 brier_fde_k: 1.609 
2025-04-26 07:48:13:
Epoch 28
2025-04-26 09:13:00:[Training] Avg. loss: 0.347353, time cost: 84.8 mins, lr: 0.00025, peak mem: 17105 MB
2025-04-26 09:13:00:-- braids_precision_01: 0.031 braids_recall_01: 0.854 braids_f1_01: 0.059 braids_precision_02: 0.052 braids_recall_02: 0.817 braids_f1_02: 0.091 braids_precision_03: 0.082 braids_recall_03: 0.719 braids_f1_03: 0.128 braids_precision_04: 0.142 braids_recall_04: 0.563 braids_f1_04: 0.179 braids_precision_05: 0.272 braids_recall_05: 0.371 braids_f1_05: 0.250 braids_precision_06: 0.265 braids_recall_06: 0.224 braids_f1_06: 0.201 braids_precision_07: 0.225 braids_recall_07: 0.159 braids_f1_07: 0.155 braids_precision_08: 0.166 braids_recall_08: 0.103 braids_f1_08: 0.106 braids_precision_09: 0.099 braids_recall_09: 0.053 braids_f1_09: 0.057 minade_1: 1.473 minfde_1: 3.240 mr_1: 0.511 brier_fde_1: 3.240 minade_k: 0.730 minfde_k: 1.091 mr_k: 0.105 brier_fde_k: 1.701 
2025-04-26 09:22:19:[Validation] Avg. loss: 0.361201, time cost: 9.31 mins
2025-04-26 09:22:19:-- braids_precision_01: 0.023 braids_recall_01: 0.809 braids_f1_01: 0.043 braids_precision_02: 0.035 braids_recall_02: 0.746 braids_f1_02: 0.064 braids_precision_03: 0.050 braids_recall_03: 0.639 braids_f1_03: 0.085 braids_precision_04: 0.083 braids_recall_04: 0.495 braids_f1_04: 0.116 braids_precision_05: 0.170 braids_recall_05: 0.326 braids_f1_05: 0.169 braids_precision_06: 0.124 braids_recall_06: 0.140 braids_f1_06: 0.099 braids_precision_07: 0.091 braids_recall_07: 0.097 braids_f1_07: 0.068 braids_precision_08: 0.070 braids_recall_08: 0.074 braids_f1_08: 0.051 braids_precision_09: 0.072 braids_recall_09: 0.066 braids_f1_09: 0.050 minade_1: 1.317 minfde_1: 2.871 mr_1: 0.483 brier_fde_1: 2.871 minade_k: 0.690 minfde_k: 1.022 mr_k: 0.089 brier_fde_k: 1.621 
2025-04-26 09:22:19:
Epoch 29
2025-04-26 10:47:05:[Training] Avg. loss: 0.344319, time cost: 84.8 mins, lr: 0.000233, peak mem: 16132 MB
2025-04-26 10:47:05:-- braids_precision_01: 0.030 braids_recall_01: 0.856 braids_f1_01: 0.056 braids_precision_02: 0.044 braids_recall_02: 0.818 braids_f1_02: 0.080 braids_precision_03: 0.067 braids_recall_03: 0.727 braids_f1_03: 0.109 braids_precision_04: 0.106 braids_recall_04: 0.572 braids_f1_04: 0.144 braids_precision_05: 0.183 braids_recall_05: 0.371 braids_f1_05: 0.184 braids_precision_06: 0.189 braids_recall_06: 0.236 braids_f1_06: 0.159 braids_precision_07: 0.170 braids_recall_07: 0.169 braids_f1_07: 0.127 braids_precision_08: 0.130 braids_recall_08: 0.114 braids_f1_08: 0.089 braids_precision_09: 0.092 braids_recall_09: 0.068 braids_f1_09: 0.057 minade_1: 1.462 minfde_1: 3.217 mr_1: 0.508 brier_fde_1: 3.217 minade_k: 0.724 minfde_k: 1.080 mr_k: 0.103 brier_fde_k: 1.691 
2025-04-26 10:56:22:[Validation] Avg. loss: 0.356079, time cost: 9.28 mins
2025-04-26 10:56:22:-- braids_precision_01: 0.035 braids_recall_01: 0.821 braids_f1_01: 0.066 braids_precision_02: 0.061 braids_recall_02: 0.771 braids_f1_02: 0.105 braids_precision_03: 0.093 braids_recall_03: 0.657 braids_f1_03: 0.142 braids_precision_04: 0.143 braids_recall_04: 0.487 braids_f1_04: 0.176 braids_precision_05: 0.193 braids_recall_05: 0.299 braids_f1_05: 0.184 braids_precision_06: 0.155 braids_recall_06: 0.160 braids_f1_06: 0.123 braids_precision_07: 0.130 braids_recall_07: 0.112 braids_f1_07: 0.095 braids_precision_08: 0.103 braids_recall_08: 0.076 braids_f1_08: 0.068 braids_precision_09: 0.074 braids_recall_09: 0.047 braids_f1_09: 0.044 minade_1: 1.294 minfde_1: 2.822 mr_1: 0.477 brier_fde_1: 2.822 minade_k: 0.674 minfde_k: 1.002 mr_k: 0.089 brier_fde_k: 1.599 
2025-04-26 10:56:23:
Epoch 30
2025-04-26 12:21:10:[Training] Avg. loss: 0.342299, time cost: 84.8 mins, lr: 0.000217, peak mem: 16035 MB
2025-04-26 12:21:10:-- braids_precision_01: 0.030 braids_recall_01: 0.857 braids_f1_01: 0.057 braids_precision_02: 0.047 braids_recall_02: 0.817 braids_f1_02: 0.085 braids_precision_03: 0.069 braids_recall_03: 0.726 braids_f1_03: 0.113 braids_precision_04: 0.110 braids_recall_04: 0.576 braids_f1_04: 0.149 braids_precision_05: 0.200 braids_recall_05: 0.384 braids_f1_05: 0.201 braids_precision_06: 0.200 braids_recall_06: 0.246 braids_f1_06: 0.167 braids_precision_07: 0.185 braids_recall_07: 0.174 braids_f1_07: 0.137 braids_precision_08: 0.148 braids_recall_08: 0.116 braids_f1_08: 0.099 braids_precision_09: 0.089 braids_recall_09: 0.060 braids_f1_09: 0.054 minade_1: 1.460 minfde_1: 3.214 mr_1: 0.508 brier_fde_1: 3.214 minade_k: 0.721 minfde_k: 1.075 mr_k: 0.103 brier_fde_k: 1.684 
2025-04-26 12:30:27:[Validation] Avg. loss: 0.356509, time cost: 9.28 mins
2025-04-26 12:30:27:-- braids_precision_01: 0.029 braids_recall_01: 0.803 braids_f1_01: 0.056 braids_precision_02: 0.048 braids_recall_02: 0.748 braids_f1_02: 0.084 braids_precision_03: 0.070 braids_recall_03: 0.640 braids_f1_03: 0.110 braids_precision_04: 0.112 braids_recall_04: 0.505 braids_f1_04: 0.146 braids_precision_05: 0.216 braids_recall_05: 0.352 braids_f1_05: 0.207 braids_precision_06: 0.198 braids_recall_06: 0.195 braids_f1_06: 0.159 braids_precision_07: 0.159 braids_recall_07: 0.130 braids_f1_07: 0.117 braids_precision_08: 0.129 braids_recall_08: 0.094 braids_f1_08: 0.088 braids_precision_09: 0.102 braids_recall_09: 0.055 braids_f1_09: 0.061 minade_1: 1.291 minfde_1: 2.801 mr_1: 0.473 brier_fde_1: 2.801 minade_k: 0.674 minfde_k: 0.996 mr_k: 0.089 brier_fde_k: 1.600 
2025-04-26 12:30:27:Save the model to saved_models/20250424-131940_DGFNet_ckpt_epoch30.tar
2025-04-26 12:30:27:
Epoch 31
2025-04-26 01:55:15:[Training] Avg. loss: 0.338967, time cost: 84.8 mins, lr: 0.0002, peak mem: 16469 MB
2025-04-26 01:55:15:-- braids_precision_01: 0.029 braids_recall_01: 0.855 braids_f1_01: 0.055 braids_precision_02: 0.044 braids_recall_02: 0.816 braids_f1_02: 0.079 braids_precision_03: 0.065 braids_recall_03: 0.727 braids_f1_03: 0.107 braids_precision_04: 0.106 braids_recall_04: 0.581 braids_f1_04: 0.145 braids_precision_05: 0.193 braids_recall_05: 0.391 braids_f1_05: 0.195 braids_precision_06: 0.201 braids_recall_06: 0.258 braids_f1_06: 0.171 braids_precision_07: 0.182 braids_recall_07: 0.186 braids_f1_07: 0.139 braids_precision_08: 0.155 braids_recall_08: 0.135 braids_f1_08: 0.108 braids_precision_09: 0.132 braids_recall_09: 0.095 braids_f1_09: 0.084 minade_1: 1.448 minfde_1: 3.187 mr_1: 0.502 brier_fde_1: 3.187 minade_k: 0.717 minfde_k: 1.069 mr_k: 0.101 brier_fde_k: 1.677 
2025-04-26 02:04:32:[Validation] Avg. loss: 0.361645, time cost: 9.29 mins
2025-04-26 02:04:32:-- braids_precision_01: 0.034 braids_recall_01: 0.809 braids_f1_01: 0.063 braids_precision_02: 0.051 braids_recall_02: 0.756 braids_f1_02: 0.089 braids_precision_03: 0.074 braids_recall_03: 0.660 braids_f1_03: 0.117 braids_precision_04: 0.119 braids_recall_04: 0.524 braids_f1_04: 0.153 braids_precision_05: 0.184 braids_recall_05: 0.347 braids_f1_05: 0.183 braids_precision_06: 0.201 braids_recall_06: 0.213 braids_f1_06: 0.164 braids_precision_07: 0.162 braids_recall_07: 0.140 braids_f1_07: 0.121 braids_precision_08: 0.144 braids_recall_08: 0.108 braids_f1_08: 0.101 braids_precision_09: 0.126 braids_recall_09: 0.080 braids_f1_09: 0.083 minade_1: 1.339 minfde_1: 2.911 mr_1: 0.502 brier_fde_1: 2.911 minade_k: 0.680 minfde_k: 1.009 mr_k: 0.091 brier_fde_k: 1.614 
2025-04-26 02:04:32:
Epoch 32
2025-04-26 03:29:25:[Training] Avg. loss: 0.336369, time cost: 84.9 mins, lr: 0.000183, peak mem: 17312 MB
2025-04-26 03:29:25:-- braids_precision_01: 0.033 braids_recall_01: 0.861 braids_f1_01: 0.062 braids_precision_02: 0.052 braids_recall_02: 0.825 braids_f1_02: 0.092 braids_precision_03: 0.077 braids_recall_03: 0.736 braids_f1_03: 0.123 braids_precision_04: 0.121 braids_recall_04: 0.591 braids_f1_04: 0.162 braids_precision_05: 0.202 braids_recall_05: 0.401 braids_f1_05: 0.204 braids_precision_06: 0.204 braids_recall_06: 0.255 braids_f1_06: 0.172 braids_precision_07: 0.196 braids_recall_07: 0.188 braids_f1_07: 0.148 braids_precision_08: 0.198 braids_recall_08: 0.142 braids_f1_08: 0.133 braids_precision_09: 0.176 braids_recall_09: 0.094 braids_f1_09: 0.106 minade_1: 1.439 minfde_1: 3.169 mr_1: 0.501 brier_fde_1: 3.169 minade_k: 0.713 minfde_k: 1.060 mr_k: 0.100 brier_fde_k: 1.668 
2025-04-26 03:38:42:[Validation] Avg. loss: 0.35793, time cost: 9.28 mins
2025-04-26 03:38:42:-- braids_precision_01: 0.030 braids_recall_01: 0.810 braids_f1_01: 0.057 braids_precision_02: 0.047 braids_recall_02: 0.759 braids_f1_02: 0.084 braids_precision_03: 0.071 braids_recall_03: 0.666 braids_f1_03: 0.114 braids_precision_04: 0.116 braids_recall_04: 0.542 braids_f1_04: 0.155 braids_precision_05: 0.192 braids_recall_05: 0.386 braids_f1_05: 0.199 braids_precision_06: 0.179 braids_recall_06: 0.207 braids_f1_06: 0.151 braids_precision_07: 0.160 braids_recall_07: 0.153 braids_f1_07: 0.125 braids_precision_08: 0.176 braids_recall_08: 0.127 braids_f1_08: 0.126 braids_precision_09: 0.177 braids_recall_09: 0.094 braids_f1_09: 0.114 minade_1: 1.288 minfde_1: 2.801 mr_1: 0.470 brier_fde_1: 2.801 minade_k: 0.674 minfde_k: 0.992 mr_k: 0.086 brier_fde_k: 1.585 
2025-04-26 03:38:43:
Epoch 33
2025-04-26 05:03:24:[Training] Avg. loss: 0.333075, time cost: 84.7 mins, lr: 0.000167, peak mem: 16761 MB
2025-04-26 05:03:24:-- braids_precision_01: 0.030 braids_recall_01: 0.862 braids_f1_01: 0.057 braids_precision_02: 0.048 braids_recall_02: 0.827 braids_f1_02: 0.085 braids_precision_03: 0.072 braids_recall_03: 0.741 braids_f1_03: 0.116 braids_precision_04: 0.120 braids_recall_04: 0.601 braids_f1_04: 0.161 braids_precision_05: 0.213 braids_recall_05: 0.422 braids_f1_05: 0.217 braids_precision_06: 0.235 braids_recall_06: 0.270 braids_f1_06: 0.197 braids_precision_07: 0.241 braids_recall_07: 0.197 braids_f1_07: 0.177 braids_precision_08: 0.248 braids_recall_08: 0.147 braids_f1_08: 0.162 braids_precision_09: 0.191 braids_recall_09: 0.090 braids_f1_09: 0.112 minade_1: 1.434 minfde_1: 3.163 mr_1: 0.500 brier_fde_1: 3.163 minade_k: 0.707 minfde_k: 1.052 mr_k: 0.098 brier_fde_k: 1.660 
2025-04-26 05:12:41:[Validation] Avg. loss: 0.355183, time cost: 9.28 mins
2025-04-26 05:12:41:-- braids_precision_01: 0.033 braids_recall_01: 0.804 braids_f1_01: 0.062 braids_precision_02: 0.047 braids_recall_02: 0.759 braids_f1_02: 0.083 braids_precision_03: 0.060 braids_recall_03: 0.664 braids_f1_03: 0.098 braids_precision_04: 0.088 braids_recall_04: 0.532 braids_f1_04: 0.123 braids_precision_05: 0.140 braids_recall_05: 0.365 braids_f1_05: 0.153 braids_precision_06: 0.176 braids_recall_06: 0.197 braids_f1_06: 0.146 braids_precision_07: 0.168 braids_recall_07: 0.129 braids_f1_07: 0.123 braids_precision_08: 0.165 braids_recall_08: 0.092 braids_f1_08: 0.108 braids_precision_09: 0.082 braids_recall_09: 0.037 braids_f1_09: 0.048 minade_1: 1.289 minfde_1: 2.805 mr_1: 0.471 brier_fde_1: 2.805 minade_k: 0.673 minfde_k: 0.993 mr_k: 0.086 brier_fde_k: 1.592 
2025-04-26 05:12:41:
Epoch 34
2025-04-26 06:37:30:[Training] Avg. loss: 0.33062, time cost: 84.8 mins, lr: 0.00015, peak mem: 16924 MB
2025-04-26 06:37:30:-- braids_precision_01: 0.031 braids_recall_01: 0.859 braids_f1_01: 0.059 braids_precision_02: 0.049 braids_recall_02: 0.826 braids_f1_02: 0.088 braids_precision_03: 0.073 braids_recall_03: 0.747 braids_f1_03: 0.119 braids_precision_04: 0.116 braids_recall_04: 0.610 braids_f1_04: 0.159 braids_precision_05: 0.200 braids_recall_05: 0.424 braids_f1_05: 0.208 braids_precision_06: 0.222 braids_recall_06: 0.272 braids_f1_06: 0.189 braids_precision_07: 0.226 braids_recall_07: 0.204 braids_f1_07: 0.169 braids_precision_08: 0.213 braids_recall_08: 0.153 braids_f1_08: 0.144 braids_precision_09: 0.171 braids_recall_09: 0.097 braids_f1_09: 0.103 minade_1: 1.428 minfde_1: 3.151 mr_1: 0.497 brier_fde_1: 3.151 minade_k: 0.704 minfde_k: 1.046 mr_k: 0.098 brier_fde_k: 1.655 
2025-04-26 06:46:47:[Validation] Avg. loss: 0.355297, time cost: 9.3 mins
2025-04-26 06:46:47:-- braids_precision_01: 0.037 braids_recall_01: 0.794 braids_f1_01: 0.067 braids_precision_02: 0.054 braids_recall_02: 0.724 braids_f1_02: 0.092 braids_precision_03: 0.077 braids_recall_03: 0.626 braids_f1_03: 0.118 braids_precision_04: 0.124 braids_recall_04: 0.499 braids_f1_04: 0.157 braids_precision_05: 0.195 braids_recall_05: 0.345 braids_f1_05: 0.192 braids_precision_06: 0.205 braids_recall_06: 0.208 braids_f1_06: 0.167 braids_precision_07: 0.178 braids_recall_07: 0.140 braids_f1_07: 0.131 braids_precision_08: 0.164 braids_recall_08: 0.109 braids_f1_08: 0.113 braids_precision_09: 0.133 braids_recall_09: 0.072 braids_f1_09: 0.083 minade_1: 1.277 minfde_1: 2.771 mr_1: 0.465 brier_fde_1: 2.771 minade_k: 0.667 minfde_k: 0.975 mr_k: 0.086 brier_fde_k: 1.572 
2025-04-26 06:46:48:
Epoch 35
2025-04-26 08:11:41:[Training] Avg. loss: 0.327418, time cost: 84.9 mins, lr: 0.000133, peak mem: 16173 MB
2025-04-26 08:11:41:-- braids_precision_01: 0.031 braids_recall_01: 0.862 braids_f1_01: 0.059 braids_precision_02: 0.052 braids_recall_02: 0.829 braids_f1_02: 0.092 braids_precision_03: 0.080 braids_recall_03: 0.750 braids_f1_03: 0.128 braids_precision_04: 0.131 braids_recall_04: 0.614 braids_f1_04: 0.174 braids_precision_05: 0.208 braids_recall_05: 0.428 braids_f1_05: 0.214 braids_precision_06: 0.234 braids_recall_06: 0.285 braids_f1_06: 0.200 braids_precision_07: 0.247 braids_recall_07: 0.213 braids_f1_07: 0.185 braids_precision_08: 0.241 braids_recall_08: 0.158 braids_f1_08: 0.162 braids_precision_09: 0.191 braids_recall_09: 0.098 braids_f1_09: 0.113 minade_1: 1.417 minfde_1: 3.129 mr_1: 0.495 brier_fde_1: 3.129 minade_k: 0.699 minfde_k: 1.038 mr_k: 0.095 brier_fde_k: 1.647 
2025-04-26 08:20:57:[Validation] Avg. loss: 0.350606, time cost: 9.27 mins
2025-04-26 08:20:57:-- braids_precision_01: 0.025 braids_recall_01: 0.808 braids_f1_01: 0.048 braids_precision_02: 0.042 braids_recall_02: 0.745 braids_f1_02: 0.074 braids_precision_03: 0.063 braids_recall_03: 0.645 braids_f1_03: 0.102 braids_precision_04: 0.115 braids_recall_04: 0.502 braids_f1_04: 0.150 braids_precision_05: 0.193 braids_recall_05: 0.338 braids_f1_05: 0.188 braids_precision_06: 0.199 braids_recall_06: 0.213 braids_f1_06: 0.164 braids_precision_07: 0.171 braids_recall_07: 0.141 braids_f1_07: 0.127 braids_precision_08: 0.144 braids_recall_08: 0.104 braids_f1_08: 0.099 braids_precision_09: 0.121 braids_recall_09: 0.075 braids_f1_09: 0.077 minade_1: 1.264 minfde_1: 2.748 mr_1: 0.461 brier_fde_1: 2.748 minade_k: 0.664 minfde_k: 0.971 mr_k: 0.086 brier_fde_k: 1.573 
2025-04-26 08:20:57:
Epoch 36
2025-04-26 09:45:50:[Training] Avg. loss: 0.324815, time cost: 84.9 mins, lr: 0.000117, peak mem: 16572 MB
2025-04-26 09:45:50:-- braids_precision_01: 0.029 braids_recall_01: 0.862 braids_f1_01: 0.055 braids_precision_02: 0.046 braids_recall_02: 0.829 braids_f1_02: 0.083 braids_precision_03: 0.067 braids_recall_03: 0.751 braids_f1_03: 0.111 braids_precision_04: 0.110 braids_recall_04: 0.620 braids_f1_04: 0.154 braids_precision_05: 0.180 braids_recall_05: 0.441 braids_f1_05: 0.194 braids_precision_06: 0.202 braids_recall_06: 0.304 braids_f1_06: 0.183 braids_precision_07: 0.181 braids_recall_07: 0.223 braids_f1_07: 0.149 braids_precision_08: 0.158 braids_recall_08: 0.172 braids_f1_08: 0.121 braids_precision_09: 0.160 braids_recall_09: 0.144 braids_f1_09: 0.113 minade_1: 1.412 minfde_1: 3.117 mr_1: 0.494 brier_fde_1: 3.117 minade_k: 0.697 minfde_k: 1.034 mr_k: 0.094 brier_fde_k: 1.643 
2025-04-26 09:55:08:[Validation] Avg. loss: 0.354348, time cost: 9.3 mins
2025-04-26 09:55:08:-- braids_precision_01: 0.033 braids_recall_01: 0.800 braids_f1_01: 0.061 braids_precision_02: 0.048 braids_recall_02: 0.754 braids_f1_02: 0.084 braids_precision_03: 0.065 braids_recall_03: 0.654 braids_f1_03: 0.105 braids_precision_04: 0.105 braids_recall_04: 0.531 braids_f1_04: 0.142 braids_precision_05: 0.152 braids_recall_05: 0.366 braids_f1_05: 0.162 braids_precision_06: 0.185 braids_recall_06: 0.245 braids_f1_06: 0.163 braids_precision_07: 0.155 braids_recall_07: 0.166 braids_f1_07: 0.125 braids_precision_08: 0.133 braids_recall_08: 0.124 braids_f1_08: 0.099 braids_precision_09: 0.131 braids_recall_09: 0.104 braids_f1_09: 0.092 minade_1: 1.274 minfde_1: 2.769 mr_1: 0.470 brier_fde_1: 2.769 minade_k: 0.667 minfde_k: 0.975 mr_k: 0.083 brier_fde_k: 1.578 
2025-04-26 09:55:08:
Epoch 37
2025-04-26 11:19:55:[Training] Avg. loss: 0.321596, time cost: 84.8 mins, lr: 0.0001, peak mem: 16814 MB
2025-04-26 11:19:55:-- braids_precision_01: 0.032 braids_recall_01: 0.861 braids_f1_01: 0.060 braids_precision_02: 0.048 braids_recall_02: 0.830 braids_f1_02: 0.087 braids_precision_03: 0.069 braids_recall_03: 0.753 braids_f1_03: 0.115 braids_precision_04: 0.106 braids_recall_04: 0.624 braids_f1_04: 0.149 braids_precision_05: 0.159 braids_recall_05: 0.444 braids_f1_05: 0.177 braids_precision_06: 0.183 braids_recall_06: 0.306 braids_f1_06: 0.171 braids_precision_07: 0.177 braids_recall_07: 0.233 braids_f1_07: 0.150 braids_precision_08: 0.158 braids_recall_08: 0.178 braids_f1_08: 0.123 braids_precision_09: 0.151 braids_recall_09: 0.139 braids_f1_09: 0.107 minade_1: 1.404 minfde_1: 3.101 mr_1: 0.491 brier_fde_1: 3.101 minade_k: 0.692 minfde_k: 1.026 mr_k: 0.094 brier_fde_k: 1.634 
2025-04-26 11:29:13:[Validation] Avg. loss: 0.351562, time cost: 9.29 mins
2025-04-26 11:29:13:-- braids_precision_01: 0.031 braids_recall_01: 0.808 braids_f1_01: 0.057 braids_precision_02: 0.048 braids_recall_02: 0.765 braids_f1_02: 0.085 braids_precision_03: 0.070 braids_recall_03: 0.674 braids_f1_03: 0.112 braids_precision_04: 0.104 braids_recall_04: 0.543 braids_f1_04: 0.142 braids_precision_05: 0.145 braids_recall_05: 0.380 braids_f1_05: 0.159 braids_precision_06: 0.174 braids_recall_06: 0.249 braids_f1_06: 0.157 braids_precision_07: 0.152 braids_recall_07: 0.169 braids_f1_07: 0.124 braids_precision_08: 0.137 braids_recall_08: 0.123 braids_f1_08: 0.102 braids_precision_09: 0.129 braids_recall_09: 0.097 braids_f1_09: 0.090 minade_1: 1.273 minfde_1: 2.768 mr_1: 0.466 brier_fde_1: 2.768 minade_k: 0.664 minfde_k: 0.975 mr_k: 0.082 brier_fde_k: 1.569 
2025-04-26 11:29:13:
Epoch 38
2025-04-27 12:54:02:[Training] Avg. loss: 0.319198, time cost: 84.8 mins, lr: 8.33e-05, peak mem: 17126 MB
2025-04-27 12:54:02:-- braids_precision_01: 0.030 braids_recall_01: 0.864 braids_f1_01: 0.057 braids_precision_02: 0.047 braids_recall_02: 0.833 braids_f1_02: 0.085 braids_precision_03: 0.067 braids_recall_03: 0.757 braids_f1_03: 0.112 braids_precision_04: 0.098 braids_recall_04: 0.629 braids_f1_04: 0.141 braids_precision_05: 0.141 braids_recall_05: 0.458 braids_f1_05: 0.165 braids_precision_06: 0.176 braids_recall_06: 0.320 braids_f1_06: 0.170 braids_precision_07: 0.170 braids_recall_07: 0.239 braids_f1_07: 0.148 braids_precision_08: 0.153 braids_recall_08: 0.184 braids_f1_08: 0.122 braids_precision_09: 0.149 braids_recall_09: 0.144 braids_f1_09: 0.108 minade_1: 1.401 minfde_1: 3.097 mr_1: 0.489 brier_fde_1: 3.097 minade_k: 0.689 minfde_k: 1.022 mr_k: 0.092 brier_fde_k: 1.631 
2025-04-27 01:03:19:[Validation] Avg. loss: 0.349286, time cost: 9.28 mins
2025-04-27 01:03:19:-- braids_precision_01: 0.026 braids_recall_01: 0.808 braids_f1_01: 0.049 braids_precision_02: 0.038 braids_recall_02: 0.758 braids_f1_02: 0.069 braids_precision_03: 0.048 braids_recall_03: 0.660 braids_f1_03: 0.082 braids_precision_04: 0.065 braids_recall_04: 0.533 braids_f1_04: 0.098 braids_precision_05: 0.096 braids_recall_05: 0.382 braids_f1_05: 0.115 braids_precision_06: 0.122 braids_recall_06: 0.224 braids_f1_06: 0.116 braids_precision_07: 0.099 braids_recall_07: 0.154 braids_f1_07: 0.087 braids_precision_08: 0.084 braids_recall_08: 0.123 braids_f1_08: 0.072 braids_precision_09: 0.085 braids_recall_09: 0.110 braids_f1_09: 0.070 minade_1: 1.268 minfde_1: 2.757 mr_1: 0.463 brier_fde_1: 2.757 minade_k: 0.661 minfde_k: 0.963 mr_k: 0.082 brier_fde_k: 1.561 
2025-04-27 01:03:20:
Epoch 39
2025-04-27 02:28:09:[Training] Avg. loss: 0.316392, time cost: 84.8 mins, lr: 6.67e-05, peak mem: 15996 MB
2025-04-27 02:28:09:-- braids_precision_01: 0.031 braids_recall_01: 0.862 braids_f1_01: 0.059 braids_precision_02: 0.049 braids_recall_02: 0.829 braids_f1_02: 0.087 braids_precision_03: 0.069 braids_recall_03: 0.754 braids_f1_03: 0.115 braids_precision_04: 0.103 braids_recall_04: 0.636 braids_f1_04: 0.147 braids_precision_05: 0.159 braids_recall_05: 0.467 braids_f1_05: 0.181 braids_precision_06: 0.192 braids_recall_06: 0.335 braids_f1_06: 0.184 braids_precision_07: 0.171 braids_recall_07: 0.252 braids_f1_07: 0.150 braids_precision_08: 0.149 braids_recall_08: 0.201 braids_f1_08: 0.124 braids_precision_09: 0.134 braids_recall_09: 0.162 braids_f1_09: 0.105 minade_1: 1.395 minfde_1: 3.087 mr_1: 0.488 brier_fde_1: 3.087 minade_k: 0.685 minfde_k: 1.016 mr_k: 0.092 brier_fde_k: 1.627 
2025-04-27 02:37:26:[Validation] Avg. loss: 0.349014, time cost: 9.29 mins
2025-04-27 02:37:26:-- braids_precision_01: 0.032 braids_recall_01: 0.801 braids_f1_01: 0.059 braids_precision_02: 0.046 braids_recall_02: 0.737 braids_f1_02: 0.081 braids_precision_03: 0.060 braids_recall_03: 0.616 braids_f1_03: 0.096 braids_precision_04: 0.081 braids_recall_04: 0.473 braids_f1_04: 0.112 braids_precision_05: 0.109 braids_recall_05: 0.307 braids_f1_05: 0.118 braids_precision_06: 0.120 braids_recall_06: 0.191 braids_f1_06: 0.109 braids_precision_07: 0.102 braids_recall_07: 0.144 braids_f1_07: 0.088 braids_precision_08: 0.084 braids_recall_08: 0.115 braids_f1_08: 0.071 braids_precision_09: 0.077 braids_recall_09: 0.093 braids_f1_09: 0.061 minade_1: 1.264 minfde_1: 2.750 mr_1: 0.460 brier_fde_1: 2.750 minade_k: 0.662 minfde_k: 0.959 mr_k: 0.082 brier_fde_k: 1.570 
2025-04-27 02:37:26:
Epoch 40
2025-04-27 04:02:13:[Training] Avg. loss: 0.31437, time cost: 84.8 mins, lr: 5e-05, peak mem: 17623 MB
2025-04-27 04:02:13:-- braids_precision_01: 0.034 braids_recall_01: 0.864 braids_f1_01: 0.063 braids_precision_02: 0.051 braids_recall_02: 0.833 braids_f1_02: 0.091 braids_precision_03: 0.072 braids_recall_03: 0.763 braids_f1_03: 0.118 braids_precision_04: 0.105 braids_recall_04: 0.645 braids_f1_04: 0.149 braids_precision_05: 0.151 braids_recall_05: 0.477 braids_f1_05: 0.175 braids_precision_06: 0.178 braids_recall_06: 0.341 braids_f1_06: 0.174 braids_precision_07: 0.162 braids_recall_07: 0.263 braids_f1_07: 0.147 braids_precision_08: 0.138 braids_recall_08: 0.210 braids_f1_08: 0.119 braids_precision_09: 0.125 braids_recall_09: 0.172 braids_f1_09: 0.102 minade_1: 1.387 minfde_1: 3.072 mr_1: 0.486 brier_fde_1: 3.072 minade_k: 0.682 minfde_k: 1.010 mr_k: 0.091 brier_fde_k: 1.619 
2025-04-27 04:11:30:[Validation] Avg. loss: 0.349469, time cost: 9.27 mins
2025-04-27 04:11:30:-- braids_precision_01: 0.032 braids_recall_01: 0.805 braids_f1_01: 0.059 braids_precision_02: 0.047 braids_recall_02: 0.755 braids_f1_02: 0.083 braids_precision_03: 0.063 braids_recall_03: 0.655 braids_f1_03: 0.103 braids_precision_04: 0.097 braids_recall_04: 0.530 braids_f1_04: 0.134 braids_precision_05: 0.143 braids_recall_05: 0.363 braids_f1_05: 0.154 braids_precision_06: 0.159 braids_recall_06: 0.211 braids_f1_06: 0.138 braids_precision_07: 0.125 braids_recall_07: 0.145 braids_f1_07: 0.101 braids_precision_08: 0.105 braids_recall_08: 0.114 braids_f1_08: 0.082 braids_precision_09: 0.091 braids_recall_09: 0.094 braids_f1_09: 0.068 minade_1: 1.260 minfde_1: 2.745 mr_1: 0.459 brier_fde_1: 2.745 minade_k: 0.660 minfde_k: 0.956 mr_k: 0.081 brier_fde_k: 1.560 
2025-04-27 04:11:30:Save the model to saved_models/20250424-131940_DGFNet_ckpt_epoch40.tar
2025-04-27 04:11:30:
Epoch 41
2025-04-27 05:36:20:[Training] Avg. loss: 0.312757, time cost: 84.8 mins, lr: 5e-05, peak mem: 16085 MB
2025-04-27 05:36:20:-- braids_precision_01: 0.037 braids_recall_01: 0.860 braids_f1_01: 0.070 braids_precision_02: 0.056 braids_recall_02: 0.831 braids_f1_02: 0.099 braids_precision_03: 0.080 braids_recall_03: 0.762 braids_f1_03: 0.129 braids_precision_04: 0.120 braids_recall_04: 0.644 braids_f1_04: 0.166 braids_precision_05: 0.171 braids_recall_05: 0.480 braids_f1_05: 0.193 braids_precision_06: 0.205 braids_recall_06: 0.349 braids_f1_06: 0.195 braids_precision_07: 0.193 braids_recall_07: 0.262 braids_f1_07: 0.166 braids_precision_08: 0.165 braids_recall_08: 0.202 braids_f1_08: 0.133 braids_precision_09: 0.138 braids_recall_09: 0.148 braids_f1_09: 0.103 minade_1: 1.385 minfde_1: 3.069 mr_1: 0.486 brier_fde_1: 3.069 minade_k: 0.679 minfde_k: 1.007 mr_k: 0.089 brier_fde_k: 1.617 
2025-04-27 05:45:36:[Validation] Avg. loss: 0.352183, time cost: 9.28 mins
2025-04-27 05:45:36:-- braids_precision_01: 0.031 braids_recall_01: 0.801 braids_f1_01: 0.058 braids_precision_02: 0.044 braids_recall_02: 0.745 braids_f1_02: 0.078 braids_precision_03: 0.056 braids_recall_03: 0.649 braids_f1_03: 0.094 braids_precision_04: 0.080 braids_recall_04: 0.523 braids_f1_04: 0.115 braids_precision_05: 0.112 braids_recall_05: 0.374 braids_f1_05: 0.131 braids_precision_06: 0.145 braids_recall_06: 0.259 braids_f1_06: 0.138 braids_precision_07: 0.148 braids_recall_07: 0.195 braids_f1_07: 0.126 braids_precision_08: 0.123 braids_recall_08: 0.148 braids_f1_08: 0.100 braids_precision_09: 0.110 braids_recall_09: 0.116 braids_f1_09: 0.085 minade_1: 1.269 minfde_1: 2.757 mr_1: 0.464 brier_fde_1: 2.757 minade_k: 0.661 minfde_k: 0.957 mr_k: 0.081 brier_fde_k: 1.563 
2025-04-27 05:45:36:
Epoch 42
2025-04-27 07:10:28:[Training] Avg. loss: 0.312676, time cost: 84.9 mins, lr: 5e-05, peak mem: 17275 MB
2025-04-27 07:10:28:-- braids_precision_01: 0.037 braids_recall_01: 0.862 braids_f1_01: 0.069 braids_precision_02: 0.054 braids_recall_02: 0.832 braids_f1_02: 0.097 braids_precision_03: 0.077 braids_recall_03: 0.763 braids_f1_03: 0.126 braids_precision_04: 0.113 braids_recall_04: 0.646 braids_f1_04: 0.158 braids_precision_05: 0.152 braids_recall_05: 0.485 braids_f1_05: 0.179 braids_precision_06: 0.178 braids_recall_06: 0.355 braids_f1_06: 0.177 braids_precision_07: 0.173 braids_recall_07: 0.270 braids_f1_07: 0.155 braids_precision_08: 0.149 braids_recall_08: 0.215 braids_f1_08: 0.127 braids_precision_09: 0.136 braids_recall_09: 0.174 braids_f1_09: 0.109 minade_1: 1.386 minfde_1: 3.071 mr_1: 0.486 brier_fde_1: 3.071 minade_k: 0.679 minfde_k: 1.008 mr_k: 0.090 brier_fde_k: 1.617 
2025-04-27 07:19:45:[Validation] Avg. loss: 0.353566, time cost: 9.29 mins
2025-04-27 07:19:45:-- braids_precision_01: 0.041 braids_recall_01: 0.793 braids_f1_01: 0.075 braids_precision_02: 0.063 braids_recall_02: 0.722 braids_f1_02: 0.104 braids_precision_03: 0.088 braids_recall_03: 0.606 braids_f1_03: 0.132 braids_precision_04: 0.130 braids_recall_04: 0.468 braids_f1_04: 0.160 braids_precision_05: 0.160 braids_recall_05: 0.311 braids_f1_05: 0.159 braids_precision_06: 0.163 braids_recall_06: 0.207 braids_f1_06: 0.140 braids_precision_07: 0.134 braids_recall_07: 0.151 braids_f1_07: 0.108 braids_precision_08: 0.113 braids_recall_08: 0.120 braids_f1_08: 0.089 braids_precision_09: 0.108 braids_recall_09: 0.101 braids_f1_09: 0.080 minade_1: 1.259 minfde_1: 2.735 mr_1: 0.457 brier_fde_1: 2.735 minade_k: 0.661 minfde_k: 0.957 mr_k: 0.082 brier_fde_k: 1.565 
2025-04-27 07:19:45:
Epoch 43
2025-04-27 08:44:35:[Training] Avg. loss: 0.312106, time cost: 84.8 mins, lr: 5e-05, peak mem: 16994 MB
2025-04-27 08:44:35:-- braids_precision_01: 0.040 braids_recall_01: 0.867 braids_f1_01: 0.073 braids_precision_02: 0.061 braids_recall_02: 0.838 braids_f1_02: 0.106 braids_precision_03: 0.089 braids_recall_03: 0.769 braids_f1_03: 0.141 braids_precision_04: 0.129 braids_recall_04: 0.650 braids_f1_04: 0.175 braids_precision_05: 0.167 braids_recall_05: 0.488 braids_f1_05: 0.190 braids_precision_06: 0.193 braids_recall_06: 0.358 braids_f1_06: 0.187 braids_precision_07: 0.180 braids_recall_07: 0.270 braids_f1_07: 0.160 braids_precision_08: 0.158 braids_recall_08: 0.215 braids_f1_08: 0.133 braids_precision_09: 0.150 braids_recall_09: 0.179 braids_f1_09: 0.119 minade_1: 1.385 minfde_1: 3.072 mr_1: 0.486 brier_fde_1: 3.072 minade_k: 0.678 minfde_k: 1.006 mr_k: 0.090 brier_fde_k: 1.614 
2025-04-27 08:53:51:[Validation] Avg. loss: 0.350393, time cost: 9.27 mins
2025-04-27 08:53:51:-- braids_precision_01: 0.035 braids_recall_01: 0.807 braids_f1_01: 0.065 braids_precision_02: 0.054 braids_recall_02: 0.757 braids_f1_02: 0.094 braids_precision_03: 0.076 braids_recall_03: 0.664 braids_f1_03: 0.121 braids_precision_04: 0.109 braids_recall_04: 0.546 braids_f1_04: 0.149 braids_precision_05: 0.141 braids_recall_05: 0.394 braids_f1_05: 0.158 braids_precision_06: 0.154 braids_recall_06: 0.239 braids_f1_06: 0.139 braids_precision_07: 0.123 braids_recall_07: 0.163 braids_f1_07: 0.103 braids_precision_08: 0.105 braids_recall_08: 0.130 braids_f1_08: 0.086 braids_precision_09: 0.107 braids_recall_09: 0.114 braids_f1_09: 0.082 minade_1: 1.260 minfde_1: 2.740 mr_1: 0.461 brier_fde_1: 2.740 minade_k: 0.659 minfde_k: 0.956 mr_k: 0.081 brier_fde_k: 1.561 
2025-04-27 08:53:51:
Epoch 44
2025-04-27 10:18:39:[Training] Avg. loss: 0.311765, time cost: 84.8 mins, lr: 5e-05, peak mem: 16369 MB
2025-04-27 10:18:39:-- braids_precision_01: 0.039 braids_recall_01: 0.867 braids_f1_01: 0.072 braids_precision_02: 0.059 braids_recall_02: 0.838 braids_f1_02: 0.104 braids_precision_03: 0.086 braids_recall_03: 0.768 braids_f1_03: 0.136 braids_precision_04: 0.124 braids_recall_04: 0.655 braids_f1_04: 0.171 braids_precision_05: 0.158 braids_recall_05: 0.502 braids_f1_05: 0.185 braids_precision_06: 0.187 braids_recall_06: 0.367 braids_f1_06: 0.186 braids_precision_07: 0.175 braids_recall_07: 0.275 braids_f1_07: 0.157 braids_precision_08: 0.148 braids_recall_08: 0.218 braids_f1_08: 0.127 braids_precision_09: 0.135 braids_recall_09: 0.180 braids_f1_09: 0.109 minade_1: 1.383 minfde_1: 3.066 mr_1: 0.485 brier_fde_1: 3.066 minade_k: 0.677 minfde_k: 1.004 mr_k: 0.090 brier_fde_k: 1.613 
2025-04-27 10:27:56:[Validation] Avg. loss: 0.356347, time cost: 9.28 mins
2025-04-27 10:27:56:-- braids_precision_01: 0.033 braids_recall_01: 0.802 braids_f1_01: 0.061 braids_precision_02: 0.049 braids_recall_02: 0.752 braids_f1_02: 0.086 braids_precision_03: 0.065 braids_recall_03: 0.647 braids_f1_03: 0.105 braids_precision_04: 0.091 braids_recall_04: 0.524 braids_f1_04: 0.125 braids_precision_05: 0.113 braids_recall_05: 0.378 braids_f1_05: 0.130 braids_precision_06: 0.136 braids_recall_06: 0.281 braids_f1_06: 0.134 braids_precision_07: 0.133 braids_recall_07: 0.210 braids_f1_07: 0.121 braids_precision_08: 0.109 braids_recall_08: 0.165 braids_f1_08: 0.096 braids_precision_09: 0.097 braids_recall_09: 0.142 braids_f1_09: 0.084 minade_1: 1.261 minfde_1: 2.738 mr_1: 0.459 brier_fde_1: 2.738 minade_k: 0.661 minfde_k: 0.960 mr_k: 0.081 brier_fde_k: 1.560 
2025-04-27 10:27:56:
Epoch 45
2025-04-27 11:52:49:[Training] Avg. loss: 0.311095, time cost: 84.9 mins, lr: 5e-05, peak mem: 16650 MB
2025-04-27 11:52:49:-- braids_precision_01: 0.040 braids_recall_01: 0.864 braids_f1_01: 0.075 braids_precision_02: 0.059 braids_recall_02: 0.836 braids_f1_02: 0.104 braids_precision_03: 0.085 braids_recall_03: 0.763 braids_f1_03: 0.134 braids_precision_04: 0.120 braids_recall_04: 0.650 braids_f1_04: 0.166 braids_precision_05: 0.157 braids_recall_05: 0.496 braids_f1_05: 0.184 braids_precision_06: 0.185 braids_recall_06: 0.371 braids_f1_06: 0.185 braids_precision_07: 0.185 braids_recall_07: 0.285 braids_f1_07: 0.166 braids_precision_08: 0.163 braids_recall_08: 0.231 braids_f1_08: 0.140 braids_precision_09: 0.146 braids_recall_09: 0.192 braids_f1_09: 0.119 minade_1: 1.384 minfde_1: 3.069 mr_1: 0.486 brier_fde_1: 3.069 minade_k: 0.677 minfde_k: 1.003 mr_k: 0.089 brier_fde_k: 1.612 
2025-04-27 12:02:07:[Validation] Avg. loss: 0.35856, time cost: 9.31 mins
2025-04-27 12:02:07:-- braids_precision_01: 0.043 braids_recall_01: 0.794 braids_f1_01: 0.078 braids_precision_02: 0.061 braids_recall_02: 0.730 braids_f1_02: 0.102 braids_precision_03: 0.078 braids_recall_03: 0.626 braids_f1_03: 0.122 braids_precision_04: 0.109 braids_recall_04: 0.497 braids_f1_04: 0.144 braids_precision_05: 0.139 braids_recall_05: 0.362 braids_f1_05: 0.153 braids_precision_06: 0.158 braids_recall_06: 0.257 braids_f1_06: 0.149 braids_precision_07: 0.146 braids_recall_07: 0.188 braids_f1_07: 0.125 braids_precision_08: 0.128 braids_recall_08: 0.150 braids_f1_08: 0.103 braids_precision_09: 0.118 braids_recall_09: 0.127 braids_f1_09: 0.092 minade_1: 1.259 minfde_1: 2.736 mr_1: 0.458 brier_fde_1: 2.736 minade_k: 0.660 minfde_k: 0.956 mr_k: 0.081 brier_fde_k: 1.554 
2025-04-27 12:02:08:
Epoch 46
2025-04-27 01:26:53:[Training] Avg. loss: 0.310251, time cost: 84.7 mins, lr: 5e-05, peak mem: 16231 MB
2025-04-27 01:26:53:-- braids_precision_01: 0.040 braids_recall_01: 0.866 braids_f1_01: 0.074 braids_precision_02: 0.058 braids_recall_02: 0.837 braids_f1_02: 0.102 braids_precision_03: 0.081 braids_recall_03: 0.769 braids_f1_03: 0.130 braids_precision_04: 0.116 braids_recall_04: 0.657 braids_f1_04: 0.162 braids_precision_05: 0.152 braids_recall_05: 0.503 braids_f1_05: 0.180 braids_precision_06: 0.181 braids_recall_06: 0.375 braids_f1_06: 0.182 braids_precision_07: 0.179 braids_recall_07: 0.287 braids_f1_07: 0.163 braids_precision_08: 0.154 braids_recall_08: 0.229 braids_f1_08: 0.134 braids_precision_09: 0.139 braids_recall_09: 0.182 braids_f1_09: 0.112 minade_1: 1.381 minfde_1: 3.063 mr_1: 0.486 brier_fde_1: 3.063 minade_k: 0.675 minfde_k: 0.998 mr_k: 0.088 brier_fde_k: 1.606 
2025-04-27 01:36:09:[Validation] Avg. loss: 0.359401, time cost: 9.28 mins
2025-04-27 01:36:09:-- braids_precision_01: 0.036 braids_recall_01: 0.805 braids_f1_01: 0.067 braids_precision_02: 0.051 braids_recall_02: 0.757 braids_f1_02: 0.089 braids_precision_03: 0.066 braids_recall_03: 0.672 braids_f1_03: 0.108 braids_precision_04: 0.088 braids_recall_04: 0.562 braids_f1_04: 0.127 braids_precision_05: 0.106 braids_recall_05: 0.413 braids_f1_05: 0.131 braids_precision_06: 0.129 braids_recall_06: 0.280 braids_f1_06: 0.129 braids_precision_07: 0.122 braids_recall_07: 0.194 braids_f1_07: 0.110 braids_precision_08: 0.106 braids_recall_08: 0.155 braids_f1_08: 0.091 braids_precision_09: 0.094 braids_recall_09: 0.129 braids_f1_09: 0.080 minade_1: 1.259 minfde_1: 2.734 mr_1: 0.457 brier_fde_1: 2.734 minade_k: 0.661 minfde_k: 0.958 mr_k: 0.082 brier_fde_k: 1.562 
2025-04-27 01:36:09:
Epoch 47

waiting